{"level":"debug","ts":1696251937.54566,"msg":"HERTZ: Method=POST   absolutePath=/api/v1/signup            --> handlerName=github.com/chuxin0816/bluebell/controller.RegisterHandler (num=2 handlers)"}
{"level":"debug","ts":1696251937.5458,"msg":"HERTZ: Method=POST   absolutePath=/api/v1/login             --> handlerName=github.com/chuxin0816/bluebell/controller.LoginHandler (num=2 handlers)"}
{"level":"debug","ts":1696251937.545818,"msg":"HERTZ: Method=GET    absolutePath=/api/v1/info              --> handlerName=github.com/chuxin0816/bluebell/controller.InfoHandler (num=3 handlers)"}
{"level":"debug","ts":1696251937.5508108,"msg":"HERTZ: Method=GET    absolutePath=/api/v1/community/        --> handlerName=github.com/chuxin0816/bluebell/controller.ICommunityController.List-fm (num=3 handlers)"}
{"level":"debug","ts":1696251937.550847,"msg":"HERTZ: Method=GET    absolutePath=/api/v1/community/:id     --> handlerName=github.com/chuxin0816/bluebell/controller.ICommunityController.Show-fm (num=3 handlers)"}
{"level":"debug","ts":1696251937.5572312,"msg":"HERTZ: Method=POST   absolutePath=/api/v1/post              --> handlerName=github.com/chuxin0816/bluebell/controller.IPostController.Create-fm (num=3 handlers)"}
{"level":"debug","ts":1696251937.557269,"msg":"HERTZ: Method=GET    absolutePath=/api/v1/:id               --> handlerName=github.com/chuxin0816/bluebell/controller.IPostController.Show-fm (num=3 handlers)"}
{"level":"debug","ts":1696251937.557288,"msg":"HERTZ: Method=GET    absolutePath=/api/v1/posts2            --> handlerName=github.com/chuxin0816/bluebell/controller.IPostController.List-fm (num=3 handlers)"}
{"level":"debug","ts":1696251937.557303,"msg":"HERTZ: Method=POST   absolutePath=/api/v1/vote              --> handlerName=github.com/chuxin0816/bluebell/controller.IPostController.Vote-fm (num=3 handlers)"}
{"level":"info","ts":1696251937.5574589,"msg":"HERTZ: Using network library=netpoll"}
{"level":"info","ts":1696251937.5575712,"msg":"HERTZ: HTTP server listening on address=127.0.0.1:8888"}
{"level":"error","ts":1696251968.844466,"msg":"Get post list with service error: 没有找到相关帖子"}
{"level":"error","ts":1696252035.021368,"msg":"Get post list with service error: 没有找到相关帖子"}
{"level":"error","ts":1696252192.4721122,"msg":"Get post list with service error: 没有找到相关帖子"}
{"level":"debug","ts":1696252240.4520829,"msg":"HERTZ: Method=POST   absolutePath=/api/v1/signup            --> handlerName=github.com/chuxin0816/bluebell/controller.RegisterHandler (num=2 handlers)"}
{"level":"debug","ts":1696252240.4522939,"msg":"HERTZ: Method=POST   absolutePath=/api/v1/login             --> handlerName=github.com/chuxin0816/bluebell/controller.LoginHandler (num=2 handlers)"}
{"level":"debug","ts":1696252240.4523158,"msg":"HERTZ: Method=GET    absolutePath=/api/v1/info              --> handlerName=github.com/chuxin0816/bluebell/controller.InfoHandler (num=3 handlers)"}
{"level":"debug","ts":1696252240.461796,"msg":"HERTZ: Method=GET    absolutePath=/api/v1/community/        --> handlerName=github.com/chuxin0816/bluebell/controller.ICommunityController.List-fm (num=3 handlers)"}
{"level":"debug","ts":1696252240.461856,"msg":"HERTZ: Method=GET    absolutePath=/api/v1/community/:id     --> handlerName=github.com/chuxin0816/bluebell/controller.ICommunityController.Show-fm (num=3 handlers)"}
{"level":"debug","ts":1696252240.468886,"msg":"HERTZ: Method=POST   absolutePath=/api/v1/post              --> handlerName=github.com/chuxin0816/bluebell/controller.IPostController.Create-fm (num=3 handlers)"}
{"level":"debug","ts":1696252240.4689338,"msg":"HERTZ: Method=GET    absolutePath=/api/v1/:id               --> handlerName=github.com/chuxin0816/bluebell/controller.IPostController.Show-fm (num=3 handlers)"}
{"level":"debug","ts":1696252240.4689522,"msg":"HERTZ: Method=GET    absolutePath=/api/v1/posts2            --> handlerName=github.com/chuxin0816/bluebell/controller.IPostController.List-fm (num=3 handlers)"}
{"level":"debug","ts":1696252240.468972,"msg":"HERTZ: Method=POST   absolutePath=/api/v1/vote              --> handlerName=github.com/chuxin0816/bluebell/controller.IPostController.Vote-fm (num=3 handlers)"}
{"level":"info","ts":1696252240.469156,"msg":"HERTZ: Using network library=netpoll"}
{"level":"info","ts":1696252240.469301,"msg":"HERTZ: HTTP server listening on address=127.0.0.1:8888"}
{"level":"info","ts":1696252242.829972,"msg":"GetPostList with ids: []"}
{"level":"error","ts":1696252242.830872,"msg":"Get post list with service error: 没有找到相关帖子"}
{"level":"debug","ts":1696252357.7356532,"msg":"HERTZ: Method=POST   absolutePath=/api/v1/signup            --> handlerName=github.com/chuxin0816/bluebell/controller.RegisterHandler (num=2 handlers)"}
{"level":"debug","ts":1696252357.735807,"msg":"HERTZ: Method=POST   absolutePath=/api/v1/login             --> handlerName=github.com/chuxin0816/bluebell/controller.LoginHandler (num=2 handlers)"}
{"level":"debug","ts":1696252357.735826,"msg":"HERTZ: Method=GET    absolutePath=/api/v1/info              --> handlerName=github.com/chuxin0816/bluebell/controller.InfoHandler (num=3 handlers)"}
{"level":"debug","ts":1696252357.743003,"msg":"HERTZ: Method=GET    absolutePath=/api/v1/community/        --> handlerName=github.com/chuxin0816/bluebell/controller.ICommunityController.List-fm (num=3 handlers)"}
{"level":"debug","ts":1696252357.743037,"msg":"HERTZ: Method=GET    absolutePath=/api/v1/community/:id     --> handlerName=github.com/chuxin0816/bluebell/controller.ICommunityController.Show-fm (num=3 handlers)"}
{"level":"debug","ts":1696252357.7498848,"msg":"HERTZ: Method=POST   absolutePath=/api/v1/post              --> handlerName=github.com/chuxin0816/bluebell/controller.IPostController.Create-fm (num=3 handlers)"}
{"level":"debug","ts":1696252357.749921,"msg":"HERTZ: Method=GET    absolutePath=/api/v1/:id               --> handlerName=github.com/chuxin0816/bluebell/controller.IPostController.Show-fm (num=3 handlers)"}
{"level":"debug","ts":1696252357.74994,"msg":"HERTZ: Method=GET    absolutePath=/api/v1/posts2            --> handlerName=github.com/chuxin0816/bluebell/controller.IPostController.List-fm (num=3 handlers)"}
{"level":"debug","ts":1696252357.749957,"msg":"HERTZ: Method=POST   absolutePath=/api/v1/vote              --> handlerName=github.com/chuxin0816/bluebell/controller.IPostController.Vote-fm (num=3 handlers)"}
{"level":"info","ts":1696252357.7501,"msg":"HERTZ: Using network library=netpoll"}
{"level":"info","ts":1696252357.750219,"msg":"HERTZ: HTTP server listening on address=127.0.0.1:8888"}
{"level":"info","ts":1696252359.888053,"msg":"GetPostList with ids: []"}
{"level":"error","ts":1696252359.8890529,"msg":"Get post list with service error: 没有找到相关帖子"}
{"level":"debug","ts":1696252394.8596978,"msg":"HERTZ: Method=POST   absolutePath=/api/v1/signup            --> handlerName=github.com/chuxin0816/bluebell/controller.RegisterHandler (num=2 handlers)"}
{"level":"debug","ts":1696252394.859821,"msg":"HERTZ: Method=POST   absolutePath=/api/v1/login             --> handlerName=github.com/chuxin0816/bluebell/controller.LoginHandler (num=2 handlers)"}
{"level":"debug","ts":1696252394.859835,"msg":"HERTZ: Method=GET    absolutePath=/api/v1/info              --> handlerName=github.com/chuxin0816/bluebell/controller.InfoHandler (num=3 handlers)"}
{"level":"debug","ts":1696252394.8656168,"msg":"HERTZ: Method=GET    absolutePath=/api/v1/community/        --> handlerName=github.com/chuxin0816/bluebell/controller.ICommunityController.List-fm (num=3 handlers)"}
{"level":"debug","ts":1696252394.8656352,"msg":"HERTZ: Method=GET    absolutePath=/api/v1/community/:id     --> handlerName=github.com/chuxin0816/bluebell/controller.ICommunityController.Show-fm (num=3 handlers)"}
{"level":"debug","ts":1696252394.8708239,"msg":"HERTZ: Method=POST   absolutePath=/api/v1/post              --> handlerName=github.com/chuxin0816/bluebell/controller.IPostController.Create-fm (num=3 handlers)"}
{"level":"debug","ts":1696252394.8708532,"msg":"HERTZ: Method=GET    absolutePath=/api/v1/:id               --> handlerName=github.com/chuxin0816/bluebell/controller.IPostController.Show-fm (num=3 handlers)"}
{"level":"debug","ts":1696252394.8708758,"msg":"HERTZ: Method=GET    absolutePath=/api/v1/posts2            --> handlerName=github.com/chuxin0816/bluebell/controller.IPostController.List-fm (num=3 handlers)"}
{"level":"debug","ts":1696252394.8708851,"msg":"HERTZ: Method=POST   absolutePath=/api/v1/vote              --> handlerName=github.com/chuxin0816/bluebell/controller.IPostController.Vote-fm (num=3 handlers)"}
{"level":"info","ts":1696252394.871009,"msg":"HERTZ: Using network library=netpoll"}
{"level":"info","ts":1696252394.871107,"msg":"HERTZ: HTTP server listening on address=127.0.0.1:8888"}
{"level":"info","ts":1696252396.878261,"msg":"GetPostList with ids: []"}
{"level":"error","ts":1696252396.879207,"msg":"Get post list with service error: 没有找到相关帖子"}
{"level":"debug","ts":1696252449.1192331,"msg":"HERTZ: Method=POST   absolutePath=/api/v1/signup            --> handlerName=github.com/chuxin0816/bluebell/controller.RegisterHandler (num=2 handlers)"}
{"level":"debug","ts":1696252449.11935,"msg":"HERTZ: Method=POST   absolutePath=/api/v1/login             --> handlerName=github.com/chuxin0816/bluebell/controller.LoginHandler (num=2 handlers)"}
{"level":"debug","ts":1696252449.119364,"msg":"HERTZ: Method=GET    absolutePath=/api/v1/info              --> handlerName=github.com/chuxin0816/bluebell/controller.InfoHandler (num=3 handlers)"}
{"level":"debug","ts":1696252449.125689,"msg":"HERTZ: Method=GET    absolutePath=/api/v1/community/        --> handlerName=github.com/chuxin0816/bluebell/controller.ICommunityController.List-fm (num=3 handlers)"}
{"level":"debug","ts":1696252449.125725,"msg":"HERTZ: Method=GET    absolutePath=/api/v1/community/:id     --> handlerName=github.com/chuxin0816/bluebell/controller.ICommunityController.Show-fm (num=3 handlers)"}
{"level":"debug","ts":1696252449.132117,"msg":"HERTZ: Method=POST   absolutePath=/api/v1/post              --> handlerName=github.com/chuxin0816/bluebell/controller.IPostController.Create-fm (num=3 handlers)"}
{"level":"debug","ts":1696252449.1321669,"msg":"HERTZ: Method=GET    absolutePath=/api/v1/:id               --> handlerName=github.com/chuxin0816/bluebell/controller.IPostController.Show-fm (num=3 handlers)"}
{"level":"debug","ts":1696252449.132185,"msg":"HERTZ: Method=GET    absolutePath=/api/v1/posts2            --> handlerName=github.com/chuxin0816/bluebell/controller.IPostController.List-fm (num=3 handlers)"}
{"level":"debug","ts":1696252449.1321971,"msg":"HERTZ: Method=POST   absolutePath=/api/v1/vote              --> handlerName=github.com/chuxin0816/bluebell/controller.IPostController.Vote-fm (num=3 handlers)"}
{"level":"info","ts":1696252449.1323562,"msg":"HERTZ: Using network library=netpoll"}
{"level":"info","ts":1696252449.1325362,"msg":"HERTZ: HTTP server listening on address=127.0.0.1:8888"}
{"level":"info","ts":1696252450.172723,"msg":"ids: []"}
{"level":"error","ts":1696252450.173617,"msg":"Get post list with service error: 没有找到相关帖子"}
{"level":"debug","ts":1696252476.067938,"msg":"HERTZ: Method=POST   absolutePath=/api/v1/signup            --> handlerName=github.com/chuxin0816/bluebell/controller.RegisterHandler (num=2 handlers)"}
{"level":"debug","ts":1696252476.0680509,"msg":"HERTZ: Method=POST   absolutePath=/api/v1/login             --> handlerName=github.com/chuxin0816/bluebell/controller.LoginHandler (num=2 handlers)"}
{"level":"debug","ts":1696252476.068064,"msg":"HERTZ: Method=GET    absolutePath=/api/v1/info              --> handlerName=github.com/chuxin0816/bluebell/controller.InfoHandler (num=3 handlers)"}
{"level":"debug","ts":1696252476.073795,"msg":"HERTZ: Method=GET    absolutePath=/api/v1/community/        --> handlerName=github.com/chuxin0816/bluebell/controller.ICommunityController.List-fm (num=3 handlers)"}
{"level":"debug","ts":1696252476.073811,"msg":"HERTZ: Method=GET    absolutePath=/api/v1/community/:id     --> handlerName=github.com/chuxin0816/bluebell/controller.ICommunityController.Show-fm (num=3 handlers)"}
{"level":"debug","ts":1696252476.0790882,"msg":"HERTZ: Method=POST   absolutePath=/api/v1/post              --> handlerName=github.com/chuxin0816/bluebell/controller.IPostController.Create-fm (num=3 handlers)"}
{"level":"debug","ts":1696252476.079133,"msg":"HERTZ: Method=GET    absolutePath=/api/v1/:id               --> handlerName=github.com/chuxin0816/bluebell/controller.IPostController.Show-fm (num=3 handlers)"}
{"level":"debug","ts":1696252476.0791428,"msg":"HERTZ: Method=GET    absolutePath=/api/v1/posts2            --> handlerName=github.com/chuxin0816/bluebell/controller.IPostController.List-fm (num=3 handlers)"}
{"level":"debug","ts":1696252476.07915,"msg":"HERTZ: Method=POST   absolutePath=/api/v1/vote              --> handlerName=github.com/chuxin0816/bluebell/controller.IPostController.Vote-fm (num=3 handlers)"}
{"level":"info","ts":1696252476.079278,"msg":"HERTZ: Using network library=netpoll"}
{"level":"info","ts":1696252476.079447,"msg":"HERTZ: HTTP server listening on address=127.0.0.1:8888"}
{"level":"info","ts":1696252477.932873,"msg":"ids: []"}
{"level":"error","ts":1696252477.933804,"msg":"Get post list with service error: 没有找到相关帖子"}
{"level":"debug","ts":1696252627.884511,"msg":"HERTZ: Method=POST   absolutePath=/api/v1/signup            --> handlerName=github.com/chuxin0816/bluebell/controller.RegisterHandler (num=2 handlers)"}
{"level":"debug","ts":1696252627.88463,"msg":"HERTZ: Method=POST   absolutePath=/api/v1/login             --> handlerName=github.com/chuxin0816/bluebell/controller.LoginHandler (num=2 handlers)"}
{"level":"debug","ts":1696252627.884643,"msg":"HERTZ: Method=GET    absolutePath=/api/v1/info              --> handlerName=github.com/chuxin0816/bluebell/controller.InfoHandler (num=3 handlers)"}
{"level":"debug","ts":1696252627.889837,"msg":"HERTZ: Method=GET    absolutePath=/api/v1/community/        --> handlerName=github.com/chuxin0816/bluebell/controller.ICommunityController.List-fm (num=3 handlers)"}
{"level":"debug","ts":1696252627.889858,"msg":"HERTZ: Method=GET    absolutePath=/api/v1/community/:id     --> handlerName=github.com/chuxin0816/bluebell/controller.ICommunityController.Show-fm (num=3 handlers)"}
{"level":"debug","ts":1696252627.895019,"msg":"HERTZ: Method=POST   absolutePath=/api/v1/post              --> handlerName=github.com/chuxin0816/bluebell/controller.IPostController.Create-fm (num=3 handlers)"}
{"level":"debug","ts":1696252627.895047,"msg":"HERTZ: Method=GET    absolutePath=/api/v1/:id               --> handlerName=github.com/chuxin0816/bluebell/controller.IPostController.Show-fm (num=3 handlers)"}
{"level":"debug","ts":1696252627.895058,"msg":"HERTZ: Method=GET    absolutePath=/api/v1/posts2            --> handlerName=github.com/chuxin0816/bluebell/controller.IPostController.List-fm (num=3 handlers)"}
{"level":"debug","ts":1696252627.895066,"msg":"HERTZ: Method=POST   absolutePath=/api/v1/vote              --> handlerName=github.com/chuxin0816/bluebell/controller.IPostController.Vote-fm (num=3 handlers)"}
{"level":"info","ts":1696252627.89516,"msg":"HERTZ: Using network library=netpoll"}
{"level":"info","ts":1696252627.8952472,"msg":"HERTZ: HTTP server listening on address=127.0.0.1:8888"}
{"level":"info","ts":1696252679.117483,"msg":"ids: []"}
{"level":"error","ts":1696252679.118405,"msg":"Get post list with service error: 没有找到相关帖子"}
{"level":"info","ts":1696252744.2579122,"msg":"ids: []"}
{"level":"error","ts":1696252744.25838,"msg":"Get post list with service error: 没有找到相关帖子"}
{"level":"info","ts":1696252753.434041,"msg":"ids: []"}
{"level":"error","ts":1696252753.434531,"msg":"Get post list with service error: 没有找到相关帖子"}
{"level":"debug","ts":1696252806.841835,"msg":"HERTZ: Method=POST   absolutePath=/api/v1/signup            --> handlerName=github.com/chuxin0816/bluebell/controller.RegisterHandler (num=2 handlers)"}
{"level":"debug","ts":1696252806.842058,"msg":"HERTZ: Method=POST   absolutePath=/api/v1/login             --> handlerName=github.com/chuxin0816/bluebell/controller.LoginHandler (num=2 handlers)"}
{"level":"debug","ts":1696252806.842106,"msg":"HERTZ: Method=GET    absolutePath=/api/v1/info              --> handlerName=github.com/chuxin0816/bluebell/controller.InfoHandler (num=3 handlers)"}
{"level":"debug","ts":1696252806.8496,"msg":"HERTZ: Method=GET    absolutePath=/api/v1/community/        --> handlerName=github.com/chuxin0816/bluebell/controller.ICommunityController.List-fm (num=3 handlers)"}
{"level":"debug","ts":1696252806.849647,"msg":"HERTZ: Method=GET    absolutePath=/api/v1/community/:id     --> handlerName=github.com/chuxin0816/bluebell/controller.ICommunityController.Show-fm (num=3 handlers)"}
{"level":"debug","ts":1696252806.855922,"msg":"HERTZ: Method=POST   absolutePath=/api/v1/post              --> handlerName=github.com/chuxin0816/bluebell/controller.IPostController.Create-fm (num=3 handlers)"}
{"level":"debug","ts":1696252806.855958,"msg":"HERTZ: Method=GET    absolutePath=/api/v1/:id               --> handlerName=github.com/chuxin0816/bluebell/controller.IPostController.Show-fm (num=3 handlers)"}
{"level":"debug","ts":1696252806.8559701,"msg":"HERTZ: Method=GET    absolutePath=/api/v1/posts2            --> handlerName=github.com/chuxin0816/bluebell/controller.IPostController.List-fm (num=3 handlers)"}
{"level":"debug","ts":1696252806.8559842,"msg":"HERTZ: Method=POST   absolutePath=/api/v1/vote              --> handlerName=github.com/chuxin0816/bluebell/controller.IPostController.Vote-fm (num=3 handlers)"}
{"level":"info","ts":1696252806.856128,"msg":"HERTZ: Using network library=netpoll"}
{"level":"info","ts":1696252806.856281,"msg":"HERTZ: HTTP server listening on address=127.0.0.1:8888"}
{"level":"info","ts":1696252808.271071,"msg":"ids: []"}
{"level":"error","ts":1696252808.271946,"msg":"Get post list with service error: 没有找到相关帖子"}
{"level":"info","ts":1696252830.204072,"msg":"ids: []"}
{"level":"error","ts":1696252830.205882,"msg":"Get post list with service error: 没有找到相关帖子"}
{"level":"debug","ts":1696252876.51537,"msg":"HERTZ: Method=POST   absolutePath=/api/v1/signup            --> handlerName=github.com/chuxin0816/bluebell/controller.RegisterHandler (num=2 handlers)"}
{"level":"debug","ts":1696252876.515487,"msg":"HERTZ: Method=POST   absolutePath=/api/v1/login             --> handlerName=github.com/chuxin0816/bluebell/controller.LoginHandler (num=2 handlers)"}
{"level":"debug","ts":1696252876.515502,"msg":"HERTZ: Method=GET    absolutePath=/api/v1/info              --> handlerName=github.com/chuxin0816/bluebell/controller.InfoHandler (num=3 handlers)"}
{"level":"debug","ts":1696252876.5229828,"msg":"HERTZ: Method=GET    absolutePath=/api/v1/community/        --> handlerName=github.com/chuxin0816/bluebell/controller.ICommunityController.List-fm (num=3 handlers)"}
{"level":"debug","ts":1696252876.5230029,"msg":"HERTZ: Method=GET    absolutePath=/api/v1/community/:id     --> handlerName=github.com/chuxin0816/bluebell/controller.ICommunityController.Show-fm (num=3 handlers)"}
{"level":"debug","ts":1696252876.5282362,"msg":"HERTZ: Method=POST   absolutePath=/api/v1/post              --> handlerName=github.com/chuxin0816/bluebell/controller.IPostController.Create-fm (num=3 handlers)"}
{"level":"debug","ts":1696252876.5282629,"msg":"HERTZ: Method=GET    absolutePath=/api/v1/:id               --> handlerName=github.com/chuxin0816/bluebell/controller.IPostController.Show-fm (num=3 handlers)"}
{"level":"debug","ts":1696252876.528275,"msg":"HERTZ: Method=GET    absolutePath=/api/v1/posts2            --> handlerName=github.com/chuxin0816/bluebell/controller.IPostController.List-fm (num=3 handlers)"}
{"level":"debug","ts":1696252876.528285,"msg":"HERTZ: Method=POST   absolutePath=/api/v1/vote              --> handlerName=github.com/chuxin0816/bluebell/controller.IPostController.Vote-fm (num=3 handlers)"}
{"level":"info","ts":1696252876.52837,"msg":"HERTZ: Using network library=netpoll"}
{"level":"info","ts":1696252876.528466,"msg":"HERTZ: HTTP server listening on address=127.0.0.1:8888"}
{"level":"info","ts":1696252878.5966249,"msg":"ppl: &{1 5 time 0}"}
{"level":"info","ts":1696252878.597399,"msg":"ids: []"}
{"level":"error","ts":1696252878.598241,"msg":"Get post list with service error: 没有找到相关帖子"}
{"level":"info","ts":1696252916.3645928,"msg":"ppl: &{1 5 time 2}"}
{"level":"info","ts":1696252916.3674219,"msg":"ids: []"}
{"level":"error","ts":1696252916.3683379,"msg":"Get post list with service error: 没有找到相关帖子"}
{"level":"info","ts":1696252923.0849001,"msg":"ppl: &{1 5 time 1}"}
{"level":"info","ts":1696252923.086059,"msg":"ids: []"}
{"level":"error","ts":1696252923.086487,"msg":"Get post list with service error: 没有找到相关帖子"}
{"level":"debug","ts":1696252942.516232,"msg":"HERTZ: Method=POST   absolutePath=/api/v1/signup            --> handlerName=github.com/chuxin0816/bluebell/controller.RegisterHandler (num=2 handlers)"}
{"level":"debug","ts":1696252942.516377,"msg":"HERTZ: Method=POST   absolutePath=/api/v1/login             --> handlerName=github.com/chuxin0816/bluebell/controller.LoginHandler (num=2 handlers)"}
{"level":"debug","ts":1696252942.516395,"msg":"HERTZ: Method=GET    absolutePath=/api/v1/info              --> handlerName=github.com/chuxin0816/bluebell/controller.InfoHandler (num=3 handlers)"}
{"level":"debug","ts":1696252942.521934,"msg":"HERTZ: Method=GET    absolutePath=/api/v1/community/        --> handlerName=github.com/chuxin0816/bluebell/controller.ICommunityController.List-fm (num=3 handlers)"}
{"level":"debug","ts":1696252942.5219688,"msg":"HERTZ: Method=GET    absolutePath=/api/v1/community/:id     --> handlerName=github.com/chuxin0816/bluebell/controller.ICommunityController.Show-fm (num=3 handlers)"}
{"level":"debug","ts":1696252942.5277162,"msg":"HERTZ: Method=POST   absolutePath=/api/v1/post              --> handlerName=github.com/chuxin0816/bluebell/controller.IPostController.Create-fm (num=3 handlers)"}
{"level":"debug","ts":1696252942.527745,"msg":"HERTZ: Method=GET    absolutePath=/api/v1/:id               --> handlerName=github.com/chuxin0816/bluebell/controller.IPostController.Show-fm (num=3 handlers)"}
{"level":"debug","ts":1696252942.5277581,"msg":"HERTZ: Method=GET    absolutePath=/api/v1/posts2            --> handlerName=github.com/chuxin0816/bluebell/controller.IPostController.List-fm (num=3 handlers)"}
{"level":"debug","ts":1696252942.527769,"msg":"HERTZ: Method=POST   absolutePath=/api/v1/vote              --> handlerName=github.com/chuxin0816/bluebell/controller.IPostController.Vote-fm (num=3 handlers)"}
{"level":"info","ts":1696252942.52788,"msg":"HERTZ: Using network library=netpoll"}
{"level":"info","ts":1696252942.527977,"msg":"HERTZ: HTTP server listening on address=127.0.0.1:8888"}
{"level":"debug","ts":1696252978.997684,"msg":"HERTZ: Method=POST   absolutePath=/api/v1/signup            --> handlerName=github.com/chuxin0816/bluebell/controller.RegisterHandler (num=2 handlers)"}
{"level":"debug","ts":1696252978.9977942,"msg":"HERTZ: Method=POST   absolutePath=/api/v1/login             --> handlerName=github.com/chuxin0816/bluebell/controller.LoginHandler (num=2 handlers)"}
{"level":"debug","ts":1696252978.997807,"msg":"HERTZ: Method=GET    absolutePath=/api/v1/info              --> handlerName=github.com/chuxin0816/bluebell/controller.InfoHandler (num=3 handlers)"}
{"level":"debug","ts":1696252979.005318,"msg":"HERTZ: Method=GET    absolutePath=/api/v1/community/        --> handlerName=github.com/chuxin0816/bluebell/controller.ICommunityController.List-fm (num=3 handlers)"}
{"level":"debug","ts":1696252979.005347,"msg":"HERTZ: Method=GET    absolutePath=/api/v1/community/:id     --> handlerName=github.com/chuxin0816/bluebell/controller.ICommunityController.Show-fm (num=3 handlers)"}
{"level":"debug","ts":1696252979.0112488,"msg":"HERTZ: Method=POST   absolutePath=/api/v1/post              --> handlerName=github.com/chuxin0816/bluebell/controller.IPostController.Create-fm (num=3 handlers)"}
{"level":"debug","ts":1696252979.0112672,"msg":"HERTZ: Method=GET    absolutePath=/api/v1/:id               --> handlerName=github.com/chuxin0816/bluebell/controller.IPostController.Show-fm (num=3 handlers)"}
{"level":"debug","ts":1696252979.011292,"msg":"HERTZ: Method=GET    absolutePath=/api/v1/posts2            --> handlerName=github.com/chuxin0816/bluebell/controller.IPostController.List-fm (num=3 handlers)"}
{"level":"debug","ts":1696252979.011301,"msg":"HERTZ: Method=POST   absolutePath=/api/v1/vote              --> handlerName=github.com/chuxin0816/bluebell/controller.IPostController.Vote-fm (num=3 handlers)"}
{"level":"info","ts":1696252979.0114172,"msg":"HERTZ: Using network library=netpoll"}
{"level":"info","ts":1696252979.011487,"msg":"HERTZ: HTTP server listening on address=127.0.0.1:8888"}
{"level":"debug","ts":1696253000.48302,"msg":"HERTZ: Method=POST   absolutePath=/api/v1/signup            --> handlerName=github.com/chuxin0816/bluebell/controller.RegisterHandler (num=2 handlers)"}
{"level":"debug","ts":1696253000.483138,"msg":"HERTZ: Method=POST   absolutePath=/api/v1/login             --> handlerName=github.com/chuxin0816/bluebell/controller.LoginHandler (num=2 handlers)"}
{"level":"debug","ts":1696253000.483152,"msg":"HERTZ: Method=GET    absolutePath=/api/v1/info              --> handlerName=github.com/chuxin0816/bluebell/controller.InfoHandler (num=3 handlers)"}
{"level":"debug","ts":1696253000.48863,"msg":"HERTZ: Method=GET    absolutePath=/api/v1/community/        --> handlerName=github.com/chuxin0816/bluebell/controller.ICommunityController.List-fm (num=3 handlers)"}
{"level":"debug","ts":1696253000.488649,"msg":"HERTZ: Method=GET    absolutePath=/api/v1/community/:id     --> handlerName=github.com/chuxin0816/bluebell/controller.ICommunityController.Show-fm (num=3 handlers)"}
{"level":"debug","ts":1696253000.4932082,"msg":"HERTZ: Method=POST   absolutePath=/api/v1/post              --> handlerName=github.com/chuxin0816/bluebell/controller.IPostController.Create-fm (num=3 handlers)"}
{"level":"debug","ts":1696253000.493236,"msg":"HERTZ: Method=GET    absolutePath=/api/v1/:id               --> handlerName=github.com/chuxin0816/bluebell/controller.IPostController.Show-fm (num=3 handlers)"}
{"level":"debug","ts":1696253000.4932458,"msg":"HERTZ: Method=GET    absolutePath=/api/v1/posts2            --> handlerName=github.com/chuxin0816/bluebell/controller.IPostController.List-fm (num=3 handlers)"}
{"level":"debug","ts":1696253000.493255,"msg":"HERTZ: Method=POST   absolutePath=/api/v1/vote              --> handlerName=github.com/chuxin0816/bluebell/controller.IPostController.Vote-fm (num=3 handlers)"}
{"level":"info","ts":1696253000.493351,"msg":"HERTZ: Using network library=netpoll"}
{"level":"info","ts":1696253000.493428,"msg":"HERTZ: HTTP server listening on address=127.0.0.1:8888"}
{"level":"debug","ts":1696253006.285689,"msg":"key: bluebell:post:time"}
{"level":"debug","ts":1696253006.2864609,"msg":"ids: []"}
{"level":"error","ts":1696253006.287371,"msg":"Get post list with service error: 没有找到相关帖子"}
{"level":"debug","ts":1696253074.944784,"msg":"HERTZ: Method=POST   absolutePath=/api/v1/signup            --> handlerName=github.com/chuxin0816/bluebell/controller.RegisterHandler (num=2 handlers)"}
{"level":"debug","ts":1696253074.944916,"msg":"HERTZ: Method=POST   absolutePath=/api/v1/login             --> handlerName=github.com/chuxin0816/bluebell/controller.LoginHandler (num=2 handlers)"}
{"level":"debug","ts":1696253074.9449332,"msg":"HERTZ: Method=GET    absolutePath=/api/v1/info              --> handlerName=github.com/chuxin0816/bluebell/controller.InfoHandler (num=3 handlers)"}
{"level":"debug","ts":1696253074.951833,"msg":"HERTZ: Method=GET    absolutePath=/api/v1/community/        --> handlerName=github.com/chuxin0816/bluebell/controller.ICommunityController.List-fm (num=3 handlers)"}
{"level":"debug","ts":1696253074.951863,"msg":"HERTZ: Method=GET    absolutePath=/api/v1/community/:id     --> handlerName=github.com/chuxin0816/bluebell/controller.ICommunityController.Show-fm (num=3 handlers)"}
{"level":"debug","ts":1696253074.957403,"msg":"HERTZ: Method=POST   absolutePath=/api/v1/post              --> handlerName=github.com/chuxin0816/bluebell/controller.IPostController.Create-fm (num=3 handlers)"}
{"level":"debug","ts":1696253074.9574468,"msg":"HERTZ: Method=GET    absolutePath=/api/v1/:id               --> handlerName=github.com/chuxin0816/bluebell/controller.IPostController.Show-fm (num=3 handlers)"}
{"level":"debug","ts":1696253074.957459,"msg":"HERTZ: Method=GET    absolutePath=/api/v1/posts2            --> handlerName=github.com/chuxin0816/bluebell/controller.IPostController.List-fm (num=3 handlers)"}
{"level":"debug","ts":1696253074.9574678,"msg":"HERTZ: Method=POST   absolutePath=/api/v1/vote              --> handlerName=github.com/chuxin0816/bluebell/controller.IPostController.Vote-fm (num=3 handlers)"}
{"level":"info","ts":1696253074.95757,"msg":"HERTZ: Using network library=netpoll"}
{"level":"info","ts":1696253074.957674,"msg":"HERTZ: HTTP server listening on address=127.0.0.1:8888"}
{"level":"debug","ts":1696253077.254337,"msg":"key: bluebell:post:time"}
{"level":"debug","ts":1696253077.25509,"msg":"ids: []"}
{"level":"error","ts":1696253077.255718,"msg":"Get post list with service error: 没有找到相关帖子"}
{"level":"debug","ts":1696253103.26134,"msg":"HERTZ: Method=POST   absolutePath=/api/v1/signup            --> handlerName=github.com/chuxin0816/bluebell/controller.RegisterHandler (num=2 handlers)"}
{"level":"debug","ts":1696253103.261444,"msg":"HERTZ: Method=POST   absolutePath=/api/v1/login             --> handlerName=github.com/chuxin0816/bluebell/controller.LoginHandler (num=2 handlers)"}
{"level":"debug","ts":1696253103.261457,"msg":"HERTZ: Method=GET    absolutePath=/api/v1/info              --> handlerName=github.com/chuxin0816/bluebell/controller.InfoHandler (num=3 handlers)"}
{"level":"debug","ts":1696253103.267333,"msg":"HERTZ: Method=GET    absolutePath=/api/v1/community/        --> handlerName=github.com/chuxin0816/bluebell/controller.ICommunityController.List-fm (num=3 handlers)"}
{"level":"debug","ts":1696253103.267362,"msg":"HERTZ: Method=GET    absolutePath=/api/v1/community/:id     --> handlerName=github.com/chuxin0816/bluebell/controller.ICommunityController.Show-fm (num=3 handlers)"}
{"level":"debug","ts":1696253103.271517,"msg":"HERTZ: Method=POST   absolutePath=/api/v1/post              --> handlerName=github.com/chuxin0816/bluebell/controller.IPostController.Create-fm (num=3 handlers)"}
{"level":"debug","ts":1696253103.2715409,"msg":"HERTZ: Method=GET    absolutePath=/api/v1/:id               --> handlerName=github.com/chuxin0816/bluebell/controller.IPostController.Show-fm (num=3 handlers)"}
{"level":"debug","ts":1696253103.271551,"msg":"HERTZ: Method=GET    absolutePath=/api/v1/posts2            --> handlerName=github.com/chuxin0816/bluebell/controller.IPostController.List-fm (num=3 handlers)"}
{"level":"debug","ts":1696253103.27156,"msg":"HERTZ: Method=POST   absolutePath=/api/v1/vote              --> handlerName=github.com/chuxin0816/bluebell/controller.IPostController.Vote-fm (num=3 handlers)"}
{"level":"info","ts":1696253103.27168,"msg":"HERTZ: Using network library=netpoll"}
{"level":"info","ts":1696253103.271768,"msg":"HERTZ: HTTP server listening on address=127.0.0.1:8888"}
{"level":"debug","ts":1696253105.162498,"msg":"key: bluebell:post:time"}
{"level":"debug","ts":1696253105.163661,"msg":"s: []"}
{"level":"debug","ts":1696253105.163722,"msg":"ids: []"}
{"level":"error","ts":1696253105.1645381,"msg":"Get post list with service error: 没有找到相关帖子"}
{"level":"debug","ts":1696253148.486652,"msg":"HERTZ: Method=POST   absolutePath=/api/v1/signup            --> handlerName=github.com/chuxin0816/bluebell/controller.RegisterHandler (num=2 handlers)"}
{"level":"debug","ts":1696253148.4868531,"msg":"HERTZ: Method=POST   absolutePath=/api/v1/login             --> handlerName=github.com/chuxin0816/bluebell/controller.LoginHandler (num=2 handlers)"}
{"level":"debug","ts":1696253148.48688,"msg":"HERTZ: Method=GET    absolutePath=/api/v1/info              --> handlerName=github.com/chuxin0816/bluebell/controller.InfoHandler (num=3 handlers)"}
{"level":"debug","ts":1696253148.492519,"msg":"HERTZ: Method=GET    absolutePath=/api/v1/community/        --> handlerName=github.com/chuxin0816/bluebell/controller.ICommunityController.List-fm (num=3 handlers)"}
{"level":"debug","ts":1696253148.4926121,"msg":"HERTZ: Method=GET    absolutePath=/api/v1/community/:id     --> handlerName=github.com/chuxin0816/bluebell/controller.ICommunityController.Show-fm (num=3 handlers)"}
{"level":"debug","ts":1696253148.498185,"msg":"HERTZ: Method=POST   absolutePath=/api/v1/post              --> handlerName=github.com/chuxin0816/bluebell/controller.IPostController.Create-fm (num=3 handlers)"}
{"level":"debug","ts":1696253148.498246,"msg":"HERTZ: Method=GET    absolutePath=/api/v1/:id               --> handlerName=github.com/chuxin0816/bluebell/controller.IPostController.Show-fm (num=3 handlers)"}
{"level":"debug","ts":1696253148.498268,"msg":"HERTZ: Method=GET    absolutePath=/api/v1/posts2            --> handlerName=github.com/chuxin0816/bluebell/controller.IPostController.List-fm (num=3 handlers)"}
{"level":"debug","ts":1696253148.498282,"msg":"HERTZ: Method=POST   absolutePath=/api/v1/vote              --> handlerName=github.com/chuxin0816/bluebell/controller.IPostController.Vote-fm (num=3 handlers)"}
{"level":"info","ts":1696253148.498728,"msg":"HERTZ: Using network library=netpoll"}
{"level":"info","ts":1696253148.4991329,"msg":"HERTZ: HTTP server listening on address=127.0.0.1:8888"}
{"level":"debug","ts":1696253150.385026,"msg":"key: bluebell:post:time"}
{"level":"debug","ts":1696253150.3859122,"msg":"s: []"}
{"level":"debug","ts":1696253150.3859751,"msg":"ids: []"}
{"level":"error","ts":1696253150.38659,"msg":"Get post list with service error: 没有找到相关帖子"}
{"level":"debug","ts":1696253166.904892,"msg":"HERTZ: Method=POST   absolutePath=/api/v1/signup            --> handlerName=github.com/chuxin0816/bluebell/controller.RegisterHandler (num=2 handlers)"}
{"level":"debug","ts":1696253166.90514,"msg":"HERTZ: Method=POST   absolutePath=/api/v1/login             --> handlerName=github.com/chuxin0816/bluebell/controller.LoginHandler (num=2 handlers)"}
{"level":"debug","ts":1696253166.905165,"msg":"HERTZ: Method=GET    absolutePath=/api/v1/info              --> handlerName=github.com/chuxin0816/bluebell/controller.InfoHandler (num=3 handlers)"}
{"level":"debug","ts":1696253166.912101,"msg":"HERTZ: Method=GET    absolutePath=/api/v1/community/        --> handlerName=github.com/chuxin0816/bluebell/controller.ICommunityController.List-fm (num=3 handlers)"}
{"level":"debug","ts":1696253166.9121542,"msg":"HERTZ: Method=GET    absolutePath=/api/v1/community/:id     --> handlerName=github.com/chuxin0816/bluebell/controller.ICommunityController.Show-fm (num=3 handlers)"}
{"level":"debug","ts":1696253166.917402,"msg":"HERTZ: Method=POST   absolutePath=/api/v1/post              --> handlerName=github.com/chuxin0816/bluebell/controller.IPostController.Create-fm (num=3 handlers)"}
{"level":"debug","ts":1696253166.917435,"msg":"HERTZ: Method=GET    absolutePath=/api/v1/:id               --> handlerName=github.com/chuxin0816/bluebell/controller.IPostController.Show-fm (num=3 handlers)"}
{"level":"debug","ts":1696253166.917449,"msg":"HERTZ: Method=GET    absolutePath=/api/v1/posts2            --> handlerName=github.com/chuxin0816/bluebell/controller.IPostController.List-fm (num=3 handlers)"}
{"level":"debug","ts":1696253166.91746,"msg":"HERTZ: Method=POST   absolutePath=/api/v1/vote              --> handlerName=github.com/chuxin0816/bluebell/controller.IPostController.Vote-fm (num=3 handlers)"}
{"level":"info","ts":1696253166.9176168,"msg":"HERTZ: Using network library=netpoll"}
{"level":"info","ts":1696253166.917794,"msg":"HERTZ: HTTP server listening on address=127.0.0.1:8888"}
{"level":"debug","ts":1696253339.170086,"msg":"HERTZ: Method=POST   absolutePath=/api/v1/signup            --> handlerName=github.com/chuxin0816/bluebell/controller.RegisterHandler (num=2 handlers)"}
{"level":"debug","ts":1696253339.1702552,"msg":"HERTZ: Method=POST   absolutePath=/api/v1/login             --> handlerName=github.com/chuxin0816/bluebell/controller.LoginHandler (num=2 handlers)"}
{"level":"debug","ts":1696253339.170272,"msg":"HERTZ: Method=GET    absolutePath=/api/v1/info              --> handlerName=github.com/chuxin0816/bluebell/controller.InfoHandler (num=3 handlers)"}
{"level":"debug","ts":1696253339.17757,"msg":"HERTZ: Method=GET    absolutePath=/api/v1/community/        --> handlerName=github.com/chuxin0816/bluebell/controller.ICommunityController.List-fm (num=3 handlers)"}
{"level":"debug","ts":1696253339.177602,"msg":"HERTZ: Method=GET    absolutePath=/api/v1/community/:id     --> handlerName=github.com/chuxin0816/bluebell/controller.ICommunityController.Show-fm (num=3 handlers)"}
{"level":"debug","ts":1696253339.183916,"msg":"HERTZ: Method=POST   absolutePath=/api/v1/post              --> handlerName=github.com/chuxin0816/bluebell/controller.IPostController.Create-fm (num=3 handlers)"}
{"level":"debug","ts":1696253339.1839502,"msg":"HERTZ: Method=GET    absolutePath=/api/v1/:id               --> handlerName=github.com/chuxin0816/bluebell/controller.IPostController.Show-fm (num=3 handlers)"}
{"level":"debug","ts":1696253339.183962,"msg":"HERTZ: Method=GET    absolutePath=/api/v1/posts2            --> handlerName=github.com/chuxin0816/bluebell/controller.IPostController.List-fm (num=3 handlers)"}
{"level":"debug","ts":1696253339.1839721,"msg":"HERTZ: Method=POST   absolutePath=/api/v1/vote              --> handlerName=github.com/chuxin0816/bluebell/controller.IPostController.Vote-fm (num=3 handlers)"}
{"level":"info","ts":1696253339.184099,"msg":"HERTZ: Using network library=netpoll"}
{"level":"info","ts":1696253339.184234,"msg":"HERTZ: HTTP server listening on address=127.0.0.1:8888"}
{"level":"debug","ts":1696253343.066796,"msg":"key: bluebell:post:time"}
{"level":"debug","ts":1696253343.067372,"msg":"s: [3482196870434816 3482149508354048 3482116805365760]"}
{"level":"debug","ts":1696253343.0674188,"msg":"ids: [3482196870434816 3482149508354048 3482116805365760]"}
{"level":"debug","ts":1696253355.712619,"msg":"s: []"}
{"level":"debug","ts":1696253355.712689,"msg":"ids: []"}
{"level":"error","ts":1696253355.713186,"msg":"Get post list with service error: 没有找到相关帖子"}
{"level":"debug","ts":1696253368.4441311,"msg":"s: []"}
{"level":"debug","ts":1696253368.444203,"msg":"ids: []"}
{"level":"error","ts":1696253368.4446,"msg":"Get post list with service error: 没有找到相关帖子"}
{"level":"debug","ts":1696253407.205276,"msg":"HERTZ: Method=POST   absolutePath=/api/v1/signup            --> handlerName=github.com/chuxin0816/bluebell/controller.RegisterHandler (num=2 handlers)"}
{"level":"debug","ts":1696253407.205388,"msg":"HERTZ: Method=POST   absolutePath=/api/v1/login             --> handlerName=github.com/chuxin0816/bluebell/controller.LoginHandler (num=2 handlers)"}
{"level":"debug","ts":1696253407.2054021,"msg":"HERTZ: Method=GET    absolutePath=/api/v1/info              --> handlerName=github.com/chuxin0816/bluebell/controller.InfoHandler (num=3 handlers)"}
{"level":"debug","ts":1696253407.211334,"msg":"HERTZ: Method=GET    absolutePath=/api/v1/community/        --> handlerName=github.com/chuxin0816/bluebell/controller.ICommunityController.List-fm (num=3 handlers)"}
{"level":"debug","ts":1696253407.211359,"msg":"HERTZ: Method=GET    absolutePath=/api/v1/community/:id     --> handlerName=github.com/chuxin0816/bluebell/controller.ICommunityController.Show-fm (num=3 handlers)"}
{"level":"debug","ts":1696253407.216537,"msg":"HERTZ: Method=POST   absolutePath=/api/v1/post              --> handlerName=github.com/chuxin0816/bluebell/controller.IPostController.Create-fm (num=3 handlers)"}
{"level":"debug","ts":1696253407.216566,"msg":"HERTZ: Method=GET    absolutePath=/api/v1/:id               --> handlerName=github.com/chuxin0816/bluebell/controller.IPostController.Show-fm (num=3 handlers)"}
{"level":"debug","ts":1696253407.216579,"msg":"HERTZ: Method=GET    absolutePath=/api/v1/posts2            --> handlerName=github.com/chuxin0816/bluebell/controller.IPostController.List-fm (num=3 handlers)"}
{"level":"debug","ts":1696253407.2165902,"msg":"HERTZ: Method=POST   absolutePath=/api/v1/vote              --> handlerName=github.com/chuxin0816/bluebell/controller.IPostController.Vote-fm (num=3 handlers)"}
{"level":"info","ts":1696253407.2167418,"msg":"HERTZ: Using network library=netpoll"}
{"level":"info","ts":1696253407.2168279,"msg":"HERTZ: HTTP server listening on address=127.0.0.1:8888"}
{"level":"debug","ts":1696253422.868596,"msg":"HERTZ: Method=POST   absolutePath=/api/v1/signup            --> handlerName=github.com/chuxin0816/bluebell/controller.RegisterHandler (num=2 handlers)"}
{"level":"debug","ts":1696253422.8687449,"msg":"HERTZ: Method=POST   absolutePath=/api/v1/login             --> handlerName=github.com/chuxin0816/bluebell/controller.LoginHandler (num=2 handlers)"}
{"level":"debug","ts":1696253422.868764,"msg":"HERTZ: Method=GET    absolutePath=/api/v1/info              --> handlerName=github.com/chuxin0816/bluebell/controller.InfoHandler (num=3 handlers)"}
{"level":"debug","ts":1696253422.87726,"msg":"HERTZ: Method=GET    absolutePath=/api/v1/community/        --> handlerName=github.com/chuxin0816/bluebell/controller.ICommunityController.List-fm (num=3 handlers)"}
{"level":"debug","ts":1696253422.877289,"msg":"HERTZ: Method=GET    absolutePath=/api/v1/community/:id     --> handlerName=github.com/chuxin0816/bluebell/controller.ICommunityController.Show-fm (num=3 handlers)"}
{"level":"debug","ts":1696253422.8835762,"msg":"HERTZ: Method=POST   absolutePath=/api/v1/post              --> handlerName=github.com/chuxin0816/bluebell/controller.IPostController.Create-fm (num=3 handlers)"}
{"level":"debug","ts":1696253422.883608,"msg":"HERTZ: Method=GET    absolutePath=/api/v1/:id               --> handlerName=github.com/chuxin0816/bluebell/controller.IPostController.Show-fm (num=3 handlers)"}
{"level":"debug","ts":1696253422.8836281,"msg":"HERTZ: Method=GET    absolutePath=/api/v1/posts2            --> handlerName=github.com/chuxin0816/bluebell/controller.IPostController.List-fm (num=3 handlers)"}
{"level":"debug","ts":1696253422.883647,"msg":"HERTZ: Method=POST   absolutePath=/api/v1/vote              --> handlerName=github.com/chuxin0816/bluebell/controller.IPostController.Vote-fm (num=3 handlers)"}
{"level":"info","ts":1696253422.883826,"msg":"HERTZ: Using network library=netpoll"}
{"level":"info","ts":1696253422.8839371,"msg":"HERTZ: HTTP server listening on address=127.0.0.1:8888"}
{"level":"debug","ts":1696253427.093337,"msg":"s: []"}
{"level":"debug","ts":1696253427.093437,"msg":"ids: []"}
{"level":"error","ts":1696253427.0939252,"msg":"Get post list with service error: 没有找到相关帖子"}
{"level":"debug","ts":1696253519.495403,"msg":"HERTZ: Method=POST   absolutePath=/api/v1/signup            --> handlerName=github.com/chuxin0816/bluebell/controller.RegisterHandler (num=2 handlers)"}
{"level":"debug","ts":1696253519.495561,"msg":"HERTZ: Method=POST   absolutePath=/api/v1/login             --> handlerName=github.com/chuxin0816/bluebell/controller.LoginHandler (num=2 handlers)"}
{"level":"debug","ts":1696253519.49558,"msg":"HERTZ: Method=GET    absolutePath=/api/v1/info              --> handlerName=github.com/chuxin0816/bluebell/controller.InfoHandler (num=3 handlers)"}
{"level":"debug","ts":1696253519.501842,"msg":"HERTZ: Method=GET    absolutePath=/api/v1/community/        --> handlerName=github.com/chuxin0816/bluebell/controller.ICommunityController.List-fm (num=3 handlers)"}
{"level":"debug","ts":1696253519.5018702,"msg":"HERTZ: Method=GET    absolutePath=/api/v1/community/:id     --> handlerName=github.com/chuxin0816/bluebell/controller.ICommunityController.Show-fm (num=3 handlers)"}
{"level":"debug","ts":1696253519.507893,"msg":"HERTZ: Method=POST   absolutePath=/api/v1/post              --> handlerName=github.com/chuxin0816/bluebell/controller.IPostController.Create-fm (num=3 handlers)"}
{"level":"debug","ts":1696253519.507933,"msg":"HERTZ: Method=GET    absolutePath=/api/v1/:id               --> handlerName=github.com/chuxin0816/bluebell/controller.IPostController.Show-fm (num=3 handlers)"}
{"level":"debug","ts":1696253519.507953,"msg":"HERTZ: Method=GET    absolutePath=/api/v1/posts2            --> handlerName=github.com/chuxin0816/bluebell/controller.IPostController.List-fm (num=3 handlers)"}
{"level":"debug","ts":1696253519.5079849,"msg":"HERTZ: Method=POST   absolutePath=/api/v1/vote              --> handlerName=github.com/chuxin0816/bluebell/controller.IPostController.Vote-fm (num=3 handlers)"}
{"level":"info","ts":1696253519.5081549,"msg":"HERTZ: Using network library=netpoll"}
{"level":"info","ts":1696253519.508311,"msg":"HERTZ: HTTP server listening on address=127.0.0.1:8888"}
{"level":"debug","ts":1696253520.1836731,"msg":"key: bluebell:post:time1"}
{"level":"debug","ts":1696253520.1841862,"msg":"s: []"}
{"level":"debug","ts":1696253520.184227,"msg":"ids: []"}
{"level":"error","ts":1696253520.184792,"msg":"Get post list with service error: 没有找到相关帖子"}
{"level":"debug","ts":1696253532.732794,"msg":"key: bluebell:post:time1"}
{"level":"debug","ts":1696253532.733302,"msg":"s: []"}
{"level":"debug","ts":1696253532.7333472,"msg":"ids: []"}
{"level":"error","ts":1696253532.7339048,"msg":"Get post list with service error: 没有找到相关帖子"}
{"level":"debug","ts":1696253799.233519,"msg":"key: bluebell:post:time1"}
{"level":"debug","ts":1696253799.234126,"msg":"s: []"}
{"level":"debug","ts":1696253799.234178,"msg":"ids: []"}
{"level":"error","ts":1696253799.234889,"msg":"Get post list with service error: 没有找到相关帖子"}
{"level":"debug","ts":1696253887.862623,"msg":"HERTZ: Method=POST   absolutePath=/api/v1/signup            --> handlerName=github.com/chuxin0816/bluebell/controller.RegisterHandler (num=2 handlers)"}
{"level":"debug","ts":1696253887.862784,"msg":"HERTZ: Method=POST   absolutePath=/api/v1/login             --> handlerName=github.com/chuxin0816/bluebell/controller.LoginHandler (num=2 handlers)"}
{"level":"debug","ts":1696253887.862804,"msg":"HERTZ: Method=GET    absolutePath=/api/v1/info              --> handlerName=github.com/chuxin0816/bluebell/controller.InfoHandler (num=3 handlers)"}
{"level":"debug","ts":1696253887.8688068,"msg":"HERTZ: Method=GET    absolutePath=/api/v1/community/        --> handlerName=github.com/chuxin0816/bluebell/controller.ICommunityController.List-fm (num=3 handlers)"}
{"level":"debug","ts":1696253887.8688378,"msg":"HERTZ: Method=GET    absolutePath=/api/v1/community/:id     --> handlerName=github.com/chuxin0816/bluebell/controller.ICommunityController.Show-fm (num=3 handlers)"}
{"level":"debug","ts":1696253887.875423,"msg":"HERTZ: Method=POST   absolutePath=/api/v1/post              --> handlerName=github.com/chuxin0816/bluebell/controller.IPostController.Create-fm (num=3 handlers)"}
{"level":"debug","ts":1696253887.8754601,"msg":"HERTZ: Method=GET    absolutePath=/api/v1/:id               --> handlerName=github.com/chuxin0816/bluebell/controller.IPostController.Show-fm (num=3 handlers)"}
{"level":"debug","ts":1696253887.875478,"msg":"HERTZ: Method=GET    absolutePath=/api/v1/posts2            --> handlerName=github.com/chuxin0816/bluebell/controller.IPostController.List-fm (num=3 handlers)"}
{"level":"debug","ts":1696253887.875492,"msg":"HERTZ: Method=POST   absolutePath=/api/v1/vote              --> handlerName=github.com/chuxin0816/bluebell/controller.IPostController.Vote-fm (num=3 handlers)"}
{"level":"info","ts":1696253887.875631,"msg":"HERTZ: Using network library=netpoll"}
{"level":"info","ts":1696253887.87577,"msg":"HERTZ: HTTP server listening on address=127.0.0.1:8888"}
{"level":"debug","ts":1696253891.587779,"msg":"ppl: &{1 5 time 1}"}
{"level":"debug","ts":1696253891.589182,"msg":"key: bluebell:post:time1"}
{"level":"debug","ts":1696253891.589671,"msg":"s: []"}
{"level":"debug","ts":1696253891.589737,"msg":"ids: []"}
{"level":"error","ts":1696253891.5903192,"msg":"Get post list with service error: 没有找到相关帖子"}
{"level":"debug","ts":1696254054.776309,"msg":"HERTZ: Method=POST   absolutePath=/api/v1/signup            --> handlerName=github.com/chuxin0816/bluebell/controller.RegisterHandler (num=2 handlers)"}
{"level":"debug","ts":1696254054.7764359,"msg":"HERTZ: Method=POST   absolutePath=/api/v1/login             --> handlerName=github.com/chuxin0816/bluebell/controller.LoginHandler (num=2 handlers)"}
{"level":"debug","ts":1696254054.776459,"msg":"HERTZ: Method=GET    absolutePath=/api/v1/info              --> handlerName=github.com/chuxin0816/bluebell/controller.InfoHandler (num=3 handlers)"}
{"level":"debug","ts":1696254054.7827368,"msg":"HERTZ: Method=GET    absolutePath=/api/v1/community/        --> handlerName=github.com/chuxin0816/bluebell/controller.ICommunityController.List-fm (num=3 handlers)"}
{"level":"debug","ts":1696254054.78276,"msg":"HERTZ: Method=GET    absolutePath=/api/v1/community/:id     --> handlerName=github.com/chuxin0816/bluebell/controller.ICommunityController.Show-fm (num=3 handlers)"}
{"level":"debug","ts":1696254054.788448,"msg":"HERTZ: Method=POST   absolutePath=/api/v1/post              --> handlerName=github.com/chuxin0816/bluebell/controller.IPostController.Create-fm (num=3 handlers)"}
{"level":"debug","ts":1696254054.788466,"msg":"HERTZ: Method=GET    absolutePath=/api/v1/:id               --> handlerName=github.com/chuxin0816/bluebell/controller.IPostController.Show-fm (num=3 handlers)"}
{"level":"debug","ts":1696254054.788474,"msg":"HERTZ: Method=GET    absolutePath=/api/v1/posts2            --> handlerName=github.com/chuxin0816/bluebell/controller.IPostController.List-fm (num=3 handlers)"}
{"level":"debug","ts":1696254054.788482,"msg":"HERTZ: Method=POST   absolutePath=/api/v1/vote              --> handlerName=github.com/chuxin0816/bluebell/controller.IPostController.Vote-fm (num=3 handlers)"}
{"level":"info","ts":1696254054.788631,"msg":"HERTZ: Using network library=netpoll"}
{"level":"info","ts":1696254054.788735,"msg":"HERTZ: HTTP server listening on address=127.0.0.1:8888"}
{"level":"debug","ts":1696254062.3376782,"msg":"HERTZ: Method=POST   absolutePath=/api/v1/signup            --> handlerName=github.com/chuxin0816/bluebell/controller.RegisterHandler (num=2 handlers)"}
{"level":"debug","ts":1696254062.3378,"msg":"HERTZ: Method=POST   absolutePath=/api/v1/login             --> handlerName=github.com/chuxin0816/bluebell/controller.LoginHandler (num=2 handlers)"}
{"level":"debug","ts":1696254062.337815,"msg":"HERTZ: Method=GET    absolutePath=/api/v1/info              --> handlerName=github.com/chuxin0816/bluebell/controller.InfoHandler (num=3 handlers)"}
{"level":"debug","ts":1696254062.347081,"msg":"HERTZ: Method=GET    absolutePath=/api/v1/community/        --> handlerName=github.com/chuxin0816/bluebell/controller.ICommunityController.List-fm (num=3 handlers)"}
{"level":"debug","ts":1696254062.3471181,"msg":"HERTZ: Method=GET    absolutePath=/api/v1/community/:id     --> handlerName=github.com/chuxin0816/bluebell/controller.ICommunityController.Show-fm (num=3 handlers)"}
{"level":"debug","ts":1696254062.353487,"msg":"HERTZ: Method=POST   absolutePath=/api/v1/post              --> handlerName=github.com/chuxin0816/bluebell/controller.IPostController.Create-fm (num=3 handlers)"}
{"level":"debug","ts":1696254062.353517,"msg":"HERTZ: Method=GET    absolutePath=/api/v1/:id               --> handlerName=github.com/chuxin0816/bluebell/controller.IPostController.Show-fm (num=3 handlers)"}
{"level":"debug","ts":1696254062.353529,"msg":"HERTZ: Method=GET    absolutePath=/api/v1/posts2            --> handlerName=github.com/chuxin0816/bluebell/controller.IPostController.List-fm (num=3 handlers)"}
{"level":"debug","ts":1696254062.353538,"msg":"HERTZ: Method=POST   absolutePath=/api/v1/vote              --> handlerName=github.com/chuxin0816/bluebell/controller.IPostController.Vote-fm (num=3 handlers)"}
{"level":"info","ts":1696254062.353655,"msg":"HERTZ: Using network library=netpoll"}
{"level":"info","ts":1696254062.353746,"msg":"HERTZ: HTTP server listening on address=127.0.0.1:8888"}
{"level":"debug","ts":1696254260.473553,"msg":"key: bluebell:post:time1"}
{"level":"debug","ts":1696254260.474066,"msg":"s: []"}
{"level":"debug","ts":1696254260.474108,"msg":"ids: []"}
{"level":"error","ts":1696254260.474889,"msg":"Get post list with service error: 没有找到相关帖子"}
{"level":"debug","ts":1696254447.0029051,"msg":"HERTZ: Method=POST   absolutePath=/api/v1/signup            --> handlerName=github.com/chuxin0816/bluebell/controller.RegisterHandler (num=2 handlers)"}
{"level":"debug","ts":1696254447.003078,"msg":"HERTZ: Method=POST   absolutePath=/api/v1/login             --> handlerName=github.com/chuxin0816/bluebell/controller.LoginHandler (num=2 handlers)"}
{"level":"debug","ts":1696254447.003097,"msg":"HERTZ: Method=GET    absolutePath=/api/v1/info              --> handlerName=github.com/chuxin0816/bluebell/controller.InfoHandler (num=3 handlers)"}
{"level":"debug","ts":1696254447.008553,"msg":"HERTZ: Method=GET    absolutePath=/api/v1/community/        --> handlerName=github.com/chuxin0816/bluebell/controller.ICommunityController.List-fm (num=3 handlers)"}
{"level":"debug","ts":1696254447.0085812,"msg":"HERTZ: Method=GET    absolutePath=/api/v1/community/:id     --> handlerName=github.com/chuxin0816/bluebell/controller.ICommunityController.Show-fm (num=3 handlers)"}
{"level":"debug","ts":1696254447.015358,"msg":"HERTZ: Method=POST   absolutePath=/api/v1/post              --> handlerName=github.com/chuxin0816/bluebell/controller.IPostController.Create-fm (num=3 handlers)"}
{"level":"debug","ts":1696254447.0153952,"msg":"HERTZ: Method=GET    absolutePath=/api/v1/:id               --> handlerName=github.com/chuxin0816/bluebell/controller.IPostController.Show-fm (num=3 handlers)"}
{"level":"debug","ts":1696254447.0154119,"msg":"HERTZ: Method=GET    absolutePath=/api/v1/posts2            --> handlerName=github.com/chuxin0816/bluebell/controller.IPostController.List-fm (num=3 handlers)"}
{"level":"debug","ts":1696254447.015428,"msg":"HERTZ: Method=POST   absolutePath=/api/v1/vote              --> handlerName=github.com/chuxin0816/bluebell/controller.IPostController.Vote-fm (num=3 handlers)"}
{"level":"info","ts":1696254447.015567,"msg":"HERTZ: Using network library=netpoll"}
{"level":"info","ts":1696254447.015703,"msg":"HERTZ: HTTP server listening on address=127.0.0.1:8888"}
{"level":"debug","ts":1696254450.325727,"msg":"key: bluebell:post:time:1"}
{"level":"debug","ts":1696254450.326066,"msg":"s: []"}
{"level":"debug","ts":1696254450.326105,"msg":"ids: []"}
{"level":"error","ts":1696254450.326733,"msg":"Get post list with service error: 没有找到相关帖子"}
{"level":"debug","ts":1696254567.4685261,"msg":"HERTZ: Method=POST   absolutePath=/api/v1/signup            --> handlerName=github.com/chuxin0816/bluebell/controller.RegisterHandler (num=2 handlers)"}
{"level":"debug","ts":1696254567.4686542,"msg":"HERTZ: Method=POST   absolutePath=/api/v1/login             --> handlerName=github.com/chuxin0816/bluebell/controller.LoginHandler (num=2 handlers)"}
{"level":"debug","ts":1696254567.468668,"msg":"HERTZ: Method=GET    absolutePath=/api/v1/info              --> handlerName=github.com/chuxin0816/bluebell/controller.InfoHandler (num=3 handlers)"}
{"level":"debug","ts":1696254567.4767392,"msg":"HERTZ: Method=GET    absolutePath=/api/v1/community/        --> handlerName=github.com/chuxin0816/bluebell/controller.ICommunityController.List-fm (num=3 handlers)"}
{"level":"debug","ts":1696254567.476776,"msg":"HERTZ: Method=GET    absolutePath=/api/v1/community/:id     --> handlerName=github.com/chuxin0816/bluebell/controller.ICommunityController.Show-fm (num=3 handlers)"}
{"level":"debug","ts":1696254567.481614,"msg":"HERTZ: Method=POST   absolutePath=/api/v1/post              --> handlerName=github.com/chuxin0816/bluebell/controller.IPostController.Create-fm (num=3 handlers)"}
{"level":"debug","ts":1696254567.481647,"msg":"HERTZ: Method=GET    absolutePath=/api/v1/:id               --> handlerName=github.com/chuxin0816/bluebell/controller.IPostController.Show-fm (num=3 handlers)"}
{"level":"debug","ts":1696254567.481663,"msg":"HERTZ: Method=GET    absolutePath=/api/v1/posts2            --> handlerName=github.com/chuxin0816/bluebell/controller.IPostController.List-fm (num=3 handlers)"}
{"level":"debug","ts":1696254567.481676,"msg":"HERTZ: Method=POST   absolutePath=/api/v1/vote              --> handlerName=github.com/chuxin0816/bluebell/controller.IPostController.Vote-fm (num=3 handlers)"}
{"level":"info","ts":1696254567.481811,"msg":"HERTZ: Using network library=netpoll"}
{"level":"info","ts":1696254567.48193,"msg":"HERTZ: HTTP server listening on address=127.0.0.1:8888"}
{"level":"debug","ts":1696254577.916332,"msg":"cKey: bluebell:community:1"}
{"level":"debug","ts":1696254577.916426,"msg":"key: bluebell:post:time:1"}
{"level":"debug","ts":1696254577.9174771,"msg":"key: bluebell:post:time:1"}
{"level":"debug","ts":1696254577.917995,"msg":"s: []"}
{"level":"debug","ts":1696254577.91803,"msg":"ids: []"}
{"level":"error","ts":1696254577.91856,"msg":"Get post list with service error: 没有找到相关帖子"}
{"level":"debug","ts":1696254727.586696,"msg":"cKey: bluebell:community:1"}
{"level":"debug","ts":1696254727.587554,"msg":"key: bluebell:post:time:1"}
{"level":"debug","ts":1696254727.589209,"msg":"key: bluebell:post:time:1"}
{"level":"debug","ts":1696254727.589699,"msg":"s: []"}
{"level":"debug","ts":1696254727.589749,"msg":"ids: []"}
{"level":"error","ts":1696254727.5903602,"msg":"Get post list with service error: 没有找到相关帖子"}
{"level":"debug","ts":1696254773.228422,"msg":"cKey: bluebell:community:1"}
{"level":"debug","ts":1696254773.228498,"msg":"key: bluebell:post:time:1"}
{"level":"debug","ts":1696254773.22932,"msg":"key: bluebell:post:time:1"}
{"level":"debug","ts":1696254773.229758,"msg":"s: [5282982340333568]"}
{"level":"debug","ts":1696254773.229808,"msg":"ids: [5282982340333568]"}
{"level":"debug","ts":1696254806.3132632,"msg":"HERTZ: Method=POST   absolutePath=/api/v1/signup            --> handlerName=github.com/chuxin0816/bluebell/controller.RegisterHandler (num=2 handlers)"}
{"level":"debug","ts":1696254806.313376,"msg":"HERTZ: Method=POST   absolutePath=/api/v1/login             --> handlerName=github.com/chuxin0816/bluebell/controller.LoginHandler (num=2 handlers)"}
{"level":"debug","ts":1696254806.313389,"msg":"HERTZ: Method=GET    absolutePath=/api/v1/info              --> handlerName=github.com/chuxin0816/bluebell/controller.InfoHandler (num=3 handlers)"}
{"level":"debug","ts":1696254806.318652,"msg":"HERTZ: Method=GET    absolutePath=/api/v1/community/        --> handlerName=github.com/chuxin0816/bluebell/controller.ICommunityController.List-fm (num=3 handlers)"}
{"level":"debug","ts":1696254806.318676,"msg":"HERTZ: Method=GET    absolutePath=/api/v1/community/:id     --> handlerName=github.com/chuxin0816/bluebell/controller.ICommunityController.Show-fm (num=3 handlers)"}
{"level":"debug","ts":1696254806.322687,"msg":"HERTZ: Method=POST   absolutePath=/api/v1/post              --> handlerName=github.com/chuxin0816/bluebell/controller.IPostController.Create-fm (num=3 handlers)"}
{"level":"debug","ts":1696254806.3227122,"msg":"HERTZ: Method=GET    absolutePath=/api/v1/:id               --> handlerName=github.com/chuxin0816/bluebell/controller.IPostController.Show-fm (num=3 handlers)"}
{"level":"debug","ts":1696254806.322721,"msg":"HERTZ: Method=GET    absolutePath=/api/v1/posts2            --> handlerName=github.com/chuxin0816/bluebell/controller.IPostController.List-fm (num=3 handlers)"}
{"level":"debug","ts":1696254806.3227289,"msg":"HERTZ: Method=POST   absolutePath=/api/v1/vote              --> handlerName=github.com/chuxin0816/bluebell/controller.IPostController.Vote-fm (num=3 handlers)"}
{"level":"info","ts":1696254806.3228118,"msg":"HERTZ: Using network library=netpoll"}
{"level":"info","ts":1696254806.322887,"msg":"HERTZ: HTTP server listening on address=127.0.0.1:8888"}
{"level":"debug","ts":1696254816.678016,"msg":"HERTZ: Method=POST   absolutePath=/api/v1/signup            --> handlerName=github.com/chuxin0816/bluebell/controller.RegisterHandler (num=2 handlers)"}
{"level":"debug","ts":1696254816.6781619,"msg":"HERTZ: Method=POST   absolutePath=/api/v1/login             --> handlerName=github.com/chuxin0816/bluebell/controller.LoginHandler (num=2 handlers)"}
{"level":"debug","ts":1696254816.678175,"msg":"HERTZ: Method=GET    absolutePath=/api/v1/info              --> handlerName=github.com/chuxin0816/bluebell/controller.InfoHandler (num=3 handlers)"}
{"level":"debug","ts":1696254816.685869,"msg":"HERTZ: Method=GET    absolutePath=/api/v1/community/        --> handlerName=github.com/chuxin0816/bluebell/controller.ICommunityController.List-fm (num=3 handlers)"}
{"level":"debug","ts":1696254816.6859012,"msg":"HERTZ: Method=GET    absolutePath=/api/v1/community/:id     --> handlerName=github.com/chuxin0816/bluebell/controller.ICommunityController.Show-fm (num=3 handlers)"}
{"level":"debug","ts":1696254816.69247,"msg":"HERTZ: Method=POST   absolutePath=/api/v1/post              --> handlerName=github.com/chuxin0816/bluebell/controller.IPostController.Create-fm (num=3 handlers)"}
{"level":"debug","ts":1696254816.692499,"msg":"HERTZ: Method=GET    absolutePath=/api/v1/:id               --> handlerName=github.com/chuxin0816/bluebell/controller.IPostController.Show-fm (num=3 handlers)"}
{"level":"debug","ts":1696254816.692508,"msg":"HERTZ: Method=GET    absolutePath=/api/v1/posts2            --> handlerName=github.com/chuxin0816/bluebell/controller.IPostController.List-fm (num=3 handlers)"}
{"level":"debug","ts":1696254816.692514,"msg":"HERTZ: Method=POST   absolutePath=/api/v1/vote              --> handlerName=github.com/chuxin0816/bluebell/controller.IPostController.Vote-fm (num=3 handlers)"}
{"level":"info","ts":1696254816.692628,"msg":"HERTZ: Using network library=netpoll"}
{"level":"info","ts":1696254816.6927319,"msg":"HERTZ: HTTP server listening on address=127.0.0.1:8888"}
{"level":"debug","ts":1696254829.229614,"msg":"ids: [5282982340333568]"}
{"level":"debug","ts":1696254868.533248,"msg":"HERTZ: Method=POST   absolutePath=/api/v1/signup            --> handlerName=github.com/chuxin0816/bluebell/controller.RegisterHandler (num=2 handlers)"}
{"level":"debug","ts":1696254868.533476,"msg":"HERTZ: Method=POST   absolutePath=/api/v1/login             --> handlerName=github.com/chuxin0816/bluebell/controller.LoginHandler (num=2 handlers)"}
{"level":"debug","ts":1696254868.5335062,"msg":"HERTZ: Method=GET    absolutePath=/api/v1/info              --> handlerName=github.com/chuxin0816/bluebell/controller.InfoHandler (num=3 handlers)"}
{"level":"debug","ts":1696254868.5399349,"msg":"HERTZ: Method=GET    absolutePath=/api/v1/community/        --> handlerName=github.com/chuxin0816/bluebell/controller.ICommunityController.List-fm (num=3 handlers)"}
{"level":"debug","ts":1696254868.5399868,"msg":"HERTZ: Method=GET    absolutePath=/api/v1/community/:id     --> handlerName=github.com/chuxin0816/bluebell/controller.ICommunityController.Show-fm (num=3 handlers)"}
{"level":"debug","ts":1696254868.545117,"msg":"HERTZ: Method=POST   absolutePath=/api/v1/post              --> handlerName=github.com/chuxin0816/bluebell/controller.IPostController.Create-fm (num=3 handlers)"}
{"level":"debug","ts":1696254868.545177,"msg":"HERTZ: Method=GET    absolutePath=/api/v1/:id               --> handlerName=github.com/chuxin0816/bluebell/controller.IPostController.Show-fm (num=3 handlers)"}
{"level":"debug","ts":1696254868.5452,"msg":"HERTZ: Method=GET    absolutePath=/api/v1/posts2            --> handlerName=github.com/chuxin0816/bluebell/controller.IPostController.List-fm (num=3 handlers)"}
{"level":"debug","ts":1696254868.545216,"msg":"HERTZ: Method=POST   absolutePath=/api/v1/vote              --> handlerName=github.com/chuxin0816/bluebell/controller.IPostController.Vote-fm (num=3 handlers)"}
{"level":"info","ts":1696254868.545372,"msg":"HERTZ: Using network library=netpoll"}
{"level":"info","ts":1696254868.545515,"msg":"HERTZ: HTTP server listening on address=127.0.0.1:8888"}
