{"level":"debug","ts":1695709721.625855,"msg":"HERTZ: Method=POST   absolutePath=/api/v1/signup            --> handlerName=github.com/chuxin0816/bluebell/controller.RegisterHandler (num=2 handlers)"}
{"level":"debug","ts":1695709721.6261818,"msg":"HERTZ: Method=POST   absolutePath=/api/v1/login             --> handlerName=github.com/chuxin0816/bluebell/controller.LoginHandler (num=2 handlers)"}
{"level":"debug","ts":1695709721.626225,"msg":"HERTZ: Method=GET    absolutePath=/api/v1/info              --> handlerName=github.com/chuxin0816/bluebell/controller.InfoHandler (num=3 handlers)"}
{"level":"debug","ts":1695709721.6333902,"msg":"HERTZ: Method=GET    absolutePath=/api/v1/community/        --> handlerName=github.com/chuxin0816/bluebell/controller.ICommunityController.List-fm (num=3 handlers)"}
{"level":"debug","ts":1695709721.633429,"msg":"HERTZ: Method=GET    absolutePath=/api/v1/community/:id     --> handlerName=github.com/chuxin0816/bluebell/controller.ICommunityController.Show-fm (num=3 handlers)"}
{"level":"debug","ts":1695709721.639523,"msg":"HERTZ: Method=POST   absolutePath=/api/v1/post/             --> handlerName=github.com/chuxin0816/bluebell/controller.IPostController.Create-fm (num=3 handlers)"}
{"level":"debug","ts":1695709721.6395469,"msg":"HERTZ: Method=GET    absolutePath=/api/v1/post/:id          --> handlerName=github.com/chuxin0816/bluebell/controller.IPostController.Show-fm (num=3 handlers)"}
{"level":"debug","ts":1695709721.639555,"msg":"HERTZ: Method=GET    absolutePath=/api/v1/post/             --> handlerName=github.com/chuxin0816/bluebell/controller.IPostController.List-fm (num=3 handlers)"}
{"level":"info","ts":1695709721.639651,"msg":"HERTZ: Using network library=netpoll"}
{"level":"info","ts":1695709721.639758,"msg":"HERTZ: HTTP server listening on address=127.0.0.1:8888"}
{"level":"debug","ts":1695709874.520683,"msg":"HERTZ: Method=POST   absolutePath=/api/v1/signup            --> handlerName=github.com/chuxin0816/bluebell/controller.RegisterHandler (num=2 handlers)"}
{"level":"debug","ts":1695709874.520826,"msg":"HERTZ: Method=POST   absolutePath=/api/v1/login             --> handlerName=github.com/chuxin0816/bluebell/controller.LoginHandler (num=2 handlers)"}
{"level":"debug","ts":1695709874.520843,"msg":"HERTZ: Method=GET    absolutePath=/api/v1/info              --> handlerName=github.com/chuxin0816/bluebell/controller.InfoHandler (num=3 handlers)"}
{"level":"debug","ts":1695709874.527331,"msg":"HERTZ: Method=GET    absolutePath=/api/v1/community/        --> handlerName=github.com/chuxin0816/bluebell/controller.ICommunityController.List-fm (num=3 handlers)"}
{"level":"debug","ts":1695709874.5274088,"msg":"HERTZ: Method=GET    absolutePath=/api/v1/community/:id     --> handlerName=github.com/chuxin0816/bluebell/controller.ICommunityController.Show-fm (num=3 handlers)"}
{"level":"debug","ts":1695709874.534343,"msg":"HERTZ: Method=POST   absolutePath=/api/v1/post2/            --> handlerName=github.com/chuxin0816/bluebell/controller.IPostController.Create-fm (num=3 handlers)"}
{"level":"debug","ts":1695709874.534374,"msg":"HERTZ: Method=GET    absolutePath=/api/v1/post2/:id         --> handlerName=github.com/chuxin0816/bluebell/controller.IPostController.Show-fm (num=3 handlers)"}
{"level":"debug","ts":1695709874.534389,"msg":"HERTZ: Method=GET    absolutePath=/api/v1/post2/            --> handlerName=github.com/chuxin0816/bluebell/controller.IPostController.List-fm (num=3 handlers)"}
{"level":"info","ts":1695709874.534539,"msg":"HERTZ: Using network library=netpoll"}
{"level":"info","ts":1695709874.5346692,"msg":"HERTZ: HTTP server listening on address=127.0.0.1:8888"}
{"level":"debug","ts":1695709906.050463,"msg":"HERTZ: Method=POST   absolutePath=/api/v1/signup            --> handlerName=github.com/chuxin0816/bluebell/controller.RegisterHandler (num=2 handlers)"}
{"level":"debug","ts":1695709906.050653,"msg":"HERTZ: Method=POST   absolutePath=/api/v1/login             --> handlerName=github.com/chuxin0816/bluebell/controller.LoginHandler (num=2 handlers)"}
{"level":"debug","ts":1695709906.0506759,"msg":"HERTZ: Method=GET    absolutePath=/api/v1/info              --> handlerName=github.com/chuxin0816/bluebell/controller.InfoHandler (num=3 handlers)"}
{"level":"debug","ts":1695709906.0575922,"msg":"HERTZ: Method=GET    absolutePath=/api/v1/community/        --> handlerName=github.com/chuxin0816/bluebell/controller.ICommunityController.List-fm (num=3 handlers)"}
{"level":"debug","ts":1695709906.0576231,"msg":"HERTZ: Method=GET    absolutePath=/api/v1/community/:id     --> handlerName=github.com/chuxin0816/bluebell/controller.ICommunityController.Show-fm (num=3 handlers)"}
{"level":"debug","ts":1695709906.063514,"msg":"HERTZ: Method=POST   absolutePath=/api/v1/posts2/           --> handlerName=github.com/chuxin0816/bluebell/controller.IPostController.Create-fm (num=3 handlers)"}
{"level":"debug","ts":1695709906.0635352,"msg":"HERTZ: Method=GET    absolutePath=/api/v1/posts2/:id        --> handlerName=github.com/chuxin0816/bluebell/controller.IPostController.Show-fm (num=3 handlers)"}
{"level":"debug","ts":1695709906.063549,"msg":"HERTZ: Method=GET    absolutePath=/api/v1/posts2/           --> handlerName=github.com/chuxin0816/bluebell/controller.IPostController.List-fm (num=3 handlers)"}
{"level":"info","ts":1695709906.063759,"msg":"HERTZ: Using network library=netpoll"}
{"level":"info","ts":1695709906.06392,"msg":"HERTZ: HTTP server listening on address=127.0.0.1:8888"}
{"level":"debug","ts":1695711063.4384909,"msg":"HERTZ: Method=POST   absolutePath=/api/v1/signup            --> handlerName=github.com/chuxin0816/bluebell/controller.RegisterHandler (num=2 handlers)"}
{"level":"debug","ts":1695711063.4388008,"msg":"HERTZ: Method=POST   absolutePath=/api/v1/login             --> handlerName=github.com/chuxin0816/bluebell/controller.LoginHandler (num=2 handlers)"}
{"level":"debug","ts":1695711063.438844,"msg":"HERTZ: Method=GET    absolutePath=/api/v1/info              --> handlerName=github.com/chuxin0816/bluebell/controller.InfoHandler (num=3 handlers)"}
{"level":"debug","ts":1695711063.4494379,"msg":"HERTZ: Method=GET    absolutePath=/api/v1/community/        --> handlerName=github.com/chuxin0816/bluebell/controller.ICommunityController.List-fm (num=3 handlers)"}
{"level":"debug","ts":1695711063.4495559,"msg":"HERTZ: Method=GET    absolutePath=/api/v1/community/:id     --> handlerName=github.com/chuxin0816/bluebell/controller.ICommunityController.Show-fm (num=3 handlers)"}
{"level":"debug","ts":1695711063.456394,"msg":"HERTZ: Method=POST   absolutePath=/api/v1/posts2/           --> handlerName=github.com/chuxin0816/bluebell/controller.IPostController.Create-fm (num=3 handlers)"}
{"level":"debug","ts":1695711063.456486,"msg":"HERTZ: Method=GET    absolutePath=/api/v1/posts2/:id        --> handlerName=github.com/chuxin0816/bluebell/controller.IPostController.Show-fm (num=3 handlers)"}
{"level":"debug","ts":1695711063.456516,"msg":"HERTZ: Method=GET    absolutePath=/api/v1/posts2/           --> handlerName=github.com/chuxin0816/bluebell/controller.IPostController.List-fm (num=3 handlers)"}
{"level":"info","ts":1695711063.4567978,"msg":"HERTZ: Using network library=netpoll"}
{"level":"info","ts":1695711063.457206,"msg":"HERTZ: HTTP server listening on address=127.0.0.1:8888"}
{"level":"debug","ts":1695711121.454468,"msg":"HERTZ: Method=POST   absolutePath=/api/v1/signup            --> handlerName=github.com/chuxin0816/bluebell/controller.RegisterHandler (num=2 handlers)"}
{"level":"debug","ts":1695711121.4546041,"msg":"HERTZ: Method=POST   absolutePath=/api/v1/login             --> handlerName=github.com/chuxin0816/bluebell/controller.LoginHandler (num=2 handlers)"}
{"level":"debug","ts":1695711121.4546208,"msg":"HERTZ: Method=GET    absolutePath=/api/v1/info              --> handlerName=github.com/chuxin0816/bluebell/controller.InfoHandler (num=3 handlers)"}
{"level":"debug","ts":1695711121.4606478,"msg":"HERTZ: Method=GET    absolutePath=/api/v1/community/        --> handlerName=github.com/chuxin0816/bluebell/controller.ICommunityController.List-fm (num=3 handlers)"}
{"level":"debug","ts":1695711121.4606762,"msg":"HERTZ: Method=GET    absolutePath=/api/v1/community/:id     --> handlerName=github.com/chuxin0816/bluebell/controller.ICommunityController.Show-fm (num=3 handlers)"}
{"level":"debug","ts":1695711121.466341,"msg":"HERTZ: Method=POST   absolutePath=/api/v1/post              --> handlerName=github.com/chuxin0816/bluebell/controller.IPostController.Create-fm (num=3 handlers)"}
{"level":"debug","ts":1695711121.466366,"msg":"HERTZ: Method=GET    absolutePath=/api/v1/:id               --> handlerName=github.com/chuxin0816/bluebell/controller.IPostController.Show-fm (num=3 handlers)"}
{"level":"debug","ts":1695711121.4663749,"msg":"HERTZ: Method=GET    absolutePath=/api/v1/posts2            --> handlerName=github.com/chuxin0816/bluebell/controller.IPostController.List-fm (num=3 handlers)"}
{"level":"info","ts":1695711121.4665668,"msg":"HERTZ: Using network library=netpoll"}
{"level":"info","ts":1695711121.4666722,"msg":"HERTZ: HTTP server listening on address=127.0.0.1:8888"}
{"level":"error","ts":1695711127.9055831,"msg":"Create post with invalid param: validating: expr_path=CommunityID, cause=invalid"}
{"level":"error","ts":1695711145.340323,"msg":"Create post with invalid param: validating: expr_path=CommunityID, cause=invalid"}
{"level":"error","ts":1695711233.8569589,"msg":"Get post with invalid param: strconv.ParseInt: parsing \"community\": invalid syntax"}
