{"level":"debug","ts":1695402641.0798888,"msg":"HERTZ: Method=GET    absolutePath=/ping                     --> handlerName=github.com/chuxin0816/bluebell/router.SetUp.func1 (num=3 handlers)"}
{"level":"debug","ts":1695402641.080139,"msg":"HERTZ: Method=POST   absolutePath=/register                 --> handlerName=github.com/chuxin0816/bluebell/controller.RegisterHandler (num=2 handlers)"}
{"level":"debug","ts":1695402641.080161,"msg":"HERTZ: Method=POST   absolutePath=/login                    --> handlerName=github.com/chuxin0816/bluebell/controller.LoginHandler (num=2 handlers)"}
{"level":"info","ts":1695402641.080352,"msg":"HERTZ: Using network library=netpoll"}
{"level":"info","ts":1695402641.0804842,"msg":"HERTZ: HTTP server listening on address=127.0.0.1:8080"}
{"level":"info","ts":1695402644.856663,"msg":"HERTZ: Received signal: interrupt\n"}
{"level":"info","ts":1695402644.8568661,"msg":"HERTZ: Begin graceful shutdown, wait at most num=5 seconds..."}
{"level":"info","ts":1695402644.85712,"msg":"HERTZ: Execute OnShutdownHooks finish"}
{"level":"debug","ts":1695439936.5211022,"msg":"HERTZ: Method=GET    absolutePath=/ping                     --> handlerName=github.com/chuxin0816/bluebell/router.SetUp.func1 (num=3 handlers)"}
{"level":"debug","ts":1695439936.5216389,"msg":"HERTZ: Method=POST   absolutePath=/register                 --> handlerName=github.com/chuxin0816/bluebell/controller.RegisterHandler (num=2 handlers)"}
{"level":"debug","ts":1695439936.5216691,"msg":"HERTZ: Method=POST   absolutePath=/login                    --> handlerName=github.com/chuxin0816/bluebell/controller.LoginHandler (num=2 handlers)"}
{"level":"info","ts":1695439936.521853,"msg":"HERTZ: Using network library=netpoll"}
{"level":"info","ts":1695439936.521971,"msg":"HERTZ: HTTP server listening on address=127.0.0.1:8080"}
{"level":"info","ts":1695439937.733375,"msg":"HERTZ: Received signal: interrupt\n"}
{"level":"info","ts":1695439937.73349,"msg":"HERTZ: Begin graceful shutdown, wait at most num=5 seconds..."}
{"level":"info","ts":1695439937.733679,"msg":"HERTZ: Execute OnShutdownHooks finish"}
{"level":"debug","ts":1695455136.6891131,"msg":"HERTZ: Method=GET    absolutePath=/ping                     --> handlerName=github.com/chuxin0816/bluebell/router.SetUp.func1 (num=3 handlers)"}
{"level":"debug","ts":1695455136.689458,"msg":"HERTZ: Method=POST   absolutePath=/register                 --> handlerName=github.com/chuxin0816/bluebell/controller.RegisterHandler (num=2 handlers)"}
{"level":"debug","ts":1695455136.689486,"msg":"HERTZ: Method=POST   absolutePath=/login                    --> handlerName=github.com/chuxin0816/bluebell/controller.LoginHandler (num=2 handlers)"}
{"level":"info","ts":1695455136.689631,"msg":"HERTZ: Using network library=netpoll"}
{"level":"info","ts":1695455136.689742,"msg":"HERTZ: HTTP server listening on address=127.0.0.1:8080"}
{"level":"debug","ts":1695458336.633617,"msg":"HERTZ: Method=GET    absolutePath=/ping                     --> handlerName=github.com/chuxin0816/bluebell/router.SetUp.func1 (num=3 handlers)"}
{"level":"debug","ts":1695458336.6341288,"msg":"HERTZ: Method=POST   absolutePath=/register                 --> handlerName=github.com/chuxin0816/bluebell/controller.RegisterHandler (num=2 handlers)"}
{"level":"debug","ts":1695458336.634152,"msg":"HERTZ: Method=POST   absolutePath=/login                    --> handlerName=github.com/chuxin0816/bluebell/controller.LoginHandler (num=2 handlers)"}
{"level":"info","ts":1695458336.634239,"msg":"HERTZ: Using network library=netpoll"}
{"level":"info","ts":1695458336.634311,"msg":"HERTZ: HTTP server listening on address=127.0.0.1:8080"}
{"level":"debug","ts":1695482056.097815,"msg":"HERTZ: Method=POST   absolutePath=/register                 --> handlerName=github.com/chuxin0816/bluebell/controller.RegisterHandler (num=2 handlers)"}
{"level":"debug","ts":1695482056.098646,"msg":"HERTZ: Method=POST   absolutePath=/login                    --> handlerName=github.com/chuxin0816/bluebell/controller.LoginHandler (num=2 handlers)"}
{"level":"debug","ts":1695482056.098677,"msg":"HERTZ: Method=GET    absolutePath=/info                     --> handlerName=github.com/chuxin0816/bluebell/controller.InfoHandler (num=3 handlers)"}
{"level":"debug","ts":1695482056.133045,"msg":"HERTZ: Method=GET    absolutePath=/community/               --> handlerName=github.com/chuxin0816/bluebell/controller.(*communityController).GetCommunityList-fm (num=3 handlers)"}
{"level":"info","ts":1695482056.133352,"msg":"HERTZ: Using network library=netpoll"}
{"level":"info","ts":1695482056.133499,"msg":"HERTZ: HTTP server listening on address=127.0.0.1:8080"}
{"level":"debug","ts":1695482516.108822,"msg":"HERTZ: Method=POST   absolutePath=/register                 --> handlerName=github.com/chuxin0816/bluebell/controller.RegisterHandler (num=2 handlers)"}
{"level":"debug","ts":1695482516.108972,"msg":"HERTZ: Method=POST   absolutePath=/login                    --> handlerName=github.com/chuxin0816/bluebell/controller.LoginHandler (num=2 handlers)"}
{"level":"debug","ts":1695482516.108989,"msg":"HERTZ: Method=GET    absolutePath=/info                     --> handlerName=github.com/chuxin0816/bluebell/controller.InfoHandler (num=3 handlers)"}
{"level":"debug","ts":1695482516.116315,"msg":"HERTZ: Method=GET    absolutePath=/community/               --> handlerName=github.com/chuxin0816/bluebell/controller.(*communityController).GetCommunityList-fm (num=3 handlers)"}
{"level":"info","ts":1695482516.116451,"msg":"HERTZ: Using network library=netpoll"}
{"level":"info","ts":1695482516.116554,"msg":"HERTZ: HTTP server listening on address=127.0.0.1:8080"}
{"level":"debug","ts":1695482530.433507,"msg":"HERTZ: Method=POST   absolutePath=/register                 --> handlerName=github.com/chuxin0816/bluebell/controller.RegisterHandler (num=2 handlers)"}
{"level":"debug","ts":1695482530.433613,"msg":"HERTZ: Method=POST   absolutePath=/login                    --> handlerName=github.com/chuxin0816/bluebell/controller.LoginHandler (num=2 handlers)"}
{"level":"debug","ts":1695482530.4336278,"msg":"HERTZ: Method=GET    absolutePath=/info                     --> handlerName=github.com/chuxin0816/bluebell/controller.InfoHandler (num=3 handlers)"}
{"level":"debug","ts":1695482530.441164,"msg":"HERTZ: Method=GET    absolutePath=/community/               --> handlerName=github.com/chuxin0816/bluebell/controller.(*communityController).GetCommunityList-fm (num=3 handlers)"}
{"level":"info","ts":1695482530.441349,"msg":"HERTZ: Using network library=netpoll"}
{"level":"info","ts":1695482530.441439,"msg":"HERTZ: HTTP server listening on address=127.0.0.1:8080"}
{"level":"debug","ts":1695482821.5252879,"msg":"HERTZ: Method=POST   absolutePath=/register                 --> handlerName=github.com/chuxin0816/bluebell/controller.RegisterHandler (num=2 handlers)"}
{"level":"debug","ts":1695482821.52569,"msg":"HERTZ: Method=POST   absolutePath=/login                    --> handlerName=github.com/chuxin0816/bluebell/controller.LoginHandler (num=2 handlers)"}
{"level":"debug","ts":1695482821.525706,"msg":"HERTZ: Method=GET    absolutePath=/info                     --> handlerName=github.com/chuxin0816/bluebell/controller.InfoHandler (num=3 handlers)"}
{"level":"debug","ts":1695482821.5315058,"msg":"HERTZ: Method=GET    absolutePath=/community/               --> handlerName=github.com/chuxin0816/bluebell/controller.(*communityController).GetCommunityList-fm (num=3 handlers)"}
{"level":"info","ts":1695482821.53162,"msg":"HERTZ: Using network library=netpoll"}
{"level":"info","ts":1695482821.531699,"msg":"HERTZ: HTTP server listening on address=127.0.0.1:8080"}
{"level":"debug","ts":1695482836.083744,"msg":"HERTZ: Method=POST   absolutePath=/register                 --> handlerName=github.com/chuxin0816/bluebell/controller.RegisterHandler (num=2 handlers)"}
{"level":"debug","ts":1695482836.083921,"msg":"HERTZ: Method=POST   absolutePath=/login                    --> handlerName=github.com/chuxin0816/bluebell/controller.LoginHandler (num=2 handlers)"}
{"level":"debug","ts":1695482836.083943,"msg":"HERTZ: Method=GET    absolutePath=/info                     --> handlerName=github.com/chuxin0816/bluebell/controller.InfoHandler (num=3 handlers)"}
{"level":"debug","ts":1695482836.091102,"msg":"HERTZ: Method=GET    absolutePath=/community/               --> handlerName=github.com/chuxin0816/bluebell/controller.(*communityController).GetCommunityList-fm (num=3 handlers)"}
{"level":"info","ts":1695482836.09127,"msg":"HERTZ: Using network library=netpoll"}
{"level":"info","ts":1695482836.091407,"msg":"HERTZ: HTTP server listening on address=127.0.0.1:8080"}
{"level":"debug","ts":1695482860.544385,"msg":"HERTZ: Method=POST   absolutePath=/register                 --> handlerName=github.com/chuxin0816/bluebell/controller.RegisterHandler (num=2 handlers)"}
{"level":"debug","ts":1695482860.544496,"msg":"HERTZ: Method=POST   absolutePath=/login                    --> handlerName=github.com/chuxin0816/bluebell/controller.LoginHandler (num=2 handlers)"}
{"level":"debug","ts":1695482860.544509,"msg":"HERTZ: Method=GET    absolutePath=/info                     --> handlerName=github.com/chuxin0816/bluebell/controller.InfoHandler (num=3 handlers)"}
{"level":"debug","ts":1695482860.549824,"msg":"HERTZ: Method=GET    absolutePath=/community/               --> handlerName=github.com/chuxin0816/bluebell/controller.(*communityController).GetCommunityList-fm (num=3 handlers)"}
{"level":"info","ts":1695482860.549953,"msg":"HERTZ: Using network library=netpoll"}
{"level":"info","ts":1695482860.550029,"msg":"HERTZ: HTTP server listening on address=127.0.0.1:8080"}
{"level":"error","ts":1695482872.3759968,"msg":"HERTZ: [Recovery] err=interface conversion: interface {} is *models.User, not models.User\nstack=/usr/local/go/src/runtime/iface.go:263 (0x100020f97)\n\tpanicdottypeE: panic(&TypeAssertionError{iface, have, want, \"\"})\n/Users/chuxin/Desktop/Code/bluebell/controller/user.go:58 (0x100621cff)\n\tInfoHandler: user := ctx.MustGet(\"user\").(models.User)\n/Users/chuxin/go/pkg/mod/github.com/cloudwego/hertz@v0.6.8/pkg/app/context.go:719 (0x1006130c3)\n\t(*RequestContext).Next: ctx.handlers[ctx.index](c, ctx)\n/Users/chuxin/Desktop/Code/bluebell/middleware/Auth.go:39 (0x10065588f)\n\tSetUp.AuthMiddleware.func2: ctx.Next(c)\n/Users/chuxin/go/pkg/mod/github.com/cloudwego/hertz@v0.6.8/pkg/app/context.go:719 (0x1006130c3)\n\t(*RequestContext).Next: ctx.handlers[ctx.index](c, ctx)\n/Users/chuxin/go/pkg/mod/github.com/cloudwego/hertz@v0.6.8/pkg/app/middlewares/server/recovery/recovery.go:50 (0x1006228bb)\n\tRecovery.func1: ctx.Next(c)\n/Users/chuxin/go/pkg/mod/github.com/cloudwego/hertz@v0.6.8/pkg/app/context.go:719 (0x1006130c3)\n\t(*RequestContext).Next: ctx.handlers[ctx.index](c, ctx)\n/Users/chuxin/go/pkg/mod/github.com/cloudwego/hertz@v0.6.8/pkg/route/engine.go:703 (0x10064bcc3)\n\t(*Engine).ServeHTTP: ctx.Next(c)\n/Users/chuxin/go/pkg/mod/github.com/cloudwego/hertz@v0.6.8/pkg/protocol/http1/server.go:280 (0x100646ed3)\n\tServer.Serve: s.Core.ServeHTTP(cc, ctx)\n/Users/chuxin/go/pkg/mod/github.com/cloudwego/hertz@v0.6.8/pkg/route/engine.go:532 (0x10064a6d7)\n\t(*Engine).Serve: err = engine.protocolServers[suite.HTTP1].Serve(c, conn)\n/Users/chuxin/go/pkg/mod/github.com/cloudwego/hertz@v0.6.8/pkg/route/engine.go:423 (0x100649c6b)\n\t(*Engine).onData: err = engine.Serve(c, conn)\n/Users/chuxin/go/pkg/mod/github.com/cloudwego/hertz@v0.6.8/pkg/network/netpoll/transport.go:107 (0x100638063)\n\t(*transporter).ListenAndServe.func3: return onReq(ctx, newConn(connection))\n/Users/chuxin/go/pkg/mod/github.com/cloudwego/netpoll@v0.3.2/connection_onevent.go:161 (0x100627d2b)\n\t(*connection).onRequest.func2: _ = onRequest(c.ctx, c)\n/Users/chuxin/go/pkg/mod/github.com/cloudwego/netpoll@v0.3.2/connection_onevent.go:184 (0x100627efb)\n\t(*connection).onProcess.func1: process(c)\n/Users/chuxin/go/pkg/mod/github.com/bytedance/gopkg@v0.0.0-20220413063733-65bf48ffb3a7/util/gopool/worker.go:68 (0x100624747)\n\t(*worker).run.func1.1: t.f()\n/Users/chuxin/go/pkg/mod/github.com/bytedance/gopkg@v0.0.0-20220413063733-65bf48ffb3a7/util/gopool/worker.go:69 (0x1006245db)\n\t(*worker).run.func1: }()\n/usr/local/go/src/runtime/asm_arm64.s:1197 (0x10007fb03)\n\tgoexit: MOVD\tR0, R0\t// NOP\n"}
{"level":"debug","ts":1695482937.3227332,"msg":"HERTZ: Method=POST   absolutePath=/register                 --> handlerName=github.com/chuxin0816/bluebell/controller.RegisterHandler (num=2 handlers)"}
{"level":"debug","ts":1695482937.322858,"msg":"HERTZ: Method=POST   absolutePath=/login                    --> handlerName=github.com/chuxin0816/bluebell/controller.LoginHandler (num=2 handlers)"}
{"level":"debug","ts":1695482937.3228722,"msg":"HERTZ: Method=GET    absolutePath=/info                     --> handlerName=github.com/chuxin0816/bluebell/controller.InfoHandler (num=3 handlers)"}
{"level":"debug","ts":1695482937.3291159,"msg":"HERTZ: Method=GET    absolutePath=/community/               --> handlerName=github.com/chuxin0816/bluebell/controller.(*communityController).GetCommunityList-fm (num=3 handlers)"}
{"level":"info","ts":1695482937.329258,"msg":"HERTZ: Using network library=netpoll"}
{"level":"info","ts":1695482937.329331,"msg":"HERTZ: HTTP server listening on address=127.0.0.1:8080"}
{"level":"debug","ts":1695483138.426868,"msg":"HERTZ: Method=POST   absolutePath=/register                 --> handlerName=github.com/chuxin0816/bluebell/controller.RegisterHandler (num=2 handlers)"}
{"level":"debug","ts":1695483138.426991,"msg":"HERTZ: Method=POST   absolutePath=/login                    --> handlerName=github.com/chuxin0816/bluebell/controller.LoginHandler (num=2 handlers)"}
{"level":"debug","ts":1695483138.427007,"msg":"HERTZ: Method=GET    absolutePath=/info                     --> handlerName=github.com/chuxin0816/bluebell/controller.InfoHandler (num=3 handlers)"}
{"level":"debug","ts":1695483138.432829,"msg":"HERTZ: Method=GET    absolutePath=/community/               --> handlerName=github.com/chuxin0816/bluebell/controller.(*communityController).GetCommunityList-fm (num=3 handlers)"}
{"level":"info","ts":1695483138.4329479,"msg":"HERTZ: Using network library=netpoll"}
{"level":"info","ts":1695483138.4330409,"msg":"HERTZ: HTTP server listening on address=127.0.0.1:8080"}
{"level":"debug","ts":1695483276.0554519,"msg":"HERTZ: Method=POST   absolutePath=/register                 --> handlerName=github.com/chuxin0816/bluebell/controller.RegisterHandler (num=2 handlers)"}
{"level":"debug","ts":1695483276.05685,"msg":"HERTZ: Method=POST   absolutePath=/login                    --> handlerName=github.com/chuxin0816/bluebell/controller.LoginHandler (num=2 handlers)"}
{"level":"debug","ts":1695483276.056889,"msg":"HERTZ: Method=GET    absolutePath=/info                     --> handlerName=github.com/chuxin0816/bluebell/controller.InfoHandler (num=3 handlers)"}
{"level":"debug","ts":1695483276.0681841,"msg":"HERTZ: Method=GET    absolutePath=/community/               --> handlerName=github.com/chuxin0816/bluebell/controller.(*communityController).GetCommunityList-fm (num=3 handlers)"}
{"level":"info","ts":1695483276.068453,"msg":"HERTZ: Using network library=netpoll"}
{"level":"info","ts":1695483276.068668,"msg":"HERTZ: HTTP server listening on address=127.0.0.1:8080"}
{"level":"debug","ts":1695483337.7122052,"msg":"HERTZ: Method=POST   absolutePath=/register                 --> handlerName=github.com/chuxin0816/bluebell/controller.RegisterHandler (num=2 handlers)"}
{"level":"debug","ts":1695483337.712404,"msg":"HERTZ: Method=POST   absolutePath=/login                    --> handlerName=github.com/chuxin0816/bluebell/controller.LoginHandler (num=2 handlers)"}
{"level":"debug","ts":1695483337.712424,"msg":"HERTZ: Method=GET    absolutePath=/info                     --> handlerName=github.com/chuxin0816/bluebell/controller.InfoHandler (num=3 handlers)"}
{"level":"debug","ts":1695483337.718904,"msg":"HERTZ: Method=GET    absolutePath=/community/               --> handlerName=github.com/chuxin0816/bluebell/controller.(*communityController).GetCommunityList-fm (num=3 handlers)"}
{"level":"info","ts":1695483337.7191098,"msg":"HERTZ: Using network library=netpoll"}
{"level":"info","ts":1695483337.719251,"msg":"HERTZ: HTTP server listening on address=127.0.0.1:8080"}
{"level":"debug","ts":1695483366.375801,"msg":"HERTZ: Method=POST   absolutePath=/register                 --> handlerName=github.com/chuxin0816/bluebell/controller.RegisterHandler (num=2 handlers)"}
{"level":"debug","ts":1695483366.375972,"msg":"HERTZ: Method=POST   absolutePath=/login                    --> handlerName=github.com/chuxin0816/bluebell/controller.LoginHandler (num=2 handlers)"}
{"level":"debug","ts":1695483366.375992,"msg":"HERTZ: Method=GET    absolutePath=/info                     --> handlerName=github.com/chuxin0816/bluebell/controller.InfoHandler (num=3 handlers)"}
{"level":"debug","ts":1695483366.382335,"msg":"HERTZ: Method=GET    absolutePath=/community/               --> handlerName=github.com/chuxin0816/bluebell/controller.(*communityController).GetCommunityList-fm (num=3 handlers)"}
{"level":"info","ts":1695483366.382504,"msg":"HERTZ: Using network library=netpoll"}
{"level":"info","ts":1695483366.382611,"msg":"HERTZ: HTTP server listening on address=127.0.0.1:8080"}
