{"level":"debug","ts":1696301041.4692428,"msg":"HERTZ: Method=GET    absolutePath=/swagger/*any             --> handlerName=github.com/hertz-contrib/swagger.CustomWrapHandler.func1 (num=2 handlers)"}
{"level":"debug","ts":1696301041.4694998,"msg":"HERTZ: Method=POST   absolutePath=/api/v1/signup            --> handlerName=github.com/chuxin0816/bluebell/controller.RegisterHandler (num=2 handlers)"}
{"level":"debug","ts":1696301041.469522,"msg":"HERTZ: Method=POST   absolutePath=/api/v1/login             --> handlerName=github.com/chuxin0816/bluebell/controller.LoginHandler (num=2 handlers)"}
{"level":"debug","ts":1696301041.469536,"msg":"HERTZ: Method=GET    absolutePath=/api/v1/info              --> handlerName=github.com/chuxin0816/bluebell/controller.InfoHandler (num=3 handlers)"}
{"level":"debug","ts":1696301041.4758432,"msg":"HERTZ: Method=GET    absolutePath=/api/v1/community/        --> handlerName=github.com/chuxin0816/bluebell/controller.ICommunityController.List-fm (num=2 handlers)"}
{"level":"debug","ts":1696301041.475876,"msg":"HERTZ: Method=GET    absolutePath=/api/v1/community/:id     --> handlerName=github.com/chuxin0816/bluebell/controller.ICommunityController.Show-fm (num=2 handlers)"}
{"level":"debug","ts":1696301041.48127,"msg":"HERTZ: Method=GET    absolutePath=/api/v1/post/:id          --> handlerName=github.com/chuxin0816/bluebell/controller.IPostController.Show-fm (num=2 handlers)"}
{"level":"debug","ts":1696301041.4813068,"msg":"HERTZ: Method=GET    absolutePath=/api/v1/posts2            --> handlerName=github.com/chuxin0816/bluebell/controller.IPostController.List-fm (num=2 handlers)"}
{"level":"debug","ts":1696301041.481324,"msg":"HERTZ: Method=POST   absolutePath=/api/v1/post              --> handlerName=github.com/chuxin0816/bluebell/controller.IPostController.Create-fm (num=3 handlers)"}
{"level":"debug","ts":1696301041.481337,"msg":"HERTZ: Method=POST   absolutePath=/api/v1/vote              --> handlerName=github.com/chuxin0816/bluebell/controller.IPostController.Vote-fm (num=3 handlers)"}
{"level":"info","ts":1696301041.481565,"msg":"HERTZ: Using network library=netpoll"}
{"level":"info","ts":1696301041.481688,"msg":"HERTZ: HTTP server listening on address=127.0.0.1:8888"}
{"level":"debug","ts":1696301141.535541,"msg":"HERTZ: Method=GET    absolutePath=/swagger/*any             --> handlerName=github.com/hertz-contrib/swagger.CustomWrapHandler.func1 (num=2 handlers)"}
{"level":"debug","ts":1696301141.535794,"msg":"HERTZ: Method=POST   absolutePath=/api/v1/signup            --> handlerName=github.com/chuxin0816/bluebell/controller.RegisterHandler (num=2 handlers)"}
{"level":"debug","ts":1696301141.535817,"msg":"HERTZ: Method=POST   absolutePath=/api/v1/login             --> handlerName=github.com/chuxin0816/bluebell/controller.LoginHandler (num=2 handlers)"}
{"level":"debug","ts":1696301141.53583,"msg":"HERTZ: Method=GET    absolutePath=/api/v1/info              --> handlerName=github.com/chuxin0816/bluebell/controller.InfoHandler (num=3 handlers)"}
{"level":"debug","ts":1696301141.542732,"msg":"HERTZ: Method=GET    absolutePath=/api/v1/community/        --> handlerName=github.com/chuxin0816/bluebell/controller.ICommunityController.List-fm (num=2 handlers)"}
{"level":"debug","ts":1696301141.542766,"msg":"HERTZ: Method=GET    absolutePath=/api/v1/community/:id     --> handlerName=github.com/chuxin0816/bluebell/controller.ICommunityController.Show-fm (num=2 handlers)"}
{"level":"debug","ts":1696301141.54867,"msg":"HERTZ: Method=GET    absolutePath=/api/v1/post/:id          --> handlerName=github.com/chuxin0816/bluebell/controller.IPostController.Show-fm (num=2 handlers)"}
{"level":"debug","ts":1696301141.548704,"msg":"HERTZ: Method=GET    absolutePath=/api/v1/posts2            --> handlerName=github.com/chuxin0816/bluebell/controller.IPostController.List-fm (num=2 handlers)"}
{"level":"debug","ts":1696301141.5487192,"msg":"HERTZ: Method=POST   absolutePath=/api/v1/post              --> handlerName=github.com/chuxin0816/bluebell/controller.IPostController.Create-fm (num=3 handlers)"}
{"level":"debug","ts":1696301141.548736,"msg":"HERTZ: Method=POST   absolutePath=/api/v1/vote              --> handlerName=github.com/chuxin0816/bluebell/controller.IPostController.Vote-fm (num=3 handlers)"}
{"level":"info","ts":1696301141.5490408,"msg":"HERTZ: Using network library=netpoll"}
{"level":"info","ts":1696301141.5491571,"msg":"HERTZ: HTTP server listening on address=127.0.0.1:8888"}
{"level":"debug","ts":1696301158.005615,"msg":"HERTZ: Method=GET    absolutePath=/swagger/*any             --> handlerName=github.com/hertz-contrib/swagger.CustomWrapHandler.func1 (num=2 handlers)"}
{"level":"debug","ts":1696301158.005842,"msg":"HERTZ: Method=POST   absolutePath=/api/v1/signup            --> handlerName=github.com/chuxin0816/bluebell/controller.RegisterHandler (num=2 handlers)"}
{"level":"debug","ts":1696301158.005862,"msg":"HERTZ: Method=POST   absolutePath=/api/v1/login             --> handlerName=github.com/chuxin0816/bluebell/controller.LoginHandler (num=2 handlers)"}
{"level":"debug","ts":1696301158.005876,"msg":"HERTZ: Method=GET    absolutePath=/api/v1/info              --> handlerName=github.com/chuxin0816/bluebell/controller.InfoHandler (num=3 handlers)"}
{"level":"debug","ts":1696301158.0137532,"msg":"HERTZ: Method=GET    absolutePath=/api/v1/community/        --> handlerName=github.com/chuxin0816/bluebell/controller.ICommunityController.List-fm (num=2 handlers)"}
{"level":"debug","ts":1696301158.013792,"msg":"HERTZ: Method=GET    absolutePath=/api/v1/community/:id     --> handlerName=github.com/chuxin0816/bluebell/controller.ICommunityController.Show-fm (num=2 handlers)"}
{"level":"debug","ts":1696301158.020569,"msg":"HERTZ: Method=GET    absolutePath=/api/v1/post/:id          --> handlerName=github.com/chuxin0816/bluebell/controller.IPostController.Show-fm (num=2 handlers)"}
{"level":"debug","ts":1696301158.020604,"msg":"HERTZ: Method=GET    absolutePath=/api/v1/posts2            --> handlerName=github.com/chuxin0816/bluebell/controller.IPostController.List-fm (num=2 handlers)"}
{"level":"debug","ts":1696301158.02062,"msg":"HERTZ: Method=POST   absolutePath=/api/v1/post              --> handlerName=github.com/chuxin0816/bluebell/controller.IPostController.Create-fm (num=3 handlers)"}
{"level":"debug","ts":1696301158.020632,"msg":"HERTZ: Method=POST   absolutePath=/api/v1/vote              --> handlerName=github.com/chuxin0816/bluebell/controller.IPostController.Vote-fm (num=3 handlers)"}
{"level":"info","ts":1696301158.020916,"msg":"HERTZ: Using network library=netpoll"}
{"level":"info","ts":1696301158.02103,"msg":"HERTZ: HTTP server listening on address=127.0.0.1:8888"}
{"level":"debug","ts":1696301179.906265,"msg":"HERTZ: Method=GET    absolutePath=/swagger/*any             --> handlerName=github.com/hertz-contrib/swagger.CustomWrapHandler.func1 (num=2 handlers)"}
{"level":"debug","ts":1696301179.906602,"msg":"HERTZ: Method=POST   absolutePath=/api/v1/signup            --> handlerName=github.com/chuxin0816/bluebell/controller.RegisterHandler (num=2 handlers)"}
{"level":"debug","ts":1696301179.906623,"msg":"HERTZ: Method=POST   absolutePath=/api/v1/login             --> handlerName=github.com/chuxin0816/bluebell/controller.LoginHandler (num=2 handlers)"}
{"level":"debug","ts":1696301179.906633,"msg":"HERTZ: Method=GET    absolutePath=/api/v1/info              --> handlerName=github.com/chuxin0816/bluebell/controller.InfoHandler (num=3 handlers)"}
{"level":"debug","ts":1696301179.916171,"msg":"HERTZ: Method=GET    absolutePath=/api/v1/community/        --> handlerName=github.com/chuxin0816/bluebell/controller.ICommunityController.List-fm (num=2 handlers)"}
{"level":"debug","ts":1696301179.916218,"msg":"HERTZ: Method=GET    absolutePath=/api/v1/community/:id     --> handlerName=github.com/chuxin0816/bluebell/controller.ICommunityController.Show-fm (num=2 handlers)"}
{"level":"debug","ts":1696301179.921911,"msg":"HERTZ: Method=GET    absolutePath=/api/v1/post/:id          --> handlerName=github.com/chuxin0816/bluebell/controller.IPostController.Show-fm (num=2 handlers)"}
{"level":"debug","ts":1696301179.921948,"msg":"HERTZ: Method=GET    absolutePath=/api/v1/posts2            --> handlerName=github.com/chuxin0816/bluebell/controller.IPostController.List-fm (num=2 handlers)"}
{"level":"debug","ts":1696301179.921974,"msg":"HERTZ: Method=POST   absolutePath=/api/v1/post              --> handlerName=github.com/chuxin0816/bluebell/controller.IPostController.Create-fm (num=3 handlers)"}
{"level":"debug","ts":1696301179.921986,"msg":"HERTZ: Method=POST   absolutePath=/api/v1/vote              --> handlerName=github.com/chuxin0816/bluebell/controller.IPostController.Vote-fm (num=3 handlers)"}
{"level":"info","ts":1696301179.9221919,"msg":"HERTZ: Using network library=netpoll"}
{"level":"info","ts":1696301179.922304,"msg":"HERTZ: HTTP server listening on address=127.0.0.1:8888"}
{"level":"debug","ts":1696301260.298128,"msg":"HERTZ: Method=GET    absolutePath=/swagger/*any             --> handlerName=github.com/hertz-contrib/swagger.CustomWrapHandler.func1 (num=2 handlers)"}
{"level":"debug","ts":1696301260.298561,"msg":"HERTZ: Method=POST   absolutePath=/api/v1/signup            --> handlerName=github.com/chuxin0816/bluebell/controller.RegisterHandler (num=2 handlers)"}
{"level":"debug","ts":1696301260.2985961,"msg":"HERTZ: Method=POST   absolutePath=/api/v1/login             --> handlerName=github.com/chuxin0816/bluebell/controller.LoginHandler (num=2 handlers)"}
{"level":"debug","ts":1696301260.298611,"msg":"HERTZ: Method=GET    absolutePath=/api/v1/info              --> handlerName=github.com/chuxin0816/bluebell/controller.InfoHandler (num=3 handlers)"}
{"level":"debug","ts":1696301260.3061619,"msg":"HERTZ: Method=GET    absolutePath=/api/v1/community/        --> handlerName=github.com/chuxin0816/bluebell/controller.ICommunityController.List-fm (num=2 handlers)"}
{"level":"debug","ts":1696301260.3061912,"msg":"HERTZ: Method=GET    absolutePath=/api/v1/community/:id     --> handlerName=github.com/chuxin0816/bluebell/controller.ICommunityController.Show-fm (num=2 handlers)"}
{"level":"debug","ts":1696301260.3135612,"msg":"HERTZ: Method=GET    absolutePath=/api/v1/post/:id          --> handlerName=github.com/chuxin0816/bluebell/controller.IPostController.Show-fm (num=2 handlers)"}
{"level":"debug","ts":1696301260.313626,"msg":"HERTZ: Method=GET    absolutePath=/api/v1/posts2            --> handlerName=github.com/chuxin0816/bluebell/controller.IPostController.List-fm (num=2 handlers)"}
{"level":"debug","ts":1696301260.313643,"msg":"HERTZ: Method=POST   absolutePath=/api/v1/post              --> handlerName=github.com/chuxin0816/bluebell/controller.IPostController.Create-fm (num=3 handlers)"}
{"level":"debug","ts":1696301260.313705,"msg":"HERTZ: Method=POST   absolutePath=/api/v1/vote              --> handlerName=github.com/chuxin0816/bluebell/controller.IPostController.Vote-fm (num=3 handlers)"}
{"level":"info","ts":1696301260.3139892,"msg":"HERTZ: Using network library=netpoll"}
{"level":"info","ts":1696301260.314135,"msg":"HERTZ: HTTP server listening on address=127.0.0.1:8888"}
{"level":"debug","ts":1696301273.087188,"msg":"HERTZ: Method=GET    absolutePath=/swagger/*any             --> handlerName=github.com/hertz-contrib/swagger.CustomWrapHandler.func1 (num=2 handlers)"}
{"level":"debug","ts":1696301273.087591,"msg":"HERTZ: Method=POST   absolutePath=/api/v1/signup            --> handlerName=github.com/chuxin0816/bluebell/controller.RegisterHandler (num=2 handlers)"}
{"level":"debug","ts":1696301273.087615,"msg":"HERTZ: Method=POST   absolutePath=/api/v1/login             --> handlerName=github.com/chuxin0816/bluebell/controller.LoginHandler (num=2 handlers)"}
{"level":"debug","ts":1696301273.0876422,"msg":"HERTZ: Method=GET    absolutePath=/api/v1/info              --> handlerName=github.com/chuxin0816/bluebell/controller.InfoHandler (num=3 handlers)"}
{"level":"debug","ts":1696301273.0940878,"msg":"HERTZ: Method=GET    absolutePath=/api/v1/community/        --> handlerName=github.com/chuxin0816/bluebell/controller.ICommunityController.List-fm (num=2 handlers)"}
{"level":"debug","ts":1696301273.0941298,"msg":"HERTZ: Method=GET    absolutePath=/api/v1/community/:id     --> handlerName=github.com/chuxin0816/bluebell/controller.ICommunityController.Show-fm (num=2 handlers)"}
{"level":"debug","ts":1696301273.100749,"msg":"HERTZ: Method=GET    absolutePath=/api/v1/post/:id          --> handlerName=github.com/chuxin0816/bluebell/controller.IPostController.Show-fm (num=2 handlers)"}
{"level":"debug","ts":1696301273.1007738,"msg":"HERTZ: Method=GET    absolutePath=/api/v1/posts2            --> handlerName=github.com/chuxin0816/bluebell/controller.IPostController.List-fm (num=2 handlers)"}
{"level":"debug","ts":1696301273.1007848,"msg":"HERTZ: Method=POST   absolutePath=/api/v1/post              --> handlerName=github.com/chuxin0816/bluebell/controller.IPostController.Create-fm (num=3 handlers)"}
{"level":"debug","ts":1696301273.1007931,"msg":"HERTZ: Method=POST   absolutePath=/api/v1/vote              --> handlerName=github.com/chuxin0816/bluebell/controller.IPostController.Vote-fm (num=3 handlers)"}
{"level":"info","ts":1696301273.1009998,"msg":"HERTZ: Using network library=netpoll"}
{"level":"info","ts":1696301273.101125,"msg":"HERTZ: HTTP server listening on address=127.0.0.1:8888"}
{"level":"debug","ts":1696301359.4229188,"msg":"HERTZ: Method=GET    absolutePath=/swagger/*any             --> handlerName=github.com/hertz-contrib/swagger.CustomWrapHandler.func1 (num=2 handlers)"}
{"level":"debug","ts":1696301359.4233222,"msg":"HERTZ: Method=POST   absolutePath=/api/v1/signup            --> handlerName=github.com/chuxin0816/bluebell/controller.RegisterHandler (num=2 handlers)"}
{"level":"debug","ts":1696301359.423348,"msg":"HERTZ: Method=POST   absolutePath=/api/v1/login             --> handlerName=github.com/chuxin0816/bluebell/controller.LoginHandler (num=2 handlers)"}
{"level":"debug","ts":1696301359.4233658,"msg":"HERTZ: Method=GET    absolutePath=/api/v1/info              --> handlerName=github.com/chuxin0816/bluebell/controller.InfoHandler (num=3 handlers)"}
{"level":"debug","ts":1696301359.429284,"msg":"HERTZ: Method=GET    absolutePath=/api/v1/community/        --> handlerName=github.com/chuxin0816/bluebell/controller.ICommunityController.List-fm (num=2 handlers)"}
{"level":"debug","ts":1696301359.429316,"msg":"HERTZ: Method=GET    absolutePath=/api/v1/community/:id     --> handlerName=github.com/chuxin0816/bluebell/controller.ICommunityController.Show-fm (num=2 handlers)"}
{"level":"debug","ts":1696301359.43506,"msg":"HERTZ: Method=GET    absolutePath=/api/v1/post/:id          --> handlerName=github.com/chuxin0816/bluebell/controller.IPostController.Show-fm (num=2 handlers)"}
{"level":"debug","ts":1696301359.435099,"msg":"HERTZ: Method=GET    absolutePath=/api/v1/posts2            --> handlerName=github.com/chuxin0816/bluebell/controller.IPostController.List-fm (num=2 handlers)"}
{"level":"debug","ts":1696301359.435116,"msg":"HERTZ: Method=POST   absolutePath=/api/v1/post              --> handlerName=github.com/chuxin0816/bluebell/controller.IPostController.Create-fm (num=3 handlers)"}
{"level":"debug","ts":1696301359.4351308,"msg":"HERTZ: Method=POST   absolutePath=/api/v1/vote              --> handlerName=github.com/chuxin0816/bluebell/controller.IPostController.Vote-fm (num=3 handlers)"}
{"level":"info","ts":1696301359.435429,"msg":"HERTZ: Using network library=netpoll"}
{"level":"info","ts":1696301359.435563,"msg":"HERTZ: HTTP server listening on address=127.0.0.1:8888"}
{"level":"debug","ts":1696301438.947488,"msg":"HERTZ: Method=GET    absolutePath=/swagger/*any             --> handlerName=github.com/hertz-contrib/swagger.CustomWrapHandler.func1 (num=2 handlers)"}
{"level":"debug","ts":1696301438.947676,"msg":"HERTZ: Method=POST   absolutePath=/api/v1/signup            --> handlerName=github.com/chuxin0816/bluebell/controller.RegisterHandler (num=2 handlers)"}
{"level":"debug","ts":1696301438.947693,"msg":"HERTZ: Method=POST   absolutePath=/api/v1/login             --> handlerName=github.com/chuxin0816/bluebell/controller.LoginHandler (num=2 handlers)"}
{"level":"debug","ts":1696301438.9477031,"msg":"HERTZ: Method=GET    absolutePath=/api/v1/info              --> handlerName=github.com/chuxin0816/bluebell/controller.InfoHandler (num=3 handlers)"}
{"level":"debug","ts":1696301438.9542441,"msg":"HERTZ: Method=GET    absolutePath=/api/v1/community/        --> handlerName=github.com/chuxin0816/bluebell/controller.ICommunityController.List-fm (num=2 handlers)"}
{"level":"debug","ts":1696301438.954269,"msg":"HERTZ: Method=GET    absolutePath=/api/v1/community/:id     --> handlerName=github.com/chuxin0816/bluebell/controller.ICommunityController.Show-fm (num=2 handlers)"}
{"level":"debug","ts":1696301438.95978,"msg":"HERTZ: Method=GET    absolutePath=/api/v1/post/:id          --> handlerName=github.com/chuxin0816/bluebell/controller.IPostController.Show-fm (num=2 handlers)"}
{"level":"debug","ts":1696301438.95981,"msg":"HERTZ: Method=GET    absolutePath=/api/v1/posts2            --> handlerName=github.com/chuxin0816/bluebell/controller.IPostController.List-fm (num=2 handlers)"}
{"level":"debug","ts":1696301438.9598238,"msg":"HERTZ: Method=POST   absolutePath=/api/v1/post              --> handlerName=github.com/chuxin0816/bluebell/controller.IPostController.Create-fm (num=3 handlers)"}
{"level":"debug","ts":1696301438.959832,"msg":"HERTZ: Method=POST   absolutePath=/api/v1/vote              --> handlerName=github.com/chuxin0816/bluebell/controller.IPostController.Vote-fm (num=3 handlers)"}
{"level":"info","ts":1696301438.960051,"msg":"HERTZ: Using network library=netpoll"}
{"level":"info","ts":1696301438.960147,"msg":"HERTZ: HTTP server listening on address=127.0.0.1:8888"}
{"level":"debug","ts":1696301469.076015,"msg":"HERTZ: Method=POST   absolutePath=/api/v1/signup            --> handlerName=github.com/chuxin0816/bluebell/controller.RegisterHandler (num=2 handlers)"}
{"level":"debug","ts":1696301469.0762649,"msg":"HERTZ: Method=POST   absolutePath=/api/v1/login             --> handlerName=github.com/chuxin0816/bluebell/controller.LoginHandler (num=2 handlers)"}
{"level":"debug","ts":1696301469.076285,"msg":"HERTZ: Method=GET    absolutePath=/api/v1/info              --> handlerName=github.com/chuxin0816/bluebell/controller.InfoHandler (num=3 handlers)"}
{"level":"debug","ts":1696301469.083732,"msg":"HERTZ: Method=GET    absolutePath=/api/v1/community/        --> handlerName=github.com/chuxin0816/bluebell/controller.ICommunityController.List-fm (num=2 handlers)"}
{"level":"debug","ts":1696301469.083796,"msg":"HERTZ: Method=GET    absolutePath=/api/v1/community/:id     --> handlerName=github.com/chuxin0816/bluebell/controller.ICommunityController.Show-fm (num=2 handlers)"}
{"level":"debug","ts":1696301469.0903392,"msg":"HERTZ: Method=GET    absolutePath=/api/v1/post/:id          --> handlerName=github.com/chuxin0816/bluebell/controller.IPostController.Show-fm (num=2 handlers)"}
{"level":"debug","ts":1696301469.090372,"msg":"HERTZ: Method=GET    absolutePath=/api/v1/posts2            --> handlerName=github.com/chuxin0816/bluebell/controller.IPostController.List-fm (num=2 handlers)"}
{"level":"debug","ts":1696301469.090385,"msg":"HERTZ: Method=POST   absolutePath=/api/v1/post              --> handlerName=github.com/chuxin0816/bluebell/controller.IPostController.Create-fm (num=3 handlers)"}
{"level":"debug","ts":1696301469.090395,"msg":"HERTZ: Method=POST   absolutePath=/api/v1/vote              --> handlerName=github.com/chuxin0816/bluebell/controller.IPostController.Vote-fm (num=3 handlers)"}
{"level":"info","ts":1696301469.090571,"msg":"HERTZ: Using network library=netpoll"}
{"level":"info","ts":1696301469.090683,"msg":"HERTZ: HTTP server listening on address=127.0.0.1:8888"}
{"level":"debug","ts":1696301517.233713,"msg":"HERTZ: Method=GET    absolutePath=/swagger/*any             --> handlerName=github.com/hertz-contrib/swagger.CustomWrapHandler.func1 (num=2 handlers)"}
{"level":"debug","ts":1696301517.23394,"msg":"HERTZ: Method=POST   absolutePath=/api/v1/signup            --> handlerName=github.com/chuxin0816/bluebell/controller.RegisterHandler (num=2 handlers)"}
{"level":"debug","ts":1696301517.2339609,"msg":"HERTZ: Method=POST   absolutePath=/api/v1/login             --> handlerName=github.com/chuxin0816/bluebell/controller.LoginHandler (num=2 handlers)"}
{"level":"debug","ts":1696301517.2339892,"msg":"HERTZ: Method=GET    absolutePath=/api/v1/info              --> handlerName=github.com/chuxin0816/bluebell/controller.InfoHandler (num=3 handlers)"}
{"level":"debug","ts":1696301517.2404768,"msg":"HERTZ: Method=GET    absolutePath=/api/v1/community/        --> handlerName=github.com/chuxin0816/bluebell/controller.ICommunityController.List-fm (num=2 handlers)"}
{"level":"debug","ts":1696301517.240511,"msg":"HERTZ: Method=GET    absolutePath=/api/v1/community/:id     --> handlerName=github.com/chuxin0816/bluebell/controller.ICommunityController.Show-fm (num=2 handlers)"}
{"level":"debug","ts":1696301517.247539,"msg":"HERTZ: Method=GET    absolutePath=/api/v1/post/:id          --> handlerName=github.com/chuxin0816/bluebell/controller.IPostController.Show-fm (num=2 handlers)"}
{"level":"debug","ts":1696301517.247576,"msg":"HERTZ: Method=GET    absolutePath=/api/v1/posts2            --> handlerName=github.com/chuxin0816/bluebell/controller.IPostController.List-fm (num=2 handlers)"}
{"level":"debug","ts":1696301517.2475898,"msg":"HERTZ: Method=POST   absolutePath=/api/v1/post              --> handlerName=github.com/chuxin0816/bluebell/controller.IPostController.Create-fm (num=3 handlers)"}
{"level":"debug","ts":1696301517.247603,"msg":"HERTZ: Method=POST   absolutePath=/api/v1/vote              --> handlerName=github.com/chuxin0816/bluebell/controller.IPostController.Vote-fm (num=3 handlers)"}
{"level":"info","ts":1696301517.247873,"msg":"HERTZ: Using network library=netpoll"}
{"level":"info","ts":1696301517.247999,"msg":"HERTZ: HTTP server listening on address=127.0.0.1:8888"}
{"level":"error","ts":1696301600.1725068,"msg":"Get post list with service error: 没有找到相关帖子"}
{"level":"debug","ts":1696301771.3192089,"msg":"HERTZ: Method=GET    absolutePath=/swagger/*any             --> handlerName=github.com/hertz-contrib/swagger.CustomWrapHandler.func1 (num=2 handlers)"}
{"level":"debug","ts":1696301771.3194292,"msg":"HERTZ: Method=POST   absolutePath=/api/v1/signup            --> handlerName=github.com/chuxin0816/bluebell/controller.RegisterHandler (num=2 handlers)"}
{"level":"debug","ts":1696301771.3194492,"msg":"HERTZ: Method=POST   absolutePath=/api/v1/login             --> handlerName=github.com/chuxin0816/bluebell/controller.LoginHandler (num=2 handlers)"}
{"level":"debug","ts":1696301771.3194618,"msg":"HERTZ: Method=GET    absolutePath=/api/v1/info              --> handlerName=github.com/chuxin0816/bluebell/controller.InfoHandler (num=3 handlers)"}
{"level":"debug","ts":1696301771.325789,"msg":"HERTZ: Method=GET    absolutePath=/api/v1/community/        --> handlerName=github.com/chuxin0816/bluebell/controller.ICommunityController.List-fm (num=2 handlers)"}
{"level":"debug","ts":1696301771.3258219,"msg":"HERTZ: Method=GET    absolutePath=/api/v1/community/:id     --> handlerName=github.com/chuxin0816/bluebell/controller.ICommunityController.Show-fm (num=2 handlers)"}
{"level":"debug","ts":1696301771.3323,"msg":"HERTZ: Method=GET    absolutePath=/api/v1/post/:id          --> handlerName=github.com/chuxin0816/bluebell/controller.IPostController.Show-fm (num=2 handlers)"}
{"level":"debug","ts":1696301771.332343,"msg":"HERTZ: Method=GET    absolutePath=/api/v1/posts2            --> handlerName=github.com/chuxin0816/bluebell/controller.IPostController.List-fm (num=2 handlers)"}
{"level":"debug","ts":1696301771.332358,"msg":"HERTZ: Method=POST   absolutePath=/api/v1/post              --> handlerName=github.com/chuxin0816/bluebell/controller.IPostController.Create-fm (num=3 handlers)"}
{"level":"debug","ts":1696301771.3323698,"msg":"HERTZ: Method=POST   absolutePath=/api/v1/vote              --> handlerName=github.com/chuxin0816/bluebell/controller.IPostController.Vote-fm (num=3 handlers)"}
{"level":"info","ts":1696301771.3326132,"msg":"HERTZ: Using network library=netpoll"}
{"level":"info","ts":1696301771.3327382,"msg":"HERTZ: HTTP server listening on address=127.0.0.1:8888"}
{"level":"debug","ts":1696301778.971307,"msg":"HERTZ: Method=GET    absolutePath=/swagger/*any             --> handlerName=github.com/hertz-contrib/swagger.CustomWrapHandler.func1 (num=2 handlers)"}
{"level":"debug","ts":1696301778.9715588,"msg":"HERTZ: Method=POST   absolutePath=/api/v1/signup            --> handlerName=github.com/chuxin0816/bluebell/controller.RegisterHandler (num=2 handlers)"}
{"level":"debug","ts":1696301778.971582,"msg":"HERTZ: Method=POST   absolutePath=/api/v1/login             --> handlerName=github.com/chuxin0816/bluebell/controller.LoginHandler (num=2 handlers)"}
{"level":"debug","ts":1696301778.971595,"msg":"HERTZ: Method=GET    absolutePath=/api/v1/info              --> handlerName=github.com/chuxin0816/bluebell/controller.InfoHandler (num=3 handlers)"}
{"level":"debug","ts":1696301778.978167,"msg":"HERTZ: Method=GET    absolutePath=/api/v1/community/        --> handlerName=github.com/chuxin0816/bluebell/controller.ICommunityController.List-fm (num=2 handlers)"}
{"level":"debug","ts":1696301778.9781911,"msg":"HERTZ: Method=GET    absolutePath=/api/v1/community/:id     --> handlerName=github.com/chuxin0816/bluebell/controller.ICommunityController.Show-fm (num=2 handlers)"}
{"level":"debug","ts":1696301778.983767,"msg":"HERTZ: Method=GET    absolutePath=/api/v1/post/:id          --> handlerName=github.com/chuxin0816/bluebell/controller.IPostController.Show-fm (num=2 handlers)"}
{"level":"debug","ts":1696301778.983808,"msg":"HERTZ: Method=GET    absolutePath=/api/v1/posts2            --> handlerName=github.com/chuxin0816/bluebell/controller.IPostController.List-fm (num=2 handlers)"}
{"level":"debug","ts":1696301778.9838238,"msg":"HERTZ: Method=POST   absolutePath=/api/v1/post              --> handlerName=github.com/chuxin0816/bluebell/controller.IPostController.Create-fm (num=3 handlers)"}
{"level":"debug","ts":1696301778.983836,"msg":"HERTZ: Method=POST   absolutePath=/api/v1/vote              --> handlerName=github.com/chuxin0816/bluebell/controller.IPostController.Vote-fm (num=3 handlers)"}
{"level":"info","ts":1696301778.984076,"msg":"HERTZ: Using network library=netpoll"}
{"level":"info","ts":1696301778.984179,"msg":"HERTZ: HTTP server listening on address=127.0.0.1:8888"}
{"level":"debug","ts":1696333630.260628,"msg":"HERTZ: Method=GET    absolutePath=/swagger/*any             --> handlerName=github.com/hertz-contrib/swagger.CustomWrapHandler.func1 (num=2 handlers)"}
{"level":"debug","ts":1696333630.261324,"msg":"HERTZ: Method=POST   absolutePath=/api/v1/signup            --> handlerName=github.com/chuxin0816/bluebell/controller.RegisterHandler (num=2 handlers)"}
{"level":"debug","ts":1696333630.2613518,"msg":"HERTZ: Method=POST   absolutePath=/api/v1/login             --> handlerName=github.com/chuxin0816/bluebell/controller.LoginHandler (num=2 handlers)"}
{"level":"debug","ts":1696333630.261365,"msg":"HERTZ: Method=GET    absolutePath=/api/v1/info              --> handlerName=github.com/chuxin0816/bluebell/controller.InfoHandler (num=3 handlers)"}
{"level":"debug","ts":1696333630.266346,"msg":"HERTZ: Method=GET    absolutePath=/api/v1/community/        --> handlerName=github.com/chuxin0816/bluebell/controller.ICommunityController.List-fm (num=2 handlers)"}
{"level":"debug","ts":1696333630.266384,"msg":"HERTZ: Method=GET    absolutePath=/api/v1/community/:id     --> handlerName=github.com/chuxin0816/bluebell/controller.ICommunityController.Show-fm (num=2 handlers)"}
{"level":"debug","ts":1696333630.270656,"msg":"HERTZ: Method=GET    absolutePath=/api/v1/post/:id          --> handlerName=github.com/chuxin0816/bluebell/controller.IPostController.Show-fm (num=2 handlers)"}
{"level":"debug","ts":1696333630.270688,"msg":"HERTZ: Method=GET    absolutePath=/api/v1/posts2            --> handlerName=github.com/chuxin0816/bluebell/controller.IPostController.List-fm (num=2 handlers)"}
{"level":"debug","ts":1696333630.2707012,"msg":"HERTZ: Method=POST   absolutePath=/api/v1/post              --> handlerName=github.com/chuxin0816/bluebell/controller.IPostController.Create-fm (num=3 handlers)"}
{"level":"debug","ts":1696333630.270715,"msg":"HERTZ: Method=POST   absolutePath=/api/v1/vote              --> handlerName=github.com/chuxin0816/bluebell/controller.IPostController.Vote-fm (num=3 handlers)"}
{"level":"info","ts":1696333630.2709608,"msg":"HERTZ: Using network library=netpoll"}
{"level":"info","ts":1696333630.271065,"msg":"HERTZ: HTTP server listening on address=127.0.0.1:8888"}
