{"level":"debug","ts":1696648029.0895832,"msg":"HERTZ: Method=GET    absolutePath=/static/*filepath         --> handlerName=github.com/cloudwego/hertz/pkg/app.(*fsHandler).handleRequest-fm (num=2 handlers)"}
{"level":"debug","ts":1696648029.0898292,"msg":"HERTZ: Method=HEAD   absolutePath=/static/*filepath         --> handlerName=github.com/cloudwego/hertz/pkg/app.(*fsHandler).handleRequest-fm (num=2 handlers)"}
{"level":"debug","ts":1696648029.0899022,"msg":"HERTZ: Method=GET    absolutePath=/                         --> handlerName=github.com/chuxin0816/bluebell/router.SetUp.func1 (num=2 handlers)"}
{"level":"debug","ts":1696648029.089928,"msg":"HERTZ: Method=GET    absolutePath=/debug/pprof/             --> handlerName=github.com/hertz-contrib/pprof.RouteRegister.NewHertzHTTPHandlerFunc.NewHertzHTTPHandler.func1 (num=2 handlers)"}
{"level":"debug","ts":1696648029.089952,"msg":"HERTZ: Method=GET    absolutePath=/debug/pprof/cmdline      --> handlerName=github.com/hertz-contrib/pprof.RouteRegister.NewHertzHTTPHandlerFunc.NewHertzHTTPHandler.func2 (num=2 handlers)"}
{"level":"debug","ts":1696648029.089969,"msg":"HERTZ: Method=GET    absolutePath=/debug/pprof/profile      --> handlerName=github.com/hertz-contrib/pprof.RouteRegister.NewHertzHTTPHandlerFunc.NewHertzHTTPHandler.func3 (num=2 handlers)"}
{"level":"debug","ts":1696648029.089986,"msg":"HERTZ: Method=POST   absolutePath=/debug/pprof/symbol       --> handlerName=github.com/hertz-contrib/pprof.RouteRegister.NewHertzHTTPHandlerFunc.NewHertzHTTPHandler.func4 (num=2 handlers)"}
{"level":"debug","ts":1696648029.090003,"msg":"HERTZ: Method=GET    absolutePath=/debug/pprof/symbol       --> handlerName=github.com/hertz-contrib/pprof.RouteRegister.NewHertzHTTPHandlerFunc.NewHertzHTTPHandler.func5 (num=2 handlers)"}
{"level":"debug","ts":1696648029.0900228,"msg":"HERTZ: Method=GET    absolutePath=/debug/pprof/trace        --> handlerName=github.com/hertz-contrib/pprof.RouteRegister.NewHertzHTTPHandlerFunc.NewHertzHTTPHandler.func6 (num=2 handlers)"}
{"level":"debug","ts":1696648029.090039,"msg":"HERTZ: Method=GET    absolutePath=/debug/pprof/allocs       --> handlerName=github.com/hertz-contrib/pprof.RouteRegister.NewHertzHTTPHandlerFunc.NewHertzHTTPHandler.func7 (num=2 handlers)"}
{"level":"debug","ts":1696648029.090056,"msg":"HERTZ: Method=GET    absolutePath=/debug/pprof/block        --> handlerName=github.com/hertz-contrib/pprof.RouteRegister.NewHertzHTTPHandlerFunc.NewHertzHTTPHandler.func8 (num=2 handlers)"}
{"level":"debug","ts":1696648029.090074,"msg":"HERTZ: Method=GET    absolutePath=/debug/pprof/goroutine    --> handlerName=github.com/hertz-contrib/pprof.RouteRegister.NewHertzHTTPHandlerFunc.NewHertzHTTPHandler.func9 (num=2 handlers)"}
{"level":"debug","ts":1696648029.09009,"msg":"HERTZ: Method=GET    absolutePath=/debug/pprof/heap         --> handlerName=github.com/hertz-contrib/pprof.RouteRegister.NewHertzHTTPHandlerFunc.NewHertzHTTPHandler.func10 (num=2 handlers)"}
{"level":"debug","ts":1696648029.090106,"msg":"HERTZ: Method=GET    absolutePath=/debug/pprof/mutex        --> handlerName=github.com/hertz-contrib/pprof.RouteRegister.NewHertzHTTPHandlerFunc.NewHertzHTTPHandler.func11 (num=2 handlers)"}
{"level":"debug","ts":1696648029.090174,"msg":"HERTZ: Method=GET    absolutePath=/debug/pprof/threadcreate --> handlerName=github.com/hertz-contrib/pprof.RouteRegister.NewHertzHTTPHandlerFunc.NewHertzHTTPHandler.func12 (num=2 handlers)"}
{"level":"debug","ts":1696648029.090244,"msg":"HERTZ: Method=POST   absolutePath=/api/v1/signup            --> handlerName=github.com/chuxin0816/bluebell/controller.RegisterHandler (num=3 handlers)"}
{"level":"debug","ts":1696648029.090268,"msg":"HERTZ: Method=POST   absolutePath=/api/v1/login             --> handlerName=github.com/chuxin0816/bluebell/controller.LoginHandler (num=3 handlers)"}
{"level":"debug","ts":1696648029.096929,"msg":"HERTZ: Method=GET    absolutePath=/api/v1/community/        --> handlerName=github.com/chuxin0816/bluebell/controller.ICommunityController.List-fm (num=3 handlers)"}
{"level":"debug","ts":1696648029.096977,"msg":"HERTZ: Method=GET    absolutePath=/api/v1/community/:id     --> handlerName=github.com/chuxin0816/bluebell/controller.ICommunityController.Show-fm (num=3 handlers)"}
{"level":"debug","ts":1696648029.1029792,"msg":"HERTZ: Method=GET    absolutePath=/api/v1/post/:id          --> handlerName=github.com/chuxin0816/bluebell/controller.IPostController.Show-fm (num=3 handlers)"}
{"level":"debug","ts":1696648029.103015,"msg":"HERTZ: Method=GET    absolutePath=/api/v1/posts2            --> handlerName=github.com/chuxin0816/bluebell/controller.IPostController.List-fm (num=3 handlers)"}
{"level":"debug","ts":1696648029.1030312,"msg":"HERTZ: Method=POST   absolutePath=/api/v1/post              --> handlerName=github.com/chuxin0816/bluebell/controller.IPostController.Create-fm (num=4 handlers)"}
{"level":"debug","ts":1696648029.103044,"msg":"HERTZ: Method=POST   absolutePath=/api/v1/vote              --> handlerName=github.com/chuxin0816/bluebell/controller.IPostController.Vote-fm (num=4 handlers)"}
{"level":"info","ts":1696648029.103217,"msg":"HERTZ: Using network library=netpoll"}
{"level":"info","ts":1696648029.103416,"msg":"HERTZ: HTTP server listening on address=[::]:8888"}
{"level":"debug","ts":1696648086.704206,"msg":"HERTZ: Method=GET    absolutePath=/static/*filepath         --> handlerName=github.com/cloudwego/hertz/pkg/app.(*fsHandler).handleRequest-fm (num=2 handlers)"}
{"level":"debug","ts":1696648086.704438,"msg":"HERTZ: Method=HEAD   absolutePath=/static/*filepath         --> handlerName=github.com/cloudwego/hertz/pkg/app.(*fsHandler).handleRequest-fm (num=2 handlers)"}
{"level":"debug","ts":1696648086.704491,"msg":"HERTZ: Method=GET    absolutePath=/                         --> handlerName=github.com/chuxin0816/bluebell/router.SetUp.func1 (num=2 handlers)"}
{"level":"debug","ts":1696648086.704533,"msg":"HERTZ: Method=GET    absolutePath=/debug/pprof/             --> handlerName=github.com/hertz-contrib/pprof.RouteRegister.NewHertzHTTPHandlerFunc.NewHertzHTTPHandler.func1 (num=2 handlers)"}
{"level":"debug","ts":1696648086.7045498,"msg":"HERTZ: Method=GET    absolutePath=/debug/pprof/cmdline      --> handlerName=github.com/hertz-contrib/pprof.RouteRegister.NewHertzHTTPHandlerFunc.NewHertzHTTPHandler.func2 (num=2 handlers)"}
{"level":"debug","ts":1696648086.704563,"msg":"HERTZ: Method=GET    absolutePath=/debug/pprof/profile      --> handlerName=github.com/hertz-contrib/pprof.RouteRegister.NewHertzHTTPHandlerFunc.NewHertzHTTPHandler.func3 (num=2 handlers)"}
{"level":"debug","ts":1696648086.704627,"msg":"HERTZ: Method=POST   absolutePath=/debug/pprof/symbol       --> handlerName=github.com/hertz-contrib/pprof.RouteRegister.NewHertzHTTPHandlerFunc.NewHertzHTTPHandler.func4 (num=2 handlers)"}
{"level":"debug","ts":1696648086.704649,"msg":"HERTZ: Method=GET    absolutePath=/debug/pprof/symbol       --> handlerName=github.com/hertz-contrib/pprof.RouteRegister.NewHertzHTTPHandlerFunc.NewHertzHTTPHandler.func5 (num=2 handlers)"}
{"level":"debug","ts":1696648086.704664,"msg":"HERTZ: Method=GET    absolutePath=/debug/pprof/trace        --> handlerName=github.com/hertz-contrib/pprof.RouteRegister.NewHertzHTTPHandlerFunc.NewHertzHTTPHandler.func6 (num=2 handlers)"}
{"level":"debug","ts":1696648086.704681,"msg":"HERTZ: Method=GET    absolutePath=/debug/pprof/allocs       --> handlerName=github.com/hertz-contrib/pprof.RouteRegister.NewHertzHTTPHandlerFunc.NewHertzHTTPHandler.func7 (num=2 handlers)"}
{"level":"debug","ts":1696648086.704695,"msg":"HERTZ: Method=GET    absolutePath=/debug/pprof/block        --> handlerName=github.com/hertz-contrib/pprof.RouteRegister.NewHertzHTTPHandlerFunc.NewHertzHTTPHandler.func8 (num=2 handlers)"}
{"level":"debug","ts":1696648086.70471,"msg":"HERTZ: Method=GET    absolutePath=/debug/pprof/goroutine    --> handlerName=github.com/hertz-contrib/pprof.RouteRegister.NewHertzHTTPHandlerFunc.NewHertzHTTPHandler.func9 (num=2 handlers)"}
{"level":"debug","ts":1696648086.704725,"msg":"HERTZ: Method=GET    absolutePath=/debug/pprof/heap         --> handlerName=github.com/hertz-contrib/pprof.RouteRegister.NewHertzHTTPHandlerFunc.NewHertzHTTPHandler.func10 (num=2 handlers)"}
{"level":"debug","ts":1696648086.704761,"msg":"HERTZ: Method=GET    absolutePath=/debug/pprof/mutex        --> handlerName=github.com/hertz-contrib/pprof.RouteRegister.NewHertzHTTPHandlerFunc.NewHertzHTTPHandler.func11 (num=2 handlers)"}
{"level":"debug","ts":1696648086.704774,"msg":"HERTZ: Method=GET    absolutePath=/debug/pprof/threadcreate --> handlerName=github.com/hertz-contrib/pprof.RouteRegister.NewHertzHTTPHandlerFunc.NewHertzHTTPHandler.func12 (num=2 handlers)"}
{"level":"debug","ts":1696648086.704787,"msg":"HERTZ: Method=GET    absolutePath=/ping                     --> handlerName=github.com/chuxin0816/bluebell/router.SetUp.func2 (num=3 handlers)"}
{"level":"debug","ts":1696648086.7048278,"msg":"HERTZ: Method=POST   absolutePath=/api/v1/signup            --> handlerName=github.com/chuxin0816/bluebell/controller.RegisterHandler (num=3 handlers)"}
{"level":"debug","ts":1696648086.704841,"msg":"HERTZ: Method=POST   absolutePath=/api/v1/login             --> handlerName=github.com/chuxin0816/bluebell/controller.LoginHandler (num=3 handlers)"}
{"level":"debug","ts":1696648086.709713,"msg":"HERTZ: Method=GET    absolutePath=/api/v1/community/        --> handlerName=github.com/chuxin0816/bluebell/controller.ICommunityController.List-fm (num=3 handlers)"}
{"level":"debug","ts":1696648086.709742,"msg":"HERTZ: Method=GET    absolutePath=/api/v1/community/:id     --> handlerName=github.com/chuxin0816/bluebell/controller.ICommunityController.Show-fm (num=3 handlers)"}
{"level":"debug","ts":1696648086.7139719,"msg":"HERTZ: Method=GET    absolutePath=/api/v1/post/:id          --> handlerName=github.com/chuxin0816/bluebell/controller.IPostController.Show-fm (num=3 handlers)"}
{"level":"debug","ts":1696648086.7140129,"msg":"HERTZ: Method=GET    absolutePath=/api/v1/posts2            --> handlerName=github.com/chuxin0816/bluebell/controller.IPostController.List-fm (num=3 handlers)"}
{"level":"debug","ts":1696648086.7140281,"msg":"HERTZ: Method=POST   absolutePath=/api/v1/post              --> handlerName=github.com/chuxin0816/bluebell/controller.IPostController.Create-fm (num=4 handlers)"}
{"level":"debug","ts":1696648086.714047,"msg":"HERTZ: Method=POST   absolutePath=/api/v1/vote              --> handlerName=github.com/chuxin0816/bluebell/controller.IPostController.Vote-fm (num=4 handlers)"}
{"level":"info","ts":1696648086.714201,"msg":"HERTZ: Using network library=netpoll"}
{"level":"info","ts":1696648086.714436,"msg":"HERTZ: HTTP server listening on address=[::]:8888"}
{"level":"debug","ts":1696648122.705538,"msg":"HERTZ: Method=GET    absolutePath=/static/*filepath         --> handlerName=github.com/cloudwego/hertz/pkg/app.(*fsHandler).handleRequest-fm (num=2 handlers)"}
{"level":"debug","ts":1696648122.705706,"msg":"HERTZ: Method=HEAD   absolutePath=/static/*filepath         --> handlerName=github.com/cloudwego/hertz/pkg/app.(*fsHandler).handleRequest-fm (num=2 handlers)"}
{"level":"debug","ts":1696648122.70574,"msg":"HERTZ: Method=GET    absolutePath=/                         --> handlerName=github.com/chuxin0816/bluebell/router.SetUp.func1 (num=2 handlers)"}
{"level":"debug","ts":1696648122.705775,"msg":"HERTZ: Method=GET    absolutePath=/debug/pprof/             --> handlerName=github.com/hertz-contrib/pprof.RouteRegister.NewHertzHTTPHandlerFunc.NewHertzHTTPHandler.func1 (num=2 handlers)"}
{"level":"debug","ts":1696648122.705792,"msg":"HERTZ: Method=GET    absolutePath=/debug/pprof/cmdline      --> handlerName=github.com/hertz-contrib/pprof.RouteRegister.NewHertzHTTPHandlerFunc.NewHertzHTTPHandler.func2 (num=2 handlers)"}
{"level":"debug","ts":1696648122.705804,"msg":"HERTZ: Method=GET    absolutePath=/debug/pprof/profile      --> handlerName=github.com/hertz-contrib/pprof.RouteRegister.NewHertzHTTPHandlerFunc.NewHertzHTTPHandler.func3 (num=2 handlers)"}
{"level":"debug","ts":1696648122.7058182,"msg":"HERTZ: Method=POST   absolutePath=/debug/pprof/symbol       --> handlerName=github.com/hertz-contrib/pprof.RouteRegister.NewHertzHTTPHandlerFunc.NewHertzHTTPHandler.func4 (num=2 handlers)"}
{"level":"debug","ts":1696648122.7058392,"msg":"HERTZ: Method=GET    absolutePath=/debug/pprof/symbol       --> handlerName=github.com/hertz-contrib/pprof.RouteRegister.NewHertzHTTPHandlerFunc.NewHertzHTTPHandler.func5 (num=2 handlers)"}
{"level":"debug","ts":1696648122.7058501,"msg":"HERTZ: Method=GET    absolutePath=/debug/pprof/trace        --> handlerName=github.com/hertz-contrib/pprof.RouteRegister.NewHertzHTTPHandlerFunc.NewHertzHTTPHandler.func6 (num=2 handlers)"}
{"level":"debug","ts":1696648122.705863,"msg":"HERTZ: Method=GET    absolutePath=/debug/pprof/allocs       --> handlerName=github.com/hertz-contrib/pprof.RouteRegister.NewHertzHTTPHandlerFunc.NewHertzHTTPHandler.func7 (num=2 handlers)"}
{"level":"debug","ts":1696648122.705873,"msg":"HERTZ: Method=GET    absolutePath=/debug/pprof/block        --> handlerName=github.com/hertz-contrib/pprof.RouteRegister.NewHertzHTTPHandlerFunc.NewHertzHTTPHandler.func8 (num=2 handlers)"}
{"level":"debug","ts":1696648122.705884,"msg":"HERTZ: Method=GET    absolutePath=/debug/pprof/goroutine    --> handlerName=github.com/hertz-contrib/pprof.RouteRegister.NewHertzHTTPHandlerFunc.NewHertzHTTPHandler.func9 (num=2 handlers)"}
{"level":"debug","ts":1696648122.7059,"msg":"HERTZ: Method=GET    absolutePath=/debug/pprof/heap         --> handlerName=github.com/hertz-contrib/pprof.RouteRegister.NewHertzHTTPHandlerFunc.NewHertzHTTPHandler.func10 (num=2 handlers)"}
{"level":"debug","ts":1696648122.705913,"msg":"HERTZ: Method=GET    absolutePath=/debug/pprof/mutex        --> handlerName=github.com/hertz-contrib/pprof.RouteRegister.NewHertzHTTPHandlerFunc.NewHertzHTTPHandler.func11 (num=2 handlers)"}
{"level":"debug","ts":1696648122.7059221,"msg":"HERTZ: Method=GET    absolutePath=/debug/pprof/threadcreate --> handlerName=github.com/hertz-contrib/pprof.RouteRegister.NewHertzHTTPHandlerFunc.NewHertzHTTPHandler.func12 (num=2 handlers)"}
{"level":"debug","ts":1696648122.705934,"msg":"HERTZ: Method=GET    absolutePath=/ping                     --> handlerName=github.com/chuxin0816/bluebell/router.SetUp.func2 (num=3 handlers)"}
{"level":"debug","ts":1696648122.705973,"msg":"HERTZ: Method=POST   absolutePath=/api/v1/signup            --> handlerName=github.com/chuxin0816/bluebell/controller.RegisterHandler (num=3 handlers)"}
{"level":"debug","ts":1696648122.705987,"msg":"HERTZ: Method=POST   absolutePath=/api/v1/login             --> handlerName=github.com/chuxin0816/bluebell/controller.LoginHandler (num=3 handlers)"}
{"level":"debug","ts":1696648122.7116191,"msg":"HERTZ: Method=GET    absolutePath=/api/v1/community/        --> handlerName=github.com/chuxin0816/bluebell/controller.ICommunityController.List-fm (num=3 handlers)"}
{"level":"debug","ts":1696648122.711724,"msg":"HERTZ: Method=GET    absolutePath=/api/v1/community/:id     --> handlerName=github.com/chuxin0816/bluebell/controller.ICommunityController.Show-fm (num=3 handlers)"}
{"level":"debug","ts":1696648122.717514,"msg":"HERTZ: Method=GET    absolutePath=/api/v1/post/:id          --> handlerName=github.com/chuxin0816/bluebell/controller.IPostController.Show-fm (num=3 handlers)"}
{"level":"debug","ts":1696648122.7175438,"msg":"HERTZ: Method=GET    absolutePath=/api/v1/posts2            --> handlerName=github.com/chuxin0816/bluebell/controller.IPostController.List-fm (num=3 handlers)"}
{"level":"debug","ts":1696648122.717557,"msg":"HERTZ: Method=POST   absolutePath=/api/v1/post              --> handlerName=github.com/chuxin0816/bluebell/controller.IPostController.Create-fm (num=4 handlers)"}
{"level":"debug","ts":1696648122.717571,"msg":"HERTZ: Method=POST   absolutePath=/api/v1/vote              --> handlerName=github.com/chuxin0816/bluebell/controller.IPostController.Vote-fm (num=4 handlers)"}
{"level":"info","ts":1696648122.717761,"msg":"HERTZ: Using network library=netpoll"}
{"level":"info","ts":1696648122.717957,"msg":"HERTZ: HTTP server listening on address=[::]:8888"}
