{"level":"debug","ts":1696577079.528919,"msg":"HERTZ: Method=GET    absolutePath=/static/*filepath         --> handlerName=github.com/cloudwego/hertz/pkg/app.(*fsHandler).handleRequest-fm (num=2 handlers)"}
{"level":"debug","ts":1696577079.529207,"msg":"HERTZ: Method=HEAD   absolutePath=/static/*filepath         --> handlerName=github.com/cloudwego/hertz/pkg/app.(*fsHandler).handleRequest-fm (num=2 handlers)"}
{"level":"debug","ts":1696577079.529272,"msg":"HERTZ: Method=GET    absolutePath=/                         --> handlerName=github.com/chuxin0816/bluebell/router.SetUp.func1 (num=2 handlers)"}
{"level":"debug","ts":1696577079.529296,"msg":"HERTZ: Method=GET    absolutePath=/debug/pprof/             --> handlerName=github.com/hertz-contrib/pprof.RouteRegister.NewHertzHTTPHandlerFunc.NewHertzHTTPHandler.func1 (num=2 handlers)"}
{"level":"debug","ts":1696577079.5293179,"msg":"HERTZ: Method=GET    absolutePath=/debug/pprof/cmdline      --> handlerName=github.com/hertz-contrib/pprof.RouteRegister.NewHertzHTTPHandlerFunc.NewHertzHTTPHandler.func2 (num=2 handlers)"}
{"level":"debug","ts":1696577079.529336,"msg":"HERTZ: Method=GET    absolutePath=/debug/pprof/profile      --> handlerName=github.com/hertz-contrib/pprof.RouteRegister.NewHertzHTTPHandlerFunc.NewHertzHTTPHandler.func3 (num=2 handlers)"}
{"level":"debug","ts":1696577079.529352,"msg":"HERTZ: Method=POST   absolutePath=/debug/pprof/symbol       --> handlerName=github.com/hertz-contrib/pprof.RouteRegister.NewHertzHTTPHandlerFunc.NewHertzHTTPHandler.func4 (num=2 handlers)"}
{"level":"debug","ts":1696577079.52937,"msg":"HERTZ: Method=GET    absolutePath=/debug/pprof/symbol       --> handlerName=github.com/hertz-contrib/pprof.RouteRegister.NewHertzHTTPHandlerFunc.NewHertzHTTPHandler.func5 (num=2 handlers)"}
{"level":"debug","ts":1696577079.529506,"msg":"HERTZ: Method=GET    absolutePath=/debug/pprof/trace        --> handlerName=github.com/hertz-contrib/pprof.RouteRegister.NewHertzHTTPHandlerFunc.NewHertzHTTPHandler.func6 (num=2 handlers)"}
{"level":"debug","ts":1696577079.529535,"msg":"HERTZ: Method=GET    absolutePath=/debug/pprof/allocs       --> handlerName=github.com/hertz-contrib/pprof.RouteRegister.NewHertzHTTPHandlerFunc.NewHertzHTTPHandler.func7 (num=2 handlers)"}
{"level":"debug","ts":1696577079.529556,"msg":"HERTZ: Method=GET    absolutePath=/debug/pprof/block        --> handlerName=github.com/hertz-contrib/pprof.RouteRegister.NewHertzHTTPHandlerFunc.NewHertzHTTPHandler.func8 (num=2 handlers)"}
{"level":"debug","ts":1696577079.529578,"msg":"HERTZ: Method=GET    absolutePath=/debug/pprof/goroutine    --> handlerName=github.com/hertz-contrib/pprof.RouteRegister.NewHertzHTTPHandlerFunc.NewHertzHTTPHandler.func9 (num=2 handlers)"}
{"level":"debug","ts":1696577079.529691,"msg":"HERTZ: Method=GET    absolutePath=/debug/pprof/heap         --> handlerName=github.com/hertz-contrib/pprof.RouteRegister.NewHertzHTTPHandlerFunc.NewHertzHTTPHandler.func10 (num=2 handlers)"}
{"level":"debug","ts":1696577079.5297122,"msg":"HERTZ: Method=GET    absolutePath=/debug/pprof/mutex        --> handlerName=github.com/hertz-contrib/pprof.RouteRegister.NewHertzHTTPHandlerFunc.NewHertzHTTPHandler.func11 (num=2 handlers)"}
{"level":"debug","ts":1696577079.5297291,"msg":"HERTZ: Method=GET    absolutePath=/debug/pprof/threadcreate --> handlerName=github.com/hertz-contrib/pprof.RouteRegister.NewHertzHTTPHandlerFunc.NewHertzHTTPHandler.func12 (num=2 handlers)"}
{"level":"debug","ts":1696577079.529768,"msg":"HERTZ: Method=POST   absolutePath=/api/v1/signup            --> handlerName=github.com/chuxin0816/bluebell/controller.RegisterHandler (num=2 handlers)"}
{"level":"debug","ts":1696577079.529786,"msg":"HERTZ: Method=POST   absolutePath=/api/v1/login             --> handlerName=github.com/chuxin0816/bluebell/controller.LoginHandler (num=2 handlers)"}
{"level":"debug","ts":1696577079.53569,"msg":"HERTZ: Method=GET    absolutePath=/api/v1/community/        --> handlerName=github.com/chuxin0816/bluebell/controller.ICommunityController.List-fm (num=2 handlers)"}
{"level":"debug","ts":1696577079.535734,"msg":"HERTZ: Method=GET    absolutePath=/api/v1/community/:id     --> handlerName=github.com/chuxin0816/bluebell/controller.ICommunityController.Show-fm (num=2 handlers)"}
{"level":"debug","ts":1696577079.5420501,"msg":"HERTZ: Method=GET    absolutePath=/api/v1/post/:id          --> handlerName=github.com/chuxin0816/bluebell/controller.IPostController.Show-fm (num=2 handlers)"}
{"level":"debug","ts":1696577079.542079,"msg":"HERTZ: Method=GET    absolutePath=/api/v1/posts2            --> handlerName=github.com/chuxin0816/bluebell/controller.IPostController.List-fm (num=2 handlers)"}
{"level":"debug","ts":1696577079.5420978,"msg":"HERTZ: Method=POST   absolutePath=/api/v1/post              --> handlerName=github.com/chuxin0816/bluebell/controller.IPostController.Create-fm (num=3 handlers)"}
{"level":"debug","ts":1696577079.5421162,"msg":"HERTZ: Method=POST   absolutePath=/api/v1/vote              --> handlerName=github.com/chuxin0816/bluebell/controller.IPostController.Vote-fm (num=3 handlers)"}
{"level":"info","ts":1696577079.5422962,"msg":"HERTZ: Using network library=netpoll"}
{"level":"info","ts":1696577079.542454,"msg":"HERTZ: HTTP server listening on address=127.0.0.1:8888"}
{"level":"error","ts":1696577102.038048,"msg":"HERTZ: Cannot open file=\"./static/static/css/app.7489053f.css\", error=open ./static/static/css/app.7489053f.css: no such file or directory"}
{"level":"error","ts":1696577102.0388842,"msg":"HERTZ: Cannot open file=\"./static/static/js/app.d5478f8d.js\", error=open ./static/static/js/app.d5478f8d.js: no such file or directory"}
{"level":"error","ts":1696577102.0399501,"msg":"HERTZ: Cannot open file=\"./static/static/js/chunk-vendors.57f9e9d6.js\", error=open ./static/static/js/chunk-vendors.57f9e9d6.js: no such file or directory"}
{"level":"debug","ts":1696577153.172378,"msg":"HERTZ: Method=GET    absolutePath=/*filepath                --> handlerName=github.com/cloudwego/hertz/pkg/app.(*fsHandler).handleRequest-fm (num=2 handlers)"}
{"level":"debug","ts":1696577153.172569,"msg":"HERTZ: Method=HEAD   absolutePath=/*filepath                --> handlerName=github.com/cloudwego/hertz/pkg/app.(*fsHandler).handleRequest-fm (num=2 handlers)"}
{"level":"debug","ts":1696577153.1725938,"msg":"HERTZ: Method=GET    absolutePath=/                         --> handlerName=github.com/chuxin0816/bluebell/router.SetUp.func1 (num=2 handlers)"}
{"level":"debug","ts":1696577153.172607,"msg":"HERTZ: Method=GET    absolutePath=/debug/pprof/             --> handlerName=github.com/hertz-contrib/pprof.RouteRegister.NewHertzHTTPHandlerFunc.NewHertzHTTPHandler.func1 (num=2 handlers)"}
{"level":"debug","ts":1696577153.172642,"msg":"HERTZ: Method=GET    absolutePath=/debug/pprof/cmdline      --> handlerName=github.com/hertz-contrib/pprof.RouteRegister.NewHertzHTTPHandlerFunc.NewHertzHTTPHandler.func2 (num=2 handlers)"}
{"level":"debug","ts":1696577153.172666,"msg":"HERTZ: Method=GET    absolutePath=/debug/pprof/profile      --> handlerName=github.com/hertz-contrib/pprof.RouteRegister.NewHertzHTTPHandlerFunc.NewHertzHTTPHandler.func3 (num=2 handlers)"}
{"level":"debug","ts":1696577153.172676,"msg":"HERTZ: Method=POST   absolutePath=/debug/pprof/symbol       --> handlerName=github.com/hertz-contrib/pprof.RouteRegister.NewHertzHTTPHandlerFunc.NewHertzHTTPHandler.func4 (num=2 handlers)"}
{"level":"debug","ts":1696577153.1726851,"msg":"HERTZ: Method=GET    absolutePath=/debug/pprof/symbol       --> handlerName=github.com/hertz-contrib/pprof.RouteRegister.NewHertzHTTPHandlerFunc.NewHertzHTTPHandler.func5 (num=2 handlers)"}
{"level":"debug","ts":1696577153.1727722,"msg":"HERTZ: Method=GET    absolutePath=/debug/pprof/trace        --> handlerName=github.com/hertz-contrib/pprof.RouteRegister.NewHertzHTTPHandlerFunc.NewHertzHTTPHandler.func6 (num=2 handlers)"}
{"level":"debug","ts":1696577153.172784,"msg":"HERTZ: Method=GET    absolutePath=/debug/pprof/allocs       --> handlerName=github.com/hertz-contrib/pprof.RouteRegister.NewHertzHTTPHandlerFunc.NewHertzHTTPHandler.func7 (num=2 handlers)"}
{"level":"debug","ts":1696577153.1727948,"msg":"HERTZ: Method=GET    absolutePath=/debug/pprof/block        --> handlerName=github.com/hertz-contrib/pprof.RouteRegister.NewHertzHTTPHandlerFunc.NewHertzHTTPHandler.func8 (num=2 handlers)"}
{"level":"debug","ts":1696577153.172811,"msg":"HERTZ: Method=GET    absolutePath=/debug/pprof/goroutine    --> handlerName=github.com/hertz-contrib/pprof.RouteRegister.NewHertzHTTPHandlerFunc.NewHertzHTTPHandler.func9 (num=2 handlers)"}
{"level":"debug","ts":1696577153.172947,"msg":"HERTZ: Method=GET    absolutePath=/debug/pprof/heap         --> handlerName=github.com/hertz-contrib/pprof.RouteRegister.NewHertzHTTPHandlerFunc.NewHertzHTTPHandler.func10 (num=2 handlers)"}
{"level":"debug","ts":1696577153.1729941,"msg":"HERTZ: Method=GET    absolutePath=/debug/pprof/mutex        --> handlerName=github.com/hertz-contrib/pprof.RouteRegister.NewHertzHTTPHandlerFunc.NewHertzHTTPHandler.func11 (num=2 handlers)"}
{"level":"debug","ts":1696577153.173005,"msg":"HERTZ: Method=GET    absolutePath=/debug/pprof/threadcreate --> handlerName=github.com/hertz-contrib/pprof.RouteRegister.NewHertzHTTPHandlerFunc.NewHertzHTTPHandler.func12 (num=2 handlers)"}
{"level":"debug","ts":1696577153.173024,"msg":"HERTZ: Method=POST   absolutePath=/api/v1/signup            --> handlerName=github.com/chuxin0816/bluebell/controller.RegisterHandler (num=2 handlers)"}
{"level":"debug","ts":1696577153.173033,"msg":"HERTZ: Method=POST   absolutePath=/api/v1/login             --> handlerName=github.com/chuxin0816/bluebell/controller.LoginHandler (num=2 handlers)"}
{"level":"debug","ts":1696577153.179072,"msg":"HERTZ: Method=GET    absolutePath=/api/v1/community/        --> handlerName=github.com/chuxin0816/bluebell/controller.ICommunityController.List-fm (num=2 handlers)"}
{"level":"debug","ts":1696577153.179109,"msg":"HERTZ: Method=GET    absolutePath=/api/v1/community/:id     --> handlerName=github.com/chuxin0816/bluebell/controller.ICommunityController.Show-fm (num=2 handlers)"}
{"level":"debug","ts":1696577153.183795,"msg":"HERTZ: Method=GET    absolutePath=/api/v1/post/:id          --> handlerName=github.com/chuxin0816/bluebell/controller.IPostController.Show-fm (num=2 handlers)"}
{"level":"debug","ts":1696577153.1838279,"msg":"HERTZ: Method=GET    absolutePath=/api/v1/posts2            --> handlerName=github.com/chuxin0816/bluebell/controller.IPostController.List-fm (num=2 handlers)"}
{"level":"debug","ts":1696577153.183848,"msg":"HERTZ: Method=POST   absolutePath=/api/v1/post              --> handlerName=github.com/chuxin0816/bluebell/controller.IPostController.Create-fm (num=3 handlers)"}
{"level":"debug","ts":1696577153.183863,"msg":"HERTZ: Method=POST   absolutePath=/api/v1/vote              --> handlerName=github.com/chuxin0816/bluebell/controller.IPostController.Vote-fm (num=3 handlers)"}
{"level":"info","ts":1696577153.183978,"msg":"HERTZ: Using network library=netpoll"}
{"level":"info","ts":1696577153.184094,"msg":"HERTZ: HTTP server listening on address=127.0.0.1:8888"}
{"level":"error","ts":1696577216.7433631,"msg":"HERTZ: Cannot open file=\"./static/static/css/app.7489053f.css\", error=open ./static/static/css/app.7489053f.css: no such file or directory"}
{"level":"error","ts":1696577216.745023,"msg":"HERTZ: Cannot open file=\"./static/static/js/app.d5478f8d.js\", error=open ./static/static/js/app.d5478f8d.js: no such file or directory"}
{"level":"error","ts":1696577216.745596,"msg":"HERTZ: Cannot open file=\"./static/static/js/chunk-vendors.57f9e9d6.js\", error=open ./static/static/js/chunk-vendors.57f9e9d6.js: no such file or directory"}
{"level":"error","ts":1696577216.7565188,"msg":"HERTZ: Cannot open file=\"./static/static/favicon.ico\", error=open ./static/static/favicon.ico: no such file or directory"}
{"level":"debug","ts":1696577234.179942,"msg":"HERTZ: Method=GET    absolutePath=/static/*filepath         --> handlerName=github.com/cloudwego/hertz/pkg/app.(*fsHandler).handleRequest-fm (num=2 handlers)"}
{"level":"debug","ts":1696577234.180083,"msg":"HERTZ: Method=HEAD   absolutePath=/static/*filepath         --> handlerName=github.com/cloudwego/hertz/pkg/app.(*fsHandler).handleRequest-fm (num=2 handlers)"}
{"level":"debug","ts":1696577234.18013,"msg":"HERTZ: Method=GET    absolutePath=/                         --> handlerName=github.com/chuxin0816/bluebell/router.SetUp.func1 (num=2 handlers)"}
{"level":"debug","ts":1696577234.1801422,"msg":"HERTZ: Method=GET    absolutePath=/debug/pprof/             --> handlerName=github.com/hertz-contrib/pprof.RouteRegister.NewHertzHTTPHandlerFunc.NewHertzHTTPHandler.func1 (num=2 handlers)"}
{"level":"debug","ts":1696577234.180151,"msg":"HERTZ: Method=GET    absolutePath=/debug/pprof/cmdline      --> handlerName=github.com/hertz-contrib/pprof.RouteRegister.NewHertzHTTPHandlerFunc.NewHertzHTTPHandler.func2 (num=2 handlers)"}
{"level":"debug","ts":1696577234.180161,"msg":"HERTZ: Method=GET    absolutePath=/debug/pprof/profile      --> handlerName=github.com/hertz-contrib/pprof.RouteRegister.NewHertzHTTPHandlerFunc.NewHertzHTTPHandler.func3 (num=2 handlers)"}
{"level":"debug","ts":1696577234.18017,"msg":"HERTZ: Method=POST   absolutePath=/debug/pprof/symbol       --> handlerName=github.com/hertz-contrib/pprof.RouteRegister.NewHertzHTTPHandlerFunc.NewHertzHTTPHandler.func4 (num=2 handlers)"}
{"level":"debug","ts":1696577234.1801789,"msg":"HERTZ: Method=GET    absolutePath=/debug/pprof/symbol       --> handlerName=github.com/hertz-contrib/pprof.RouteRegister.NewHertzHTTPHandlerFunc.NewHertzHTTPHandler.func5 (num=2 handlers)"}
{"level":"debug","ts":1696577234.180188,"msg":"HERTZ: Method=GET    absolutePath=/debug/pprof/trace        --> handlerName=github.com/hertz-contrib/pprof.RouteRegister.NewHertzHTTPHandlerFunc.NewHertzHTTPHandler.func6 (num=2 handlers)"}
{"level":"debug","ts":1696577234.1801972,"msg":"HERTZ: Method=GET    absolutePath=/debug/pprof/allocs       --> handlerName=github.com/hertz-contrib/pprof.RouteRegister.NewHertzHTTPHandlerFunc.NewHertzHTTPHandler.func7 (num=2 handlers)"}
{"level":"debug","ts":1696577234.180205,"msg":"HERTZ: Method=GET    absolutePath=/debug/pprof/block        --> handlerName=github.com/hertz-contrib/pprof.RouteRegister.NewHertzHTTPHandlerFunc.NewHertzHTTPHandler.func8 (num=2 handlers)"}
{"level":"debug","ts":1696577234.1802151,"msg":"HERTZ: Method=GET    absolutePath=/debug/pprof/goroutine    --> handlerName=github.com/hertz-contrib/pprof.RouteRegister.NewHertzHTTPHandlerFunc.NewHertzHTTPHandler.func9 (num=2 handlers)"}
{"level":"debug","ts":1696577234.180224,"msg":"HERTZ: Method=GET    absolutePath=/debug/pprof/heap         --> handlerName=github.com/hertz-contrib/pprof.RouteRegister.NewHertzHTTPHandlerFunc.NewHertzHTTPHandler.func10 (num=2 handlers)"}
{"level":"debug","ts":1696577234.180232,"msg":"HERTZ: Method=GET    absolutePath=/debug/pprof/mutex        --> handlerName=github.com/hertz-contrib/pprof.RouteRegister.NewHertzHTTPHandlerFunc.NewHertzHTTPHandler.func11 (num=2 handlers)"}
{"level":"debug","ts":1696577234.18024,"msg":"HERTZ: Method=GET    absolutePath=/debug/pprof/threadcreate --> handlerName=github.com/hertz-contrib/pprof.RouteRegister.NewHertzHTTPHandlerFunc.NewHertzHTTPHandler.func12 (num=2 handlers)"}
{"level":"debug","ts":1696577234.180258,"msg":"HERTZ: Method=POST   absolutePath=/api/v1/signup            --> handlerName=github.com/chuxin0816/bluebell/controller.RegisterHandler (num=2 handlers)"}
{"level":"debug","ts":1696577234.180266,"msg":"HERTZ: Method=POST   absolutePath=/api/v1/login             --> handlerName=github.com/chuxin0816/bluebell/controller.LoginHandler (num=2 handlers)"}
{"level":"debug","ts":1696577234.18748,"msg":"HERTZ: Method=GET    absolutePath=/api/v1/community/        --> handlerName=github.com/chuxin0816/bluebell/controller.ICommunityController.List-fm (num=2 handlers)"}
{"level":"debug","ts":1696577234.1875148,"msg":"HERTZ: Method=GET    absolutePath=/api/v1/community/:id     --> handlerName=github.com/chuxin0816/bluebell/controller.ICommunityController.Show-fm (num=2 handlers)"}
{"level":"debug","ts":1696577234.1975172,"msg":"HERTZ: Method=GET    absolutePath=/api/v1/post/:id          --> handlerName=github.com/chuxin0816/bluebell/controller.IPostController.Show-fm (num=2 handlers)"}
{"level":"debug","ts":1696577234.1975691,"msg":"HERTZ: Method=GET    absolutePath=/api/v1/posts2            --> handlerName=github.com/chuxin0816/bluebell/controller.IPostController.List-fm (num=2 handlers)"}
{"level":"debug","ts":1696577234.1975849,"msg":"HERTZ: Method=POST   absolutePath=/api/v1/post              --> handlerName=github.com/chuxin0816/bluebell/controller.IPostController.Create-fm (num=3 handlers)"}
{"level":"debug","ts":1696577234.197598,"msg":"HERTZ: Method=POST   absolutePath=/api/v1/vote              --> handlerName=github.com/chuxin0816/bluebell/controller.IPostController.Vote-fm (num=3 handlers)"}
{"level":"info","ts":1696577234.1977081,"msg":"HERTZ: Using network library=netpoll"}
{"level":"info","ts":1696577234.197954,"msg":"HERTZ: HTTP server listening on address=127.0.0.1:8888"}
{"level":"debug","ts":1696577324.3193758,"msg":"HERTZ: Method=GET    absolutePath=/static/*filepath         --> handlerName=github.com/cloudwego/hertz/pkg/app.(*fsHandler).handleRequest-fm (num=2 handlers)"}
{"level":"debug","ts":1696577324.319649,"msg":"HERTZ: Method=HEAD   absolutePath=/static/*filepath         --> handlerName=github.com/cloudwego/hertz/pkg/app.(*fsHandler).handleRequest-fm (num=2 handlers)"}
{"level":"debug","ts":1696577324.319704,"msg":"HERTZ: Method=GET    absolutePath=/                         --> handlerName=github.com/chuxin0816/bluebell/router.SetUp.func1 (num=2 handlers)"}
{"level":"debug","ts":1696577324.319724,"msg":"HERTZ: Method=GET    absolutePath=/debug/pprof/             --> handlerName=github.com/hertz-contrib/pprof.RouteRegister.NewHertzHTTPHandlerFunc.NewHertzHTTPHandler.func1 (num=2 handlers)"}
{"level":"debug","ts":1696577324.319741,"msg":"HERTZ: Method=GET    absolutePath=/debug/pprof/cmdline      --> handlerName=github.com/hertz-contrib/pprof.RouteRegister.NewHertzHTTPHandlerFunc.NewHertzHTTPHandler.func2 (num=2 handlers)"}
{"level":"debug","ts":1696577324.3197582,"msg":"HERTZ: Method=GET    absolutePath=/debug/pprof/profile      --> handlerName=github.com/hertz-contrib/pprof.RouteRegister.NewHertzHTTPHandlerFunc.NewHertzHTTPHandler.func3 (num=2 handlers)"}
{"level":"debug","ts":1696577324.319772,"msg":"HERTZ: Method=POST   absolutePath=/debug/pprof/symbol       --> handlerName=github.com/hertz-contrib/pprof.RouteRegister.NewHertzHTTPHandlerFunc.NewHertzHTTPHandler.func4 (num=2 handlers)"}
{"level":"debug","ts":1696577324.3197892,"msg":"HERTZ: Method=GET    absolutePath=/debug/pprof/symbol       --> handlerName=github.com/hertz-contrib/pprof.RouteRegister.NewHertzHTTPHandlerFunc.NewHertzHTTPHandler.func5 (num=2 handlers)"}
{"level":"debug","ts":1696577324.319808,"msg":"HERTZ: Method=GET    absolutePath=/debug/pprof/trace        --> handlerName=github.com/hertz-contrib/pprof.RouteRegister.NewHertzHTTPHandlerFunc.NewHertzHTTPHandler.func6 (num=2 handlers)"}
{"level":"debug","ts":1696577324.319826,"msg":"HERTZ: Method=GET    absolutePath=/debug/pprof/allocs       --> handlerName=github.com/hertz-contrib/pprof.RouteRegister.NewHertzHTTPHandlerFunc.NewHertzHTTPHandler.func7 (num=2 handlers)"}
{"level":"debug","ts":1696577324.319839,"msg":"HERTZ: Method=GET    absolutePath=/debug/pprof/block        --> handlerName=github.com/hertz-contrib/pprof.RouteRegister.NewHertzHTTPHandlerFunc.NewHertzHTTPHandler.func8 (num=2 handlers)"}
{"level":"debug","ts":1696577324.319885,"msg":"HERTZ: Method=GET    absolutePath=/debug/pprof/goroutine    --> handlerName=github.com/hertz-contrib/pprof.RouteRegister.NewHertzHTTPHandlerFunc.NewHertzHTTPHandler.func9 (num=2 handlers)"}
{"level":"debug","ts":1696577324.319901,"msg":"HERTZ: Method=GET    absolutePath=/debug/pprof/heap         --> handlerName=github.com/hertz-contrib/pprof.RouteRegister.NewHertzHTTPHandlerFunc.NewHertzHTTPHandler.func10 (num=2 handlers)"}
{"level":"debug","ts":1696577324.3199182,"msg":"HERTZ: Method=GET    absolutePath=/debug/pprof/mutex        --> handlerName=github.com/hertz-contrib/pprof.RouteRegister.NewHertzHTTPHandlerFunc.NewHertzHTTPHandler.func11 (num=2 handlers)"}
{"level":"debug","ts":1696577324.319933,"msg":"HERTZ: Method=GET    absolutePath=/debug/pprof/threadcreate --> handlerName=github.com/hertz-contrib/pprof.RouteRegister.NewHertzHTTPHandlerFunc.NewHertzHTTPHandler.func12 (num=2 handlers)"}
{"level":"debug","ts":1696577324.3199759,"msg":"HERTZ: Method=POST   absolutePath=/api/v1/signup            --> handlerName=github.com/chuxin0816/bluebell/controller.RegisterHandler (num=2 handlers)"}
{"level":"debug","ts":1696577324.31999,"msg":"HERTZ: Method=POST   absolutePath=/api/v1/login             --> handlerName=github.com/chuxin0816/bluebell/controller.LoginHandler (num=2 handlers)"}
{"level":"debug","ts":1696577324.3260732,"msg":"HERTZ: Method=GET    absolutePath=/api/v1/community/        --> handlerName=github.com/chuxin0816/bluebell/controller.ICommunityController.List-fm (num=2 handlers)"}
{"level":"debug","ts":1696577324.3261042,"msg":"HERTZ: Method=GET    absolutePath=/api/v1/community/:id     --> handlerName=github.com/chuxin0816/bluebell/controller.ICommunityController.Show-fm (num=2 handlers)"}
{"level":"debug","ts":1696577324.332327,"msg":"HERTZ: Method=GET    absolutePath=/api/v1/post/:id          --> handlerName=github.com/chuxin0816/bluebell/controller.IPostController.Show-fm (num=2 handlers)"}
{"level":"debug","ts":1696577324.332361,"msg":"HERTZ: Method=GET    absolutePath=/api/v1/posts2            --> handlerName=github.com/chuxin0816/bluebell/controller.IPostController.List-fm (num=2 handlers)"}
{"level":"debug","ts":1696577324.3323781,"msg":"HERTZ: Method=POST   absolutePath=/api/v1/post              --> handlerName=github.com/chuxin0816/bluebell/controller.IPostController.Create-fm (num=3 handlers)"}
{"level":"debug","ts":1696577324.332393,"msg":"HERTZ: Method=POST   absolutePath=/api/v1/vote              --> handlerName=github.com/chuxin0816/bluebell/controller.IPostController.Vote-fm (num=3 handlers)"}
{"level":"info","ts":1696577324.332531,"msg":"HERTZ: Using network library=netpoll"}
{"level":"info","ts":1696577324.3326342,"msg":"HERTZ: HTTP server listening on address=127.0.0.1:8888"}
{"level":"debug","ts":1696577382.8766248,"msg":"HERTZ: Method=GET    absolutePath=/static/*filepath         --> handlerName=github.com/cloudwego/hertz/pkg/app.(*fsHandler).handleRequest-fm (num=2 handlers)"}
{"level":"debug","ts":1696577382.876836,"msg":"HERTZ: Method=HEAD   absolutePath=/static/*filepath         --> handlerName=github.com/cloudwego/hertz/pkg/app.(*fsHandler).handleRequest-fm (num=2 handlers)"}
{"level":"debug","ts":1696577382.87688,"msg":"HERTZ: Method=GET    absolutePath=/                         --> handlerName=github.com/chuxin0816/bluebell/router.SetUp.func1 (num=2 handlers)"}
{"level":"debug","ts":1696577382.876897,"msg":"HERTZ: Method=GET    absolutePath=/debug/pprof/             --> handlerName=github.com/hertz-contrib/pprof.RouteRegister.NewHertzHTTPHandlerFunc.NewHertzHTTPHandler.func1 (num=2 handlers)"}
{"level":"debug","ts":1696577382.87691,"msg":"HERTZ: Method=GET    absolutePath=/debug/pprof/cmdline      --> handlerName=github.com/hertz-contrib/pprof.RouteRegister.NewHertzHTTPHandlerFunc.NewHertzHTTPHandler.func2 (num=2 handlers)"}
{"level":"debug","ts":1696577382.8769228,"msg":"HERTZ: Method=GET    absolutePath=/debug/pprof/profile      --> handlerName=github.com/hertz-contrib/pprof.RouteRegister.NewHertzHTTPHandlerFunc.NewHertzHTTPHandler.func3 (num=2 handlers)"}
{"level":"debug","ts":1696577382.876935,"msg":"HERTZ: Method=POST   absolutePath=/debug/pprof/symbol       --> handlerName=github.com/hertz-contrib/pprof.RouteRegister.NewHertzHTTPHandlerFunc.NewHertzHTTPHandler.func4 (num=2 handlers)"}
{"level":"debug","ts":1696577382.876946,"msg":"HERTZ: Method=GET    absolutePath=/debug/pprof/symbol       --> handlerName=github.com/hertz-contrib/pprof.RouteRegister.NewHertzHTTPHandlerFunc.NewHertzHTTPHandler.func5 (num=2 handlers)"}
{"level":"debug","ts":1696577382.876956,"msg":"HERTZ: Method=GET    absolutePath=/debug/pprof/trace        --> handlerName=github.com/hertz-contrib/pprof.RouteRegister.NewHertzHTTPHandlerFunc.NewHertzHTTPHandler.func6 (num=2 handlers)"}
{"level":"debug","ts":1696577382.877027,"msg":"HERTZ: Method=GET    absolutePath=/debug/pprof/allocs       --> handlerName=github.com/hertz-contrib/pprof.RouteRegister.NewHertzHTTPHandlerFunc.NewHertzHTTPHandler.func7 (num=2 handlers)"}
{"level":"debug","ts":1696577382.877044,"msg":"HERTZ: Method=GET    absolutePath=/debug/pprof/block        --> handlerName=github.com/hertz-contrib/pprof.RouteRegister.NewHertzHTTPHandlerFunc.NewHertzHTTPHandler.func8 (num=2 handlers)"}
{"level":"debug","ts":1696577382.877057,"msg":"HERTZ: Method=GET    absolutePath=/debug/pprof/goroutine    --> handlerName=github.com/hertz-contrib/pprof.RouteRegister.NewHertzHTTPHandlerFunc.NewHertzHTTPHandler.func9 (num=2 handlers)"}
{"level":"debug","ts":1696577382.877069,"msg":"HERTZ: Method=GET    absolutePath=/debug/pprof/heap         --> handlerName=github.com/hertz-contrib/pprof.RouteRegister.NewHertzHTTPHandlerFunc.NewHertzHTTPHandler.func10 (num=2 handlers)"}
{"level":"debug","ts":1696577382.877078,"msg":"HERTZ: Method=GET    absolutePath=/debug/pprof/mutex        --> handlerName=github.com/hertz-contrib/pprof.RouteRegister.NewHertzHTTPHandlerFunc.NewHertzHTTPHandler.func11 (num=2 handlers)"}
{"level":"debug","ts":1696577382.8770912,"msg":"HERTZ: Method=GET    absolutePath=/debug/pprof/threadcreate --> handlerName=github.com/hertz-contrib/pprof.RouteRegister.NewHertzHTTPHandlerFunc.NewHertzHTTPHandler.func12 (num=2 handlers)"}
{"level":"debug","ts":1696577382.8771148,"msg":"HERTZ: Method=POST   absolutePath=/api/v1/signup            --> handlerName=github.com/chuxin0816/bluebell/controller.RegisterHandler (num=2 handlers)"}
{"level":"debug","ts":1696577382.877131,"msg":"HERTZ: Method=POST   absolutePath=/api/v1/login             --> handlerName=github.com/chuxin0816/bluebell/controller.LoginHandler (num=2 handlers)"}
{"level":"debug","ts":1696577382.883774,"msg":"HERTZ: Method=GET    absolutePath=/api/v1/community/        --> handlerName=github.com/chuxin0816/bluebell/controller.ICommunityController.List-fm (num=2 handlers)"}
{"level":"debug","ts":1696577382.883797,"msg":"HERTZ: Method=GET    absolutePath=/api/v1/community/:id     --> handlerName=github.com/chuxin0816/bluebell/controller.ICommunityController.Show-fm (num=2 handlers)"}
{"level":"debug","ts":1696577382.890055,"msg":"HERTZ: Method=GET    absolutePath=/api/v1/post/:id          --> handlerName=github.com/chuxin0816/bluebell/controller.IPostController.Show-fm (num=2 handlers)"}
{"level":"debug","ts":1696577382.890657,"msg":"HERTZ: Method=GET    absolutePath=/api/v1/posts2            --> handlerName=github.com/chuxin0816/bluebell/controller.IPostController.List-fm (num=2 handlers)"}
{"level":"debug","ts":1696577382.890673,"msg":"HERTZ: Method=POST   absolutePath=/api/v1/post              --> handlerName=github.com/chuxin0816/bluebell/controller.IPostController.Create-fm (num=3 handlers)"}
{"level":"debug","ts":1696577382.890684,"msg":"HERTZ: Method=POST   absolutePath=/api/v1/vote              --> handlerName=github.com/chuxin0816/bluebell/controller.IPostController.Vote-fm (num=3 handlers)"}
{"level":"info","ts":1696577382.890802,"msg":"HERTZ: Using network library=netpoll"}
{"level":"info","ts":1696577382.890909,"msg":"HERTZ: HTTP server listening on address=127.0.0.1:8888"}
{"level":"error","ts":1696577393.197515,"msg":"HERTZ: Cannot open file=\"./static/static/css/app.7489053f.css\", error=open ./static/static/css/app.7489053f.css: no such file or directory"}
{"level":"error","ts":1696577393.1987112,"msg":"HERTZ: Cannot open file=\"./static/static/js/app.d5478f8d.js\", error=open ./static/static/js/app.d5478f8d.js: no such file or directory"}
{"level":"error","ts":1696577393.199842,"msg":"HERTZ: Cannot open file=\"./static/static/js/chunk-vendors.57f9e9d6.js\", error=open ./static/static/js/chunk-vendors.57f9e9d6.js: no such file or directory"}
{"level":"error","ts":1696577393.213111,"msg":"HERTZ: Cannot open file=\"./static/static/favicon.ico\", error=open ./static/static/favicon.ico: no such file or directory"}
{"level":"debug","ts":1696577602.558768,"msg":"HERTZ: Method=GET    absolutePath=/static/*filepath         --> handlerName=github.com/cloudwego/hertz/pkg/app.(*fsHandler).handleRequest-fm (num=2 handlers)"}
{"level":"debug","ts":1696577602.558976,"msg":"HERTZ: Method=HEAD   absolutePath=/static/*filepath         --> handlerName=github.com/cloudwego/hertz/pkg/app.(*fsHandler).handleRequest-fm (num=2 handlers)"}
{"level":"debug","ts":1696577602.559011,"msg":"HERTZ: Method=GET    absolutePath=/                         --> handlerName=github.com/chuxin0816/bluebell/router.SetUp.func1 (num=2 handlers)"}
{"level":"debug","ts":1696577602.5590231,"msg":"HERTZ: Method=GET    absolutePath=/debug/pprof/             --> handlerName=github.com/hertz-contrib/pprof.RouteRegister.NewHertzHTTPHandlerFunc.NewHertzHTTPHandler.func1 (num=2 handlers)"}
{"level":"debug","ts":1696577602.559032,"msg":"HERTZ: Method=GET    absolutePath=/debug/pprof/cmdline      --> handlerName=github.com/hertz-contrib/pprof.RouteRegister.NewHertzHTTPHandlerFunc.NewHertzHTTPHandler.func2 (num=2 handlers)"}
{"level":"debug","ts":1696577602.559041,"msg":"HERTZ: Method=GET    absolutePath=/debug/pprof/profile      --> handlerName=github.com/hertz-contrib/pprof.RouteRegister.NewHertzHTTPHandlerFunc.NewHertzHTTPHandler.func3 (num=2 handlers)"}
{"level":"debug","ts":1696577602.559051,"msg":"HERTZ: Method=POST   absolutePath=/debug/pprof/symbol       --> handlerName=github.com/hertz-contrib/pprof.RouteRegister.NewHertzHTTPHandlerFunc.NewHertzHTTPHandler.func4 (num=2 handlers)"}
{"level":"debug","ts":1696577602.559063,"msg":"HERTZ: Method=GET    absolutePath=/debug/pprof/symbol       --> handlerName=github.com/hertz-contrib/pprof.RouteRegister.NewHertzHTTPHandlerFunc.NewHertzHTTPHandler.func5 (num=2 handlers)"}
{"level":"debug","ts":1696577602.5590742,"msg":"HERTZ: Method=GET    absolutePath=/debug/pprof/trace        --> handlerName=github.com/hertz-contrib/pprof.RouteRegister.NewHertzHTTPHandlerFunc.NewHertzHTTPHandler.func6 (num=2 handlers)"}
{"level":"debug","ts":1696577602.559144,"msg":"HERTZ: Method=GET    absolutePath=/debug/pprof/allocs       --> handlerName=github.com/hertz-contrib/pprof.RouteRegister.NewHertzHTTPHandlerFunc.NewHertzHTTPHandler.func7 (num=2 handlers)"}
{"level":"debug","ts":1696577602.559159,"msg":"HERTZ: Method=GET    absolutePath=/debug/pprof/block        --> handlerName=github.com/hertz-contrib/pprof.RouteRegister.NewHertzHTTPHandlerFunc.NewHertzHTTPHandler.func8 (num=2 handlers)"}
{"level":"debug","ts":1696577602.55917,"msg":"HERTZ: Method=GET    absolutePath=/debug/pprof/goroutine    --> handlerName=github.com/hertz-contrib/pprof.RouteRegister.NewHertzHTTPHandlerFunc.NewHertzHTTPHandler.func9 (num=2 handlers)"}
{"level":"debug","ts":1696577602.559181,"msg":"HERTZ: Method=GET    absolutePath=/debug/pprof/heap         --> handlerName=github.com/hertz-contrib/pprof.RouteRegister.NewHertzHTTPHandlerFunc.NewHertzHTTPHandler.func10 (num=2 handlers)"}
{"level":"debug","ts":1696577602.559189,"msg":"HERTZ: Method=GET    absolutePath=/debug/pprof/mutex        --> handlerName=github.com/hertz-contrib/pprof.RouteRegister.NewHertzHTTPHandlerFunc.NewHertzHTTPHandler.func11 (num=2 handlers)"}
{"level":"debug","ts":1696577602.559198,"msg":"HERTZ: Method=GET    absolutePath=/debug/pprof/threadcreate --> handlerName=github.com/hertz-contrib/pprof.RouteRegister.NewHertzHTTPHandlerFunc.NewHertzHTTPHandler.func12 (num=2 handlers)"}
{"level":"debug","ts":1696577602.559222,"msg":"HERTZ: Method=POST   absolutePath=/api/v1/signup            --> handlerName=github.com/chuxin0816/bluebell/controller.RegisterHandler (num=2 handlers)"}
{"level":"debug","ts":1696577602.559232,"msg":"HERTZ: Method=POST   absolutePath=/api/v1/login             --> handlerName=github.com/chuxin0816/bluebell/controller.LoginHandler (num=2 handlers)"}
{"level":"debug","ts":1696577602.5644941,"msg":"HERTZ: Method=GET    absolutePath=/api/v1/community/        --> handlerName=github.com/chuxin0816/bluebell/controller.ICommunityController.List-fm (num=2 handlers)"}
{"level":"debug","ts":1696577602.564509,"msg":"HERTZ: Method=GET    absolutePath=/api/v1/community/:id     --> handlerName=github.com/chuxin0816/bluebell/controller.ICommunityController.Show-fm (num=2 handlers)"}
{"level":"debug","ts":1696577602.569071,"msg":"HERTZ: Method=GET    absolutePath=/api/v1/post/:id          --> handlerName=github.com/chuxin0816/bluebell/controller.IPostController.Show-fm (num=2 handlers)"}
{"level":"debug","ts":1696577602.569089,"msg":"HERTZ: Method=GET    absolutePath=/api/v1/posts2            --> handlerName=github.com/chuxin0816/bluebell/controller.IPostController.List-fm (num=2 handlers)"}
{"level":"debug","ts":1696577602.569099,"msg":"HERTZ: Method=POST   absolutePath=/api/v1/post              --> handlerName=github.com/chuxin0816/bluebell/controller.IPostController.Create-fm (num=3 handlers)"}
{"level":"debug","ts":1696577602.569108,"msg":"HERTZ: Method=POST   absolutePath=/api/v1/vote              --> handlerName=github.com/chuxin0816/bluebell/controller.IPostController.Vote-fm (num=3 handlers)"}
{"level":"info","ts":1696577602.569212,"msg":"HERTZ: Using network library=netpoll"}
{"level":"info","ts":1696577602.569304,"msg":"HERTZ: HTTP server listening on address=127.0.0.1:8888"}
{"level":"error","ts":1696577614.544995,"msg":"HERTZ: Cannot open file=\"../static/static/css/app.7489053f.css\", error=open ../static/static/css/app.7489053f.css: no such file or directory"}
{"level":"error","ts":1696577614.54561,"msg":"HERTZ: Cannot open file=\"../static/static/js/app.d5478f8d.js\", error=open ../static/static/js/app.d5478f8d.js: no such file or directory"}
{"level":"error","ts":1696577614.547691,"msg":"HERTZ: Cannot open file=\"../static/static/js/chunk-vendors.57f9e9d6.js\", error=open ../static/static/js/chunk-vendors.57f9e9d6.js: no such file or directory"}
{"level":"error","ts":1696577614.5705569,"msg":"HERTZ: Cannot open file=\"../static/static/favicon.ico\", error=open ../static/static/favicon.ico: no such file or directory"}
{"level":"debug","ts":1696577633.846829,"msg":"HERTZ: Method=GET    absolutePath=/static/*filepath         --> handlerName=github.com/cloudwego/hertz/pkg/app.(*fsHandler).handleRequest-fm (num=2 handlers)"}
{"level":"debug","ts":1696577633.847465,"msg":"HERTZ: Method=HEAD   absolutePath=/static/*filepath         --> handlerName=github.com/cloudwego/hertz/pkg/app.(*fsHandler).handleRequest-fm (num=2 handlers)"}
{"level":"debug","ts":1696577633.847528,"msg":"HERTZ: Method=GET    absolutePath=/                         --> handlerName=github.com/chuxin0816/bluebell/router.SetUp.func1 (num=2 handlers)"}
{"level":"debug","ts":1696577633.847552,"msg":"HERTZ: Method=GET    absolutePath=/debug/pprof/             --> handlerName=github.com/hertz-contrib/pprof.RouteRegister.NewHertzHTTPHandlerFunc.NewHertzHTTPHandler.func1 (num=2 handlers)"}
{"level":"debug","ts":1696577633.847569,"msg":"HERTZ: Method=GET    absolutePath=/debug/pprof/cmdline      --> handlerName=github.com/hertz-contrib/pprof.RouteRegister.NewHertzHTTPHandlerFunc.NewHertzHTTPHandler.func2 (num=2 handlers)"}
{"level":"debug","ts":1696577633.847583,"msg":"HERTZ: Method=GET    absolutePath=/debug/pprof/profile      --> handlerName=github.com/hertz-contrib/pprof.RouteRegister.NewHertzHTTPHandlerFunc.NewHertzHTTPHandler.func3 (num=2 handlers)"}
{"level":"debug","ts":1696577633.847598,"msg":"HERTZ: Method=POST   absolutePath=/debug/pprof/symbol       --> handlerName=github.com/hertz-contrib/pprof.RouteRegister.NewHertzHTTPHandlerFunc.NewHertzHTTPHandler.func4 (num=2 handlers)"}
{"level":"debug","ts":1696577633.847687,"msg":"HERTZ: Method=GET    absolutePath=/debug/pprof/symbol       --> handlerName=github.com/hertz-contrib/pprof.RouteRegister.NewHertzHTTPHandlerFunc.NewHertzHTTPHandler.func5 (num=2 handlers)"}
{"level":"debug","ts":1696577633.847711,"msg":"HERTZ: Method=GET    absolutePath=/debug/pprof/trace        --> handlerName=github.com/hertz-contrib/pprof.RouteRegister.NewHertzHTTPHandlerFunc.NewHertzHTTPHandler.func6 (num=2 handlers)"}
{"level":"debug","ts":1696577633.84773,"msg":"HERTZ: Method=GET    absolutePath=/debug/pprof/allocs       --> handlerName=github.com/hertz-contrib/pprof.RouteRegister.NewHertzHTTPHandlerFunc.NewHertzHTTPHandler.func7 (num=2 handlers)"}
{"level":"debug","ts":1696577633.847771,"msg":"HERTZ: Method=GET    absolutePath=/debug/pprof/block        --> handlerName=github.com/hertz-contrib/pprof.RouteRegister.NewHertzHTTPHandlerFunc.NewHertzHTTPHandler.func8 (num=2 handlers)"}
{"level":"debug","ts":1696577633.84779,"msg":"HERTZ: Method=GET    absolutePath=/debug/pprof/goroutine    --> handlerName=github.com/hertz-contrib/pprof.RouteRegister.NewHertzHTTPHandlerFunc.NewHertzHTTPHandler.func9 (num=2 handlers)"}
{"level":"debug","ts":1696577633.847805,"msg":"HERTZ: Method=GET    absolutePath=/debug/pprof/heap         --> handlerName=github.com/hertz-contrib/pprof.RouteRegister.NewHertzHTTPHandlerFunc.NewHertzHTTPHandler.func10 (num=2 handlers)"}
{"level":"debug","ts":1696577633.847819,"msg":"HERTZ: Method=GET    absolutePath=/debug/pprof/mutex        --> handlerName=github.com/hertz-contrib/pprof.RouteRegister.NewHertzHTTPHandlerFunc.NewHertzHTTPHandler.func11 (num=2 handlers)"}
{"level":"debug","ts":1696577633.847834,"msg":"HERTZ: Method=GET    absolutePath=/debug/pprof/threadcreate --> handlerName=github.com/hertz-contrib/pprof.RouteRegister.NewHertzHTTPHandlerFunc.NewHertzHTTPHandler.func12 (num=2 handlers)"}
{"level":"debug","ts":1696577633.8478668,"msg":"HERTZ: Method=POST   absolutePath=/api/v1/signup            --> handlerName=github.com/chuxin0816/bluebell/controller.RegisterHandler (num=2 handlers)"}
{"level":"debug","ts":1696577633.847883,"msg":"HERTZ: Method=POST   absolutePath=/api/v1/login             --> handlerName=github.com/chuxin0816/bluebell/controller.LoginHandler (num=2 handlers)"}
{"level":"debug","ts":1696577633.8548648,"msg":"HERTZ: Method=GET    absolutePath=/api/v1/community/        --> handlerName=github.com/chuxin0816/bluebell/controller.ICommunityController.List-fm (num=2 handlers)"}
{"level":"debug","ts":1696577633.854892,"msg":"HERTZ: Method=GET    absolutePath=/api/v1/community/:id     --> handlerName=github.com/chuxin0816/bluebell/controller.ICommunityController.Show-fm (num=2 handlers)"}
{"level":"debug","ts":1696577633.860903,"msg":"HERTZ: Method=GET    absolutePath=/api/v1/post/:id          --> handlerName=github.com/chuxin0816/bluebell/controller.IPostController.Show-fm (num=2 handlers)"}
{"level":"debug","ts":1696577633.8609421,"msg":"HERTZ: Method=GET    absolutePath=/api/v1/posts2            --> handlerName=github.com/chuxin0816/bluebell/controller.IPostController.List-fm (num=2 handlers)"}
{"level":"debug","ts":1696577633.8609579,"msg":"HERTZ: Method=POST   absolutePath=/api/v1/post              --> handlerName=github.com/chuxin0816/bluebell/controller.IPostController.Create-fm (num=3 handlers)"}
{"level":"debug","ts":1696577633.860971,"msg":"HERTZ: Method=POST   absolutePath=/api/v1/vote              --> handlerName=github.com/chuxin0816/bluebell/controller.IPostController.Vote-fm (num=3 handlers)"}
{"level":"info","ts":1696577633.861123,"msg":"HERTZ: Using network library=netpoll"}
{"level":"info","ts":1696577633.861256,"msg":"HERTZ: HTTP server listening on address=127.0.0.1:8888"}
{"level":"error","ts":1696577672.980781,"msg":"Create post with invalid param: validating: expr_path=CommunityID, cause=invalid"}
{"level":"error","ts":1696577673.6252701,"msg":"Create post with invalid param: validating: expr_path=CommunityID, cause=invalid"}
{"level":"error","ts":1696577673.8258471,"msg":"Create post with invalid param: validating: expr_path=CommunityID, cause=invalid"}
