{"level":"debug","ts":1696384885.791703,"msg":"HERTZ: Method=GET    absolutePath=/swagger/*any             --> handlerName=github.com/hertz-contrib/swagger.CustomWrapHandler.func1 (num=2 handlers)"}
{"level":"debug","ts":1696384885.7919009,"msg":"HERTZ: Method=POST   absolutePath=/api/v1/signup            --> handlerName=github.com/chuxin0816/bluebell/controller.RegisterHandler (num=2 handlers)"}
{"level":"debug","ts":1696384885.791921,"msg":"HERTZ: Method=POST   absolutePath=/api/v1/login             --> handlerName=github.com/chuxin0816/bluebell/controller.LoginHandler (num=2 handlers)"}
{"level":"debug","ts":1696384885.7919328,"msg":"HERTZ: Method=GET    absolutePath=/api/v1/info              --> handlerName=github.com/chuxin0816/bluebell/controller.InfoHandler (num=3 handlers)"}
{"level":"debug","ts":1696384885.79677,"msg":"HERTZ: Method=GET    absolutePath=/api/v1/community/        --> handlerName=github.com/chuxin0816/bluebell/controller.ICommunityController.List-fm (num=2 handlers)"}
{"level":"debug","ts":1696384885.796802,"msg":"HERTZ: Method=GET    absolutePath=/api/v1/community/:id     --> handlerName=github.com/chuxin0816/bluebell/controller.ICommunityController.Show-fm (num=2 handlers)"}
{"level":"debug","ts":1696384885.800699,"msg":"HERTZ: Method=GET    absolutePath=/api/v1/post/:id          --> handlerName=github.com/chuxin0816/bluebell/controller.IPostController.Show-fm (num=2 handlers)"}
{"level":"debug","ts":1696384885.8007271,"msg":"HERTZ: Method=GET    absolutePath=/api/v1/posts2            --> handlerName=github.com/chuxin0816/bluebell/controller.IPostController.List-fm (num=2 handlers)"}
{"level":"debug","ts":1696384885.800738,"msg":"HERTZ: Method=POST   absolutePath=/api/v1/post              --> handlerName=github.com/chuxin0816/bluebell/controller.IPostController.Create-fm (num=3 handlers)"}
{"level":"debug","ts":1696384885.800747,"msg":"HERTZ: Method=POST   absolutePath=/api/v1/vote              --> handlerName=github.com/chuxin0816/bluebell/controller.IPostController.Vote-fm (num=3 handlers)"}
{"level":"info","ts":1696384885.800926,"msg":"HERTZ: Using network library=netpoll"}
{"level":"info","ts":1696384885.80101,"msg":"HERTZ: HTTP server listening on address=127.0.0.1:8888"}
{"level":"debug","ts":1696384959.328941,"msg":"HERTZ: Method=GET    absolutePath=/swagger/*any             --> handlerName=github.com/hertz-contrib/swagger.CustomWrapHandler.func1 (num=2 handlers)"}
{"level":"debug","ts":1696384959.32931,"msg":"HERTZ: Method=POST   absolutePath=/api/v1/signup            --> handlerName=github.com/chuxin0816/bluebell/controller.RegisterHandler (num=2 handlers)"}
{"level":"debug","ts":1696384959.329335,"msg":"HERTZ: Method=POST   absolutePath=/api/v1/login             --> handlerName=github.com/chuxin0816/bluebell/controller.LoginHandler (num=2 handlers)"}
{"level":"debug","ts":1696384959.32935,"msg":"HERTZ: Method=GET    absolutePath=/api/v1/info              --> handlerName=github.com/chuxin0816/bluebell/controller.InfoHandler (num=3 handlers)"}
{"level":"debug","ts":1696384959.334507,"msg":"HERTZ: Method=GET    absolutePath=/api/v1/community/        --> handlerName=github.com/chuxin0816/bluebell/controller.ICommunityController.List-fm (num=2 handlers)"}
{"level":"debug","ts":1696384959.33453,"msg":"HERTZ: Method=GET    absolutePath=/api/v1/community/:id     --> handlerName=github.com/chuxin0816/bluebell/controller.ICommunityController.Show-fm (num=2 handlers)"}
{"level":"debug","ts":1696384959.34016,"msg":"HERTZ: Method=GET    absolutePath=/api/v1/post/:id          --> handlerName=github.com/chuxin0816/bluebell/controller.IPostController.Show-fm (num=2 handlers)"}
{"level":"debug","ts":1696384959.340201,"msg":"HERTZ: Method=GET    absolutePath=/api/v1/posts2            --> handlerName=github.com/chuxin0816/bluebell/controller.IPostController.List-fm (num=2 handlers)"}
{"level":"debug","ts":1696384959.340215,"msg":"HERTZ: Method=POST   absolutePath=/api/v1/post              --> handlerName=github.com/chuxin0816/bluebell/controller.IPostController.Create-fm (num=3 handlers)"}
{"level":"debug","ts":1696384959.340226,"msg":"HERTZ: Method=POST   absolutePath=/api/v1/vote              --> handlerName=github.com/chuxin0816/bluebell/controller.IPostController.Vote-fm (num=3 handlers)"}
{"level":"info","ts":1696384959.340493,"msg":"HERTZ: Using network library=netpoll"}
{"level":"info","ts":1696384959.3406029,"msg":"HERTZ: HTTP server listening on address=127.0.0.1:8888"}
{"level":"debug","ts":1696385143.094686,"msg":"HERTZ: Method=GET    absolutePath=/swagger/*any             --> handlerName=github.com/hertz-contrib/swagger.CustomWrapHandler.func1 (num=2 handlers)"}
{"level":"debug","ts":1696385143.095082,"msg":"HERTZ: Method=POST   absolutePath=/api/v1/signup            --> handlerName=github.com/chuxin0816/bluebell/controller.RegisterHandler (num=2 handlers)"}
{"level":"debug","ts":1696385143.0951018,"msg":"HERTZ: Method=POST   absolutePath=/api/v1/login             --> handlerName=github.com/chuxin0816/bluebell/controller.LoginHandler (num=2 handlers)"}
{"level":"debug","ts":1696385143.095111,"msg":"HERTZ: Method=GET    absolutePath=/api/v1/info              --> handlerName=github.com/chuxin0816/bluebell/controller.InfoHandler (num=3 handlers)"}
{"level":"debug","ts":1696385143.098845,"msg":"HERTZ: Method=GET    absolutePath=/api/v1/community/        --> handlerName=github.com/chuxin0816/bluebell/controller.ICommunityController.List-fm (num=2 handlers)"}
{"level":"debug","ts":1696385143.098872,"msg":"HERTZ: Method=GET    absolutePath=/api/v1/community/:id     --> handlerName=github.com/chuxin0816/bluebell/controller.ICommunityController.Show-fm (num=2 handlers)"}
{"level":"debug","ts":1696385143.101995,"msg":"HERTZ: Method=GET    absolutePath=/api/v1/post/:id          --> handlerName=github.com/chuxin0816/bluebell/controller.IPostController.Show-fm (num=2 handlers)"}
{"level":"debug","ts":1696385143.10202,"msg":"HERTZ: Method=GET    absolutePath=/api/v1/posts2            --> handlerName=github.com/chuxin0816/bluebell/controller.IPostController.List-fm (num=2 handlers)"}
{"level":"debug","ts":1696385143.102029,"msg":"HERTZ: Method=POST   absolutePath=/api/v1/post              --> handlerName=github.com/chuxin0816/bluebell/controller.IPostController.Create-fm (num=3 handlers)"}
{"level":"debug","ts":1696385143.102036,"msg":"HERTZ: Method=POST   absolutePath=/api/v1/vote              --> handlerName=github.com/chuxin0816/bluebell/controller.IPostController.Vote-fm (num=3 handlers)"}
{"level":"info","ts":1696385143.1022038,"msg":"HERTZ: Using network library=netpoll"}
{"level":"info","ts":1696385143.102279,"msg":"HERTZ: HTTP server listening on address=127.0.0.1:8888"}
{"level":"debug","ts":1696385151.166949,"msg":"HERTZ: Method=GET    absolutePath=/swagger/*any             --> handlerName=github.com/hertz-contrib/swagger.CustomWrapHandler.func1 (num=2 handlers)"}
{"level":"debug","ts":1696385151.1671019,"msg":"HERTZ: Method=POST   absolutePath=/api/v1/signup            --> handlerName=github.com/chuxin0816/bluebell/controller.RegisterHandler (num=2 handlers)"}
{"level":"debug","ts":1696385151.167122,"msg":"HERTZ: Method=POST   absolutePath=/api/v1/login             --> handlerName=github.com/chuxin0816/bluebell/controller.LoginHandler (num=2 handlers)"}
{"level":"debug","ts":1696385151.167135,"msg":"HERTZ: Method=GET    absolutePath=/api/v1/info              --> handlerName=github.com/chuxin0816/bluebell/controller.InfoHandler (num=3 handlers)"}
{"level":"debug","ts":1696385151.172916,"msg":"HERTZ: Method=GET    absolutePath=/api/v1/community/        --> handlerName=github.com/chuxin0816/bluebell/controller.ICommunityController.List-fm (num=2 handlers)"}
{"level":"debug","ts":1696385151.172937,"msg":"HERTZ: Method=GET    absolutePath=/api/v1/community/:id     --> handlerName=github.com/chuxin0816/bluebell/controller.ICommunityController.Show-fm (num=2 handlers)"}
{"level":"debug","ts":1696385151.17803,"msg":"HERTZ: Method=GET    absolutePath=/api/v1/post/:id          --> handlerName=github.com/chuxin0816/bluebell/controller.IPostController.Show-fm (num=2 handlers)"}
{"level":"debug","ts":1696385151.178051,"msg":"HERTZ: Method=GET    absolutePath=/api/v1/posts2            --> handlerName=github.com/chuxin0816/bluebell/controller.IPostController.List-fm (num=2 handlers)"}
{"level":"debug","ts":1696385151.178077,"msg":"HERTZ: Method=POST   absolutePath=/api/v1/post              --> handlerName=github.com/chuxin0816/bluebell/controller.IPostController.Create-fm (num=3 handlers)"}
{"level":"debug","ts":1696385151.178089,"msg":"HERTZ: Method=POST   absolutePath=/api/v1/vote              --> handlerName=github.com/chuxin0816/bluebell/controller.IPostController.Vote-fm (num=3 handlers)"}
{"level":"info","ts":1696385151.178344,"msg":"HERTZ: Using network library=netpoll"}
{"level":"info","ts":1696385151.178453,"msg":"HERTZ: HTTP server listening on address=127.0.0.1:8888"}
{"level":"debug","ts":1696385201.533949,"msg":"HERTZ: Method=GET    absolutePath=/swagger/*any             --> handlerName=github.com/hertz-contrib/swagger.CustomWrapHandler.func1 (num=2 handlers)"}
{"level":"debug","ts":1696385201.5341592,"msg":"HERTZ: Method=POST   absolutePath=/api/v1/signup            --> handlerName=github.com/chuxin0816/bluebell/controller.RegisterHandler (num=2 handlers)"}
{"level":"debug","ts":1696385201.534178,"msg":"HERTZ: Method=POST   absolutePath=/api/v1/login             --> handlerName=github.com/chuxin0816/bluebell/controller.LoginHandler (num=2 handlers)"}
{"level":"debug","ts":1696385201.5341911,"msg":"HERTZ: Method=GET    absolutePath=/api/v1/info              --> handlerName=github.com/chuxin0816/bluebell/controller.InfoHandler (num=3 handlers)"}
{"level":"debug","ts":1696385201.540603,"msg":"HERTZ: Method=GET    absolutePath=/api/v1/community/        --> handlerName=github.com/chuxin0816/bluebell/controller.ICommunityController.List-fm (num=2 handlers)"}
{"level":"debug","ts":1696385201.540627,"msg":"HERTZ: Method=GET    absolutePath=/api/v1/community/:id     --> handlerName=github.com/chuxin0816/bluebell/controller.ICommunityController.Show-fm (num=2 handlers)"}
{"level":"debug","ts":1696385201.545418,"msg":"HERTZ: Method=GET    absolutePath=/api/v1/post/:id          --> handlerName=github.com/chuxin0816/bluebell/controller.IPostController.Show-fm (num=2 handlers)"}
{"level":"debug","ts":1696385201.545444,"msg":"HERTZ: Method=GET    absolutePath=/api/v1/posts2            --> handlerName=github.com/chuxin0816/bluebell/controller.IPostController.List-fm (num=2 handlers)"}
{"level":"debug","ts":1696385201.5454562,"msg":"HERTZ: Method=POST   absolutePath=/api/v1/post              --> handlerName=github.com/chuxin0816/bluebell/controller.IPostController.Create-fm (num=3 handlers)"}
{"level":"debug","ts":1696385201.5454679,"msg":"HERTZ: Method=POST   absolutePath=/api/v1/vote              --> handlerName=github.com/chuxin0816/bluebell/controller.IPostController.Vote-fm (num=3 handlers)"}
{"level":"info","ts":1696385201.5457191,"msg":"HERTZ: Using network library=netpoll"}
{"level":"info","ts":1696385201.545814,"msg":"HERTZ: HTTP server listening on address=127.0.0.1:8888"}
{"level":"error","ts":1696385248.664713,"msg":"Get post list with service error: 没有找到相关帖子"}
{"level":"debug","ts":1696385468.803564,"msg":"HERTZ: Method=GET    absolutePath=/swagger/*any             --> handlerName=github.com/hertz-contrib/swagger.CustomWrapHandler.func1 (num=2 handlers)"}
{"level":"debug","ts":1696385468.80376,"msg":"HERTZ: Method=POST   absolutePath=/api/v1/signup            --> handlerName=github.com/chuxin0816/bluebell/controller.RegisterHandler (num=2 handlers)"}
{"level":"debug","ts":1696385468.803783,"msg":"HERTZ: Method=POST   absolutePath=/api/v1/login             --> handlerName=github.com/chuxin0816/bluebell/controller.LoginHandler (num=2 handlers)"}
{"level":"debug","ts":1696385468.803796,"msg":"HERTZ: Method=GET    absolutePath=/api/v1/info              --> handlerName=github.com/chuxin0816/bluebell/controller.InfoHandler (num=3 handlers)"}
{"level":"debug","ts":1696385468.810349,"msg":"HERTZ: Method=GET    absolutePath=/api/v1/community/        --> handlerName=github.com/chuxin0816/bluebell/controller.ICommunityController.List-fm (num=2 handlers)"}
{"level":"debug","ts":1696385468.810391,"msg":"HERTZ: Method=GET    absolutePath=/api/v1/community/:id     --> handlerName=github.com/chuxin0816/bluebell/controller.ICommunityController.Show-fm (num=2 handlers)"}
{"level":"debug","ts":1696385468.814875,"msg":"HERTZ: Method=GET    absolutePath=/api/v1/post/:id          --> handlerName=github.com/chuxin0816/bluebell/controller.IPostController.Show-fm (num=2 handlers)"}
{"level":"debug","ts":1696385468.8149052,"msg":"HERTZ: Method=GET    absolutePath=/api/v1/posts2            --> handlerName=github.com/chuxin0816/bluebell/controller.IPostController.List-fm (num=2 handlers)"}
{"level":"debug","ts":1696385468.8149152,"msg":"HERTZ: Method=POST   absolutePath=/api/v1/post              --> handlerName=github.com/chuxin0816/bluebell/controller.IPostController.Create-fm (num=3 handlers)"}
{"level":"debug","ts":1696385468.814923,"msg":"HERTZ: Method=POST   absolutePath=/api/v1/vote              --> handlerName=github.com/chuxin0816/bluebell/controller.IPostController.Vote-fm (num=3 handlers)"}
{"level":"info","ts":1696385468.815107,"msg":"HERTZ: Using network library=netpoll"}
{"level":"info","ts":1696385468.815211,"msg":"HERTZ: HTTP server listening on address=127.0.0.1:8888"}
{"level":"debug","ts":1696385475.9328651,"msg":"HERTZ: Method=GET    absolutePath=/swagger/*any             --> handlerName=github.com/hertz-contrib/swagger.CustomWrapHandler.func1 (num=2 handlers)"}
{"level":"debug","ts":1696385475.9332979,"msg":"HERTZ: Method=POST   absolutePath=/api/v1/signup            --> handlerName=github.com/chuxin0816/bluebell/controller.RegisterHandler (num=2 handlers)"}
{"level":"debug","ts":1696385475.9333172,"msg":"HERTZ: Method=POST   absolutePath=/api/v1/login             --> handlerName=github.com/chuxin0816/bluebell/controller.LoginHandler (num=2 handlers)"}
{"level":"debug","ts":1696385475.933326,"msg":"HERTZ: Method=GET    absolutePath=/api/v1/info              --> handlerName=github.com/chuxin0816/bluebell/controller.InfoHandler (num=3 handlers)"}
{"level":"debug","ts":1696385475.9388459,"msg":"HERTZ: Method=GET    absolutePath=/api/v1/community/        --> handlerName=github.com/chuxin0816/bluebell/controller.ICommunityController.List-fm (num=2 handlers)"}
{"level":"debug","ts":1696385475.938865,"msg":"HERTZ: Method=GET    absolutePath=/api/v1/community/:id     --> handlerName=github.com/chuxin0816/bluebell/controller.ICommunityController.Show-fm (num=2 handlers)"}
{"level":"debug","ts":1696385475.944772,"msg":"HERTZ: Method=GET    absolutePath=/api/v1/post/:id          --> handlerName=github.com/chuxin0816/bluebell/controller.IPostController.Show-fm (num=2 handlers)"}
{"level":"debug","ts":1696385475.94481,"msg":"HERTZ: Method=GET    absolutePath=/api/v1/posts2            --> handlerName=github.com/chuxin0816/bluebell/controller.IPostController.List-fm (num=2 handlers)"}
{"level":"debug","ts":1696385475.9448261,"msg":"HERTZ: Method=POST   absolutePath=/api/v1/post              --> handlerName=github.com/chuxin0816/bluebell/controller.IPostController.Create-fm (num=3 handlers)"}
{"level":"debug","ts":1696385475.9448378,"msg":"HERTZ: Method=POST   absolutePath=/api/v1/vote              --> handlerName=github.com/chuxin0816/bluebell/controller.IPostController.Vote-fm (num=3 handlers)"}
{"level":"info","ts":1696385475.945098,"msg":"HERTZ: Using network library=netpoll"}
{"level":"info","ts":1696385475.945207,"msg":"HERTZ: HTTP server listening on address=127.0.0.1:8888"}
{"level":"debug","ts":1696385793.155222,"msg":"HERTZ: Method=GET    absolutePath=/swagger/*any             --> handlerName=github.com/hertz-contrib/swagger.CustomWrapHandler.func1 (num=2 handlers)"}
{"level":"debug","ts":1696385793.155547,"msg":"HERTZ: Method=POST   absolutePath=/api/v1/signup            --> handlerName=github.com/chuxin0816/bluebell/controller.RegisterHandler (num=2 handlers)"}
{"level":"debug","ts":1696385793.155564,"msg":"HERTZ: Method=POST   absolutePath=/api/v1/login             --> handlerName=github.com/chuxin0816/bluebell/controller.LoginHandler (num=2 handlers)"}
{"level":"debug","ts":1696385793.155583,"msg":"HERTZ: Method=GET    absolutePath=/api/v1/info              --> handlerName=github.com/chuxin0816/bluebell/controller.InfoHandler (num=3 handlers)"}
{"level":"debug","ts":1696385793.161321,"msg":"HERTZ: Method=GET    absolutePath=/api/v1/community/        --> handlerName=github.com/chuxin0816/bluebell/controller.ICommunityController.List-fm (num=2 handlers)"}
{"level":"debug","ts":1696385793.161342,"msg":"HERTZ: Method=GET    absolutePath=/api/v1/community/:id     --> handlerName=github.com/chuxin0816/bluebell/controller.ICommunityController.Show-fm (num=2 handlers)"}
{"level":"debug","ts":1696385793.166104,"msg":"HERTZ: Method=GET    absolutePath=/api/v1/post/:id          --> handlerName=github.com/chuxin0816/bluebell/controller.IPostController.Show-fm (num=2 handlers)"}
{"level":"debug","ts":1696385793.166132,"msg":"HERTZ: Method=GET    absolutePath=/api/v1/posts2            --> handlerName=github.com/chuxin0816/bluebell/controller.IPostController.List-fm (num=2 handlers)"}
{"level":"debug","ts":1696385793.166146,"msg":"HERTZ: Method=POST   absolutePath=/api/v1/post              --> handlerName=github.com/chuxin0816/bluebell/controller.IPostController.Create-fm (num=3 handlers)"}
{"level":"debug","ts":1696385793.166156,"msg":"HERTZ: Method=POST   absolutePath=/api/v1/vote              --> handlerName=github.com/chuxin0816/bluebell/controller.IPostController.Vote-fm (num=3 handlers)"}
{"level":"info","ts":1696385793.166465,"msg":"HERTZ: Using network library=netpoll"}
{"level":"info","ts":1696385793.1665878,"msg":"HERTZ: HTTP server listening on address=127.0.0.1:8888"}
{"level":"debug","ts":1696419124.3861618,"msg":"HERTZ: Method=GET    absolutePath=/swagger/*any             --> handlerName=github.com/hertz-contrib/swagger.CustomWrapHandler.func1 (num=2 handlers)"}
{"level":"debug","ts":1696419124.38674,"msg":"HERTZ: Method=POST   absolutePath=/api/v1/signup            --> handlerName=github.com/chuxin0816/bluebell/controller.RegisterHandler (num=2 handlers)"}
{"level":"debug","ts":1696419124.3867679,"msg":"HERTZ: Method=POST   absolutePath=/api/v1/login             --> handlerName=github.com/chuxin0816/bluebell/controller.LoginHandler (num=2 handlers)"}
{"level":"debug","ts":1696419124.386786,"msg":"HERTZ: Method=GET    absolutePath=/api/v1/info              --> handlerName=github.com/chuxin0816/bluebell/controller.InfoHandler (num=3 handlers)"}
{"level":"debug","ts":1696419124.392639,"msg":"HERTZ: Method=GET    absolutePath=/api/v1/community/        --> handlerName=github.com/chuxin0816/bluebell/controller.ICommunityController.List-fm (num=2 handlers)"}
{"level":"debug","ts":1696419124.392673,"msg":"HERTZ: Method=GET    absolutePath=/api/v1/community/:id     --> handlerName=github.com/chuxin0816/bluebell/controller.ICommunityController.Show-fm (num=2 handlers)"}
{"level":"debug","ts":1696419124.404945,"msg":"HERTZ: Method=GET    absolutePath=/api/v1/post/:id          --> handlerName=github.com/chuxin0816/bluebell/controller.IPostController.Show-fm (num=2 handlers)"}
{"level":"debug","ts":1696419124.405005,"msg":"HERTZ: Method=GET    absolutePath=/api/v1/posts2            --> handlerName=github.com/chuxin0816/bluebell/controller.IPostController.List-fm (num=2 handlers)"}
{"level":"debug","ts":1696419124.405025,"msg":"HERTZ: Method=POST   absolutePath=/api/v1/post              --> handlerName=github.com/chuxin0816/bluebell/controller.IPostController.Create-fm (num=3 handlers)"}
{"level":"debug","ts":1696419124.405045,"msg":"HERTZ: Method=POST   absolutePath=/api/v1/vote              --> handlerName=github.com/chuxin0816/bluebell/controller.IPostController.Vote-fm (num=3 handlers)"}
{"level":"info","ts":1696419124.405293,"msg":"HERTZ: Using network library=netpoll"}
{"level":"info","ts":1696419124.405449,"msg":"HERTZ: HTTP server listening on address=127.0.0.1:8888"}
{"level":"debug","ts":1696419150.86246,"msg":"HERTZ: Method=GET    absolutePath=/swagger/*any             --> handlerName=github.com/hertz-contrib/swagger.CustomWrapHandler.func1 (num=2 handlers)"}
{"level":"debug","ts":1696419150.8640718,"msg":"HERTZ: Method=POST   absolutePath=/api/v1/signup            --> handlerName=github.com/chuxin0816/bluebell/controller.RegisterHandler (num=2 handlers)"}
{"level":"debug","ts":1696419150.864217,"msg":"HERTZ: Method=POST   absolutePath=/api/v1/login             --> handlerName=github.com/chuxin0816/bluebell/controller.LoginHandler (num=2 handlers)"}
{"level":"debug","ts":1696419150.86423,"msg":"HERTZ: Method=GET    absolutePath=/api/v1/info              --> handlerName=github.com/chuxin0816/bluebell/controller.InfoHandler (num=3 handlers)"}
{"level":"debug","ts":1696419150.870362,"msg":"HERTZ: Method=GET    absolutePath=/api/v1/community/        --> handlerName=github.com/chuxin0816/bluebell/controller.ICommunityController.List-fm (num=2 handlers)"}
{"level":"debug","ts":1696419150.870385,"msg":"HERTZ: Method=GET    absolutePath=/api/v1/community/:id     --> handlerName=github.com/chuxin0816/bluebell/controller.ICommunityController.Show-fm (num=2 handlers)"}
{"level":"debug","ts":1696419150.8735511,"msg":"HERTZ: Method=GET    absolutePath=/api/v1/post/:id          --> handlerName=github.com/chuxin0816/bluebell/controller.IPostController.Show-fm (num=2 handlers)"}
{"level":"debug","ts":1696419150.87358,"msg":"HERTZ: Method=GET    absolutePath=/api/v1/posts2            --> handlerName=github.com/chuxin0816/bluebell/controller.IPostController.List-fm (num=2 handlers)"}
{"level":"debug","ts":1696419150.8735921,"msg":"HERTZ: Method=POST   absolutePath=/api/v1/post              --> handlerName=github.com/chuxin0816/bluebell/controller.IPostController.Create-fm (num=3 handlers)"}
{"level":"debug","ts":1696419150.873603,"msg":"HERTZ: Method=POST   absolutePath=/api/v1/vote              --> handlerName=github.com/chuxin0816/bluebell/controller.IPostController.Vote-fm (num=3 handlers)"}
{"level":"info","ts":1696419150.873751,"msg":"HERTZ: Using network library=netpoll"}
{"level":"info","ts":1696419150.873842,"msg":"HERTZ: HTTP server listening on address=127.0.0.1:8888"}
